Clock Speed: 6
Event: Internal Event	Global Time: 1457809535.04	LC: 1
Event: Internal Event	Global Time: 1457809535.21	LC: 2
Event: Internal Event	Global Time: 1457809535.37	LC: 3
Event: Send to VM 2	Global Time: 1457809535.54	LC: 4
Event: Send to VM 2	Global Time: 1457809535.71	LC: 5
Event: Receive	Global Time: 1457809535.88	MsgQueue Length: 0	LC: 6
Event: Receive	Global Time: 1457809536.04	MsgQueue Length: 1	LC: 7
Event: Receive	Global Time: 1457809536.21	MsgQueue Length: 1	LC: 8
Event: Receive	Global Time: 1457809536.38	MsgQueue Length: 0	LC: 9
Event: Receive	Global Time: 1457809536.54	MsgQueue Length: 1	LC: 10
Event: Receive	Global Time: 1457809536.71	MsgQueue Length: 0	LC: 11
Event: Receive	Global Time: 1457809536.88	MsgQueue Length: 1	LC: 12
Event: Receive	Global Time: 1457809537.05	MsgQueue Length: 1	LC: 13
Event: Receive	Global Time: 1457809537.21	MsgQueue Length: 1	LC: 14
Event: Receive	Global Time: 1457809537.38	MsgQueue Length: 1	LC: 15
Event: Receive	Global Time: 1457809537.55	MsgQueue Length: 2	LC: 16
Event: Receive	Global Time: 1457809537.71	MsgQueue Length: 1	LC: 17
Event: Receive	Global Time: 1457809537.88	MsgQueue Length: 1	LC: 18
Event: Receive	Global Time: 1457809538.05	MsgQueue Length: 0	LC: 19
Event: Send to VMs 1 and 2	Global Time: 1457809538.21	LC: 20
Event: Receive	Global Time: 1457809538.38	MsgQueue Length: 0	LC: 21
Event: Send to VMs 1 and 2	Global Time: 1457809538.55	LC: 22
Event: Receive	Global Time: 1457809538.72	MsgQueue Length: 0	LC: 23
Event: Send to VM 2	Global Time: 1457809538.88	LC: 24
Event: Receive	Global Time: 1457809539.05	MsgQueue Length: 1	LC: 25
Event: Receive	Global Time: 1457809539.22	MsgQueue Length: 0	LC: 26
Event: Send to VMs 1 and 2	Global Time: 1457809539.38	LC: 27
Event: Receive	Global Time: 1457809539.55	MsgQueue Length: 0	LC: 28
Event: Receive	Global Time: 1457809539.72	MsgQueue Length: 0	LC: 29
Event: Send to VMs 1 and 2	Global Time: 1457809539.88	LC: 30
Event: Receive	Global Time: 1457809540.05	MsgQueue Length: 0	LC: 31
Event: Send to VM 1	Global Time: 1457809540.22	LC: 32
Event: Internal Event	Global Time: 1457809540.39	LC: 33
Event: Receive	Global Time: 1457809540.55	MsgQueue Length: 0	LC: 34
Event: Receive	Global Time: 1457809540.72	MsgQueue Length: 0	LC: 35
Event: Send to VMs 1 and 2	Global Time: 1457809540.89	LC: 36
Event: Receive	Global Time: 1457809541.05	MsgQueue Length: 1	LC: 37
Event: Receive	Global Time: 1457809541.22	MsgQueue Length: 0	LC: 38
Event: Send to VMs 1 and 2	Global Time: 1457809541.39	LC: 39
Event: Receive	Global Time: 1457809541.55	MsgQueue Length: 1	LC: 40
Event: Receive	Global Time: 1457809541.72	MsgQueue Length: 0	LC: 41
Event: Send to VM 1	Global Time: 1457809541.89	LC: 42
Event: Receive	Global Time: 1457809542.06	MsgQueue Length: 0	LC: 43
Event: Send to VMs 1 and 2	Global Time: 1457809542.22	LC: 44
Event: Send to VM 2	Global Time: 1457809542.39	LC: 45
Event: Send to VMs 1 and 2	Global Time: 1457809542.56	LC: 46
Event: Send to VM 1	Global Time: 1457809542.72	LC: 47
Event: Send to VMs 1 and 2	Global Time: 1457809542.89	LC: 48
Event: Send to VMs 1 and 2	Global Time: 1457809543.06	LC: 49
Event: Send to VM 2	Global Time: 1457809543.22	LC: 50
Event: Send to VM 2	Global Time: 1457809543.39	LC: 51
Event: Receive	Global Time: 1457809543.56	MsgQueue Length: 0	LC: 52
Event: Receive	Global Time: 1457809543.73	MsgQueue Length: 0	LC: 53
Event: Internal Event	Global Time: 1457809543.89	LC: 54
Event: Send to VM 1	Global Time: 1457809544.06	LC: 55
Event: Internal Event	Global Time: 1457809544.23	LC: 56
Event: Internal Event	Global Time: 1457809544.39	LC: 57
Event: Internal Event	Global Time: 1457809544.56	LC: 58
Event: Send to VM 2	Global Time: 1457809544.73	LC: 59
Event: Send to VM 2	Global Time: 1457809544.9	LC: 60
Event: Receive	Global Time: 1457809545.06	MsgQueue Length: 0	LC: 61
Event: Receive	Global Time: 1457809545.23	MsgQueue Length: 1	LC: 62
Event: Receive	Global Time: 1457809545.4	MsgQueue Length: 0	LC: 63
Event: Receive	Global Time: 1457809545.56	MsgQueue Length: 0	LC: 64
Event: Receive	Global Time: 1457809545.73	MsgQueue Length: 0	LC: 65
Event: Send to VMs 1 and 2	Global Time: 1457809545.9	LC: 66
Event: Internal Event	Global Time: 1457809546.06	LC: 67
Event: Receive	Global Time: 1457809546.23	MsgQueue Length: 0	LC: 68
Event: Receive	Global Time: 1457809546.4	MsgQueue Length: 0	LC: 69
Event: Receive	Global Time: 1457809546.57	MsgQueue Length: 0	LC: 70
Event: Send to VM 1	Global Time: 1457809546.73	LC: 71
Event: Send to VM 2	Global Time: 1457809546.9	LC: 72
Event: Send to VMs 1 and 2	Global Time: 1457809547.07	LC: 73
Event: Internal Event	Global Time: 1457809547.23	LC: 74
Event: Receive	Global Time: 1457809547.4	MsgQueue Length: 1	LC: 75
Event: Receive	Global Time: 1457809547.57	MsgQueue Length: 1	LC: 76
Event: Receive	Global Time: 1457809547.73	MsgQueue Length: 1	LC: 77
Event: Receive	Global Time: 1457809547.9	MsgQueue Length: 1	LC: 78
Event: Receive	Global Time: 1457809548.07	MsgQueue Length: 0	LC: 79
Event: Send to VM 2	Global Time: 1457809548.24	LC: 80
Event: Send to VM 1	Global Time: 1457809548.4	LC: 81
Event: Send to VMs 1 and 2	Global Time: 1457809548.57	LC: 82
Event: Send to VM 1	Global Time: 1457809548.74	LC: 83
Event: Internal Event	Global Time: 1457809548.9	LC: 84
Event: Receive	Global Time: 1457809549.07	MsgQueue Length: 0	LC: 85
Event: Internal Event	Global Time: 1457809549.24	LC: 86
Event: Receive	Global Time: 1457809549.41	MsgQueue Length: 1	LC: 87
Event: Receive	Global Time: 1457809549.57	MsgQueue Length: 1	LC: 88
Event: Receive	Global Time: 1457809549.74	MsgQueue Length: 0	LC: 89
Event: Receive	Global Time: 1457809549.91	MsgQueue Length: 0	LC: 90
Event: Send to VM 1	Global Time: 1457809550.07	LC: 91
Event: Receive	Global Time: 1457809550.24	MsgQueue Length: 0	LC: 92
Event: Receive	Global Time: 1457809550.41	MsgQueue Length: 0	LC: 93
Event: Send to VMs 1 and 2	Global Time: 1457809550.57	LC: 94
Event: Send to VM 2	Global Time: 1457809550.74	LC: 95
Event: Send to VMs 1 and 2	Global Time: 1457809550.91	LC: 96
Event: Receive	Global Time: 1457809551.08	MsgQueue Length: 0	LC: 97
Event: Internal Event	Global Time: 1457809551.24	LC: 98
Event: Send to VMs 1 and 2	Global Time: 1457809551.41	LC: 99
Event: Internal Event	Global Time: 1457809551.58	LC: 100
Event: Send to VM 2	Global Time: 1457809551.74	LC: 101
Event: Receive	Global Time: 1457809551.91	MsgQueue Length: 0	LC: 102
Event: Receive	Global Time: 1457809552.08	MsgQueue Length: 1	LC: 103
Event: Receive	Global Time: 1457809552.24	MsgQueue Length: 1	LC: 104
Event: Receive	Global Time: 1457809552.41	MsgQueue Length: 0	LC: 105
Event: Send to VM 2	Global Time: 1457809552.58	LC: 106
Event: Receive	Global Time: 1457809552.75	MsgQueue Length: 0	LC: 107
Event: Send to VM 1	Global Time: 1457809552.91	LC: 108
Event: Send to VM 1	Global Time: 1457809553.08	LC: 109
Event: Send to VMs 1 and 2	Global Time: 1457809553.25	LC: 110
Event: Receive	Global Time: 1457809553.41	MsgQueue Length: 0	LC: 111
Event: Receive	Global Time: 1457809553.58	MsgQueue Length: 0	LC: 112
Event: Send to VM 1	Global Time: 1457809553.75	LC: 113
Event: Receive	Global Time: 1457809553.92	MsgQueue Length: 0	LC: 114
Event: Send to VM 1	Global Time: 1457809554.08	LC: 115
Event: Internal Event	Global Time: 1457809554.25	LC: 116
Event: Receive	Global Time: 1457809554.42	MsgQueue Length: 0	LC: 117
Event: Receive	Global Time: 1457809554.58	MsgQueue Length: 0	LC: 118
Event: Receive	Global Time: 1457809554.75	MsgQueue Length: 0	LC: 119
Event: Send to VM 1	Global Time: 1457809554.92	LC: 120
Event: Send to VM 1	Global Time: 1457809555.08	LC: 121
Event: Internal Event	Global Time: 1457809555.25	LC: 122
Event: Receive	Global Time: 1457809555.42	MsgQueue Length: 0	LC: 123
Event: Send to VM 2	Global Time: 1457809555.59	LC: 124
Event: Internal Event	Global Time: 1457809555.75	LC: 125
Event: Receive	Global Time: 1457809555.92	MsgQueue Length: 0	LC: 126
Event: Send to VM 1	Global Time: 1457809556.09	LC: 127
Event: Receive	Global Time: 1457809556.25	MsgQueue Length: 0	LC: 128
Event: Internal Event	Global Time: 1457809556.42	LC: 129
Event: Receive	Global Time: 1457809556.59	MsgQueue Length: 0	LC: 130
Event: Receive	Global Time: 1457809556.75	MsgQueue Length: 0	LC: 131
Event: Receive	Global Time: 1457809556.92	MsgQueue Length: 0	LC: 132
Event: Receive	Global Time: 1457809557.09	MsgQueue Length: 0	LC: 133
Event: Send to VMs 1 and 2	Global Time: 1457809557.26	LC: 134
Event: Receive	Global Time: 1457809557.42	MsgQueue Length: 0	LC: 135
Event: Internal Event	Global Time: 1457809557.59	LC: 136
Event: Receive	Global Time: 1457809557.76	MsgQueue Length: 1	LC: 137
Event: Receive	Global Time: 1457809557.92	MsgQueue Length: 2	LC: 138
Event: Receive	Global Time: 1457809558.09	MsgQueue Length: 2	LC: 139
Event: Receive	Global Time: 1457809558.26	MsgQueue Length: 2	LC: 140
Event: Receive	Global Time: 1457809558.42	MsgQueue Length: 2	LC: 141
Event: Receive	Global Time: 1457809558.59	MsgQueue Length: 1	LC: 142
Event: Receive	Global Time: 1457809558.76	MsgQueue Length: 0	LC: 143
Event: Send to VM 1	Global Time: 1457809558.93	LC: 144
Event: Receive	Global Time: 1457809559.09	MsgQueue Length: 0	LC: 145
Event: Receive	Global Time: 1457809559.26	MsgQueue Length: 0	LC: 146
Event: Receive	Global Time: 1457809559.43	MsgQueue Length: 0	LC: 147
Event: Receive	Global Time: 1457809559.59	MsgQueue Length: 0	LC: 148
Event: Send to VM 2	Global Time: 1457809559.76	LC: 149
Event: Send to VMs 1 and 2	Global Time: 1457809559.93	LC: 150
Event: Send to VMs 1 and 2	Global Time: 1457809560.09	LC: 151
Event: Send to VMs 1 and 2	Global Time: 1457809560.26	LC: 152
Event: Send to VMs 1 and 2	Global Time: 1457809560.43	LC: 153
Event: Send to VM 1	Global Time: 1457809560.6	LC: 154
Event: Send to VM 1	Global Time: 1457809560.76	LC: 155
Event: Receive	Global Time: 1457809560.93	MsgQueue Length: 0	LC: 156
Event: Send to VM 2	Global Time: 1457809561.1	LC: 157
Event: Send to VMs 1 and 2	Global Time: 1457809561.26	LC: 158
Event: Receive	Global Time: 1457809561.43	MsgQueue Length: 0	LC: 159
Event: Send to VM 1	Global Time: 1457809561.6	LC: 160
Event: Receive	Global Time: 1457809561.76	MsgQueue Length: 0	LC: 161
Event: Send to VM 2	Global Time: 1457809561.93	LC: 162
Event: Send to VM 1	Global Time: 1457809562.1	LC: 163
Event: Send to VM 2	Global Time: 1457809562.27	LC: 164
Event: Send to VMs 1 and 2	Global Time: 1457809562.43	LC: 165
Event: Receive	Global Time: 1457809562.6	MsgQueue Length: 0	LC: 166
Event: Receive	Global Time: 1457809562.77	MsgQueue Length: 0	LC: 167
Event: Send to VM 2	Global Time: 1457809562.93	LC: 168
Event: Internal Event	Global Time: 1457809563.1	LC: 169
Event: Receive	Global Time: 1457809563.27	MsgQueue Length: 1	LC: 170
Event: Receive	Global Time: 1457809563.44	MsgQueue Length: 1	LC: 171
Event: Receive	Global Time: 1457809563.6	MsgQueue Length: 1	LC: 172
Event: Receive	Global Time: 1457809563.77	MsgQueue Length: 0	LC: 173
Event: Send to VM 2	Global Time: 1457809563.94	LC: 174
Event: Receive	Global Time: 1457809564.1	MsgQueue Length: 0	LC: 175
Event: Send to VM 1	Global Time: 1457809564.27	LC: 176
Event: Internal Event	Global Time: 1457809564.44	LC: 177
Event: Send to VMs 1 and 2	Global Time: 1457809564.6	LC: 178
Event: Send to VM 2	Global Time: 1457809564.77	LC: 179
Event: Send to VMs 1 and 2	Global Time: 1457809564.94	LC: 180
Event: Send to VM 2	Global Time: 1457809565.11	LC: 181
Event: Send to VM 2	Global Time: 1457809565.27	LC: 182
Event: Receive	Global Time: 1457809565.44	MsgQueue Length: 1	LC: 183
Event: Receive	Global Time: 1457809565.61	MsgQueue Length: 1	LC: 184
Event: Receive	Global Time: 1457809565.77	MsgQueue Length: 1	LC: 185
Event: Receive	Global Time: 1457809565.94	MsgQueue Length: 2	LC: 186
Event: Receive	Global Time: 1457809566.11	MsgQueue Length: 1	LC: 187
Event: Receive	Global Time: 1457809566.27	MsgQueue Length: 0	LC: 188
Event: Receive	Global Time: 1457809566.44	MsgQueue Length: 1	LC: 189
Event: Receive	Global Time: 1457809566.61	MsgQueue Length: 1	LC: 190
Event: Receive	Global Time: 1457809566.78	MsgQueue Length: 0	LC: 191
Event: Send to VM 1	Global Time: 1457809566.94	LC: 192
Event: Send to VM 2	Global Time: 1457809567.11	LC: 193
Event: Receive	Global Time: 1457809567.28	MsgQueue Length: 0	LC: 194
Event: Send to VM 1	Global Time: 1457809567.44	LC: 195
Event: Send to VM 1	Global Time: 1457809567.61	LC: 196
Event: Receive	Global Time: 1457809567.78	MsgQueue Length: 0	LC: 197
Event: Receive	Global Time: 1457809567.95	MsgQueue Length: 0	LC: 198
Event: Send to VM 1	Global Time: 1457809568.11	LC: 199
Event: Receive	Global Time: 1457809568.28	MsgQueue Length: 1	LC: 200
Event: Receive	Global Time: 1457809568.45	MsgQueue Length: 0	LC: 201
Event: Receive	Global Time: 1457809568.61	MsgQueue Length: 0	LC: 202
Event: Send to VMs 1 and 2	Global Time: 1457809568.78	LC: 203
Event: Internal Event	Global Time: 1457809568.95	LC: 204
Event: Send to VM 2	Global Time: 1457809569.11	LC: 205
Event: Send to VM 1	Global Time: 1457809569.28	LC: 206
Event: Send to VM 1	Global Time: 1457809569.45	LC: 207
Event: Receive	Global Time: 1457809569.62	MsgQueue Length: 0	LC: 208
Event: Send to VM 2	Global Time: 1457809569.78	LC: 209
Event: Receive	Global Time: 1457809569.95	MsgQueue Length: 0	LC: 210
Event: Internal Event	Global Time: 1457809570.12	LC: 211
Event: Receive	Global Time: 1457809570.28	MsgQueue Length: 1	LC: 212
Event: Receive	Global Time: 1457809570.45	MsgQueue Length: 0	LC: 213
Event: Send to VM 2	Global Time: 1457809570.62	LC: 214
Event: Receive	Global Time: 1457809570.78	MsgQueue Length: 0	LC: 215
Event: Send to VM 1	Global Time: 1457809570.95	LC: 216
Event: Send to VM 2	Global Time: 1457809571.12	LC: 217
Event: Send to VM 1	Global Time: 1457809571.29	LC: 218
Event: Receive	Global Time: 1457809571.45	MsgQueue Length: 0	LC: 219
Event: Internal Event	Global Time: 1457809571.62	LC: 220
Event: Internal Event	Global Time: 1457809571.79	LC: 221
Event: Receive	Global Time: 1457809571.95	MsgQueue Length: 1	LC: 222
Event: Receive	Global Time: 1457809572.12	MsgQueue Length: 2	LC: 223
Event: Receive	Global Time: 1457809572.29	MsgQueue Length: 2	LC: 224
Event: Receive	Global Time: 1457809572.45	MsgQueue Length: 3	LC: 225
Event: Receive	Global Time: 1457809572.62	MsgQueue Length: 2	LC: 226
Event: Receive	Global Time: 1457809572.79	MsgQueue Length: 1	LC: 227
Event: Receive	Global Time: 1457809572.96	MsgQueue Length: 0	LC: 228
Event: Send to VMs 1 and 2	Global Time: 1457809573.12	LC: 229
Event: Receive	Global Time: 1457809573.29	MsgQueue Length: 0	LC: 230
Event: Send to VM 2	Global Time: 1457809573.46	LC: 231
Event: Send to VMs 1 and 2	Global Time: 1457809573.62	LC: 232
Event: Send to VM 1	Global Time: 1457809573.79	LC: 233
Event: Send to VM 1	Global Time: 1457809573.96	LC: 234
Event: Send to VMs 1 and 2	Global Time: 1457809574.12	LC: 235
Event: Internal Event	Global Time: 1457809574.29	LC: 236
Event: Receive	Global Time: 1457809574.46	MsgQueue Length: 0	LC: 237
Event: Receive	Global Time: 1457809574.63	MsgQueue Length: 1	LC: 238
Event: Receive	Global Time: 1457809574.79	MsgQueue Length: 0	LC: 239
Event: Send to VM 1	Global Time: 1457809574.96	LC: 240
Event: Receive	Global Time: 1457809575.13	MsgQueue Length: 0	LC: 241
Event: Send to VMs 1 and 2	Global Time: 1457809575.29	LC: 242
Event: Receive	Global Time: 1457809575.46	MsgQueue Length: 0	LC: 243
Event: Internal Event	Global Time: 1457809575.63	LC: 244
Event: Send to VM 1	Global Time: 1457809575.8	LC: 245
Event: Send to VM 1	Global Time: 1457809575.96	LC: 246
Event: Receive	Global Time: 1457809576.13	MsgQueue Length: 1	LC: 247
Event: Receive	Global Time: 1457809576.3	MsgQueue Length: 0	LC: 248
Event: Receive	Global Time: 1457809576.46	MsgQueue Length: 0	LC: 249
Event: Receive	Global Time: 1457809576.63	MsgQueue Length: 0	LC: 250
Event: Internal Event	Global Time: 1457809576.8	LC: 251
Event: Receive	Global Time: 1457809576.96	MsgQueue Length: 1	LC: 252
Event: Receive	Global Time: 1457809577.13	MsgQueue Length: 0	LC: 253
Event: Send to VMs 1 and 2	Global Time: 1457809577.3	LC: 254
Event: Receive	Global Time: 1457809577.47	MsgQueue Length: 0	LC: 255
Event: Receive	Global Time: 1457809577.63	MsgQueue Length: 0	LC: 256
Event: Receive	Global Time: 1457809577.8	MsgQueue Length: 0	LC: 257
Event: Send to VM 1	Global Time: 1457809577.97	LC: 258
Event: Send to VM 2	Global Time: 1457809578.13	LC: 259
Event: Send to VM 1	Global Time: 1457809578.3	LC: 260
Event: Send to VM 1	Global Time: 1457809578.47	LC: 261
Event: Receive	Global Time: 1457809578.64	MsgQueue Length: 0	LC: 262
Event: Send to VMs 1 and 2	Global Time: 1457809578.8	LC: 263
Event: Send to VM 2	Global Time: 1457809578.97	LC: 264
Event: Send to VM 1	Global Time: 1457809579.14	LC: 265
Event: Receive	Global Time: 1457809579.3	MsgQueue Length: 1	LC: 266
Event: Receive	Global Time: 1457809579.47	MsgQueue Length: 1	LC: 267
Event: Receive	Global Time: 1457809579.64	MsgQueue Length: 0	LC: 268
Event: Send to VM 2	Global Time: 1457809579.8	LC: 269
Event: Receive	Global Time: 1457809579.97	MsgQueue Length: 1	LC: 270
Event: Receive	Global Time: 1457809580.14	MsgQueue Length: 0	LC: 271
Event: Send to VMs 1 and 2	Global Time: 1457809580.31	LC: 272
Event: Send to VMs 1 and 2	Global Time: 1457809580.47	LC: 273
Event: Internal Event	Global Time: 1457809580.64	LC: 274
Event: Internal Event	Global Time: 1457809580.81	LC: 275
Event: Internal Event	Global Time: 1457809580.97	LC: 276
Event: Internal Event	Global Time: 1457809581.14	LC: 277
Event: Internal Event	Global Time: 1457809581.31	LC: 278
Event: Receive	Global Time: 1457809581.48	MsgQueue Length: 0	LC: 279
Event: Receive	Global Time: 1457809581.64	MsgQueue Length: 0	LC: 280
Event: Internal Event	Global Time: 1457809581.81	LC: 281
Event: Receive	Global Time: 1457809581.98	MsgQueue Length: 1	LC: 282
Event: Receive	Global Time: 1457809582.14	MsgQueue Length: 1	LC: 283
Event: Receive	Global Time: 1457809582.31	MsgQueue Length: 1	LC: 284
Event: Receive	Global Time: 1457809582.48	MsgQueue Length: 0	LC: 285
Event: Send to VM 1	Global Time: 1457809582.65	LC: 286
Event: Receive	Global Time: 1457809582.81	MsgQueue Length: 0	LC: 287
Event: Send to VM 2	Global Time: 1457809582.98	LC: 288
Event: Send to VM 1	Global Time: 1457809583.15	LC: 289
Event: Send to VMs 1 and 2	Global Time: 1457809583.31	LC: 290
Event: Send to VM 1	Global Time: 1457809583.48	LC: 291
Event: Receive	Global Time: 1457809583.65	MsgQueue Length: 0	LC: 292
Event: Send to VM 2	Global Time: 1457809583.81	LC: 293
Event: Send to VM 2	Global Time: 1457809583.98	LC: 294
Event: Send to VM 2	Global Time: 1457809584.15	LC: 295
Event: Receive	Global Time: 1457809584.32	MsgQueue Length: 1	LC: 296
Event: Receive	Global Time: 1457809584.48	MsgQueue Length: 1	LC: 297
Event: Receive	Global Time: 1457809584.65	MsgQueue Length: 0	LC: 298
Event: Send to VMs 1 and 2	Global Time: 1457809584.82	LC: 299
Event: Internal Event	Global Time: 1457809584.98	LC: 300
Event: Send to VM 2	Global Time: 1457809585.15	LC: 301
Event: Send to VM 2	Global Time: 1457809585.32	LC: 302
Event: Receive	Global Time: 1457809585.48	MsgQueue Length: 1	LC: 303
Event: Receive	Global Time: 1457809585.65	MsgQueue Length: 0	LC: 304
Event: Receive	Global Time: 1457809585.82	MsgQueue Length: 1	LC: 305
Event: Receive	Global Time: 1457809585.99	MsgQueue Length: 1	LC: 306
Event: Receive	Global Time: 1457809586.15	MsgQueue Length: 1	LC: 307
Event: Receive	Global Time: 1457809586.32	MsgQueue Length: 0	LC: 308
Event: Send to VM 2	Global Time: 1457809586.49	LC: 309
Event: Internal Event	Global Time: 1457809586.65	LC: 310
Event: Receive	Global Time: 1457809586.82	MsgQueue Length: 0	LC: 311
Event: Send to VM 1	Global Time: 1457809586.99	LC: 312
Event: Send to VM 1	Global Time: 1457809587.16	LC: 313
Event: Receive	Global Time: 1457809587.32	MsgQueue Length: 0	LC: 314
Event: Receive	Global Time: 1457809587.49	MsgQueue Length: 0	LC: 315
Event: Send to VMs 1 and 2	Global Time: 1457809587.66	LC: 316
Event: Internal Event	Global Time: 1457809587.82	LC: 317
Event: Receive	Global Time: 1457809587.99	MsgQueue Length: 0	LC: 318
Event: Send to VM 1	Global Time: 1457809588.16	LC: 319
Event: Send to VM 1	Global Time: 1457809588.32	LC: 320
Event: Receive	Global Time: 1457809588.49	MsgQueue Length: 1	LC: 321
Event: Receive	Global Time: 1457809588.66	MsgQueue Length: 1	LC: 322
Event: Receive	Global Time: 1457809588.83	MsgQueue Length: 0	LC: 323
Event: Send to VM 2	Global Time: 1457809588.99	LC: 324
Event: Internal Event	Global Time: 1457809589.16	LC: 325
Event: Receive	Global Time: 1457809589.33	MsgQueue Length: 1	LC: 326
Event: Receive	Global Time: 1457809589.49	MsgQueue Length: 1	LC: 327
Event: Receive	Global Time: 1457809589.66	MsgQueue Length: 0	LC: 328
Event: Send to VMs 1 and 2	Global Time: 1457809589.83	LC: 329
Event: Send to VMs 1 and 2	Global Time: 1457809589.99	LC: 330
Event: Send to VMs 1 and 2	Global Time: 1457809590.16	LC: 331
Event: Internal Event	Global Time: 1457809590.33	LC: 332
Event: Send to VM 2	Global Time: 1457809590.5	LC: 333
Event: Send to VM 2	Global Time: 1457809590.66	LC: 334
Event: Receive	Global Time: 1457809590.83	MsgQueue Length: 0	LC: 335
Event: Receive	Global Time: 1457809591.0	MsgQueue Length: 1	LC: 336
Event: Receive	Global Time: 1457809591.16	MsgQueue Length: 1	LC: 337
Event: Receive	Global Time: 1457809591.33	MsgQueue Length: 1	LC: 338
Event: Receive	Global Time: 1457809591.5	MsgQueue Length: 2	LC: 339
Event: Receive	Global Time: 1457809591.67	MsgQueue Length: 1	LC: 340
Event: Receive	Global Time: 1457809591.83	MsgQueue Length: 0	LC: 341
Event: Receive	Global Time: 1457809592.0	MsgQueue Length: 0	LC: 342
Event: Send to VM 2	Global Time: 1457809592.17	LC: 343
Event: Receive	Global Time: 1457809592.33	MsgQueue Length: 0	LC: 344
Event: Receive	Global Time: 1457809592.5	MsgQueue Length: 0	LC: 345
Event: Receive	Global Time: 1457809592.67	MsgQueue Length: 0	LC: 346
Event: Send to VMs 1 and 2	Global Time: 1457809592.84	LC: 347
Event: Send to VM 1	Global Time: 1457809593.0	LC: 348
Event: Receive	Global Time: 1457809593.17	MsgQueue Length: 0	LC: 349
Event: Receive	Global Time: 1457809593.34	MsgQueue Length: 0	LC: 350
Event: Internal Event	Global Time: 1457809593.5	LC: 351
Event: Send to VM 1	Global Time: 1457809593.67	LC: 352
Event: Send to VMs 1 and 2	Global Time: 1457809593.84	LC: 353
Event: Send to VMs 1 and 2	Global Time: 1457809594.0	LC: 354
Event: Send to VMs 1 and 2	Global Time: 1457809594.17	LC: 355
Event: Internal Event	Global Time: 1457809594.34	LC: 356
Event: Receive	Global Time: 1457809594.51	MsgQueue Length: 0	LC: 357
Event: Internal Event	Global Time: 1457809594.67	LC: 358
Event: Send to VM 2	Global Time: 1457809594.84	LC: 359
