Clock Speed: 2
Event: Internal Event	Global Time: 1457813412.56	LC: 1
Event: Internal Event	Global Time: 1457813413.06	LC: 2
Event: Receive	Global Time: 1457813413.56	MsgQueue Length: 2	LC: 6
Event: Receive	Global Time: 1457813414.07	MsgQueue Length: 1	LC: 7
Event: Receive	Global Time: 1457813414.57	MsgQueue Length: 2	LC: 8
Event: Receive	Global Time: 1457813415.07	MsgQueue Length: 1	LC: 12
Event: Receive	Global Time: 1457813415.57	MsgQueue Length: 2	LC: 16
Event: Receive	Global Time: 1457813416.07	MsgQueue Length: 2	LC: 17
Event: Receive	Global Time: 1457813416.57	MsgQueue Length: 2	LC: 19
Event: Receive	Global Time: 1457813417.07	MsgQueue Length: 1	LC: 20
Event: Internal Event	Global Time: 1457813417.57	LC: 21
Event: Internal Event	Global Time: 1457813418.07	LC: 22
Event: Receive	Global Time: 1457813418.57	MsgQueue Length: 2	LC: 25
Event: Receive	Global Time: 1457813419.07	MsgQueue Length: 1	LC: 26
Event: Receive	Global Time: 1457813419.57	MsgQueue Length: 1	LC: 35
Event: Send to VM 2	Global Time: 1457813420.07	LC: 36
Event: Receive	Global Time: 1457813420.57	MsgQueue Length: 1	LC: 38
Event: Internal Event	Global Time: 1457813421.08	LC: 39
Event: Receive	Global Time: 1457813421.58	MsgQueue Length: 2	LC: 40
Event: Receive	Global Time: 1457813422.08	MsgQueue Length: 2	LC: 47
Event: Receive	Global Time: 1457813422.58	MsgQueue Length: 2	LC: 48
Event: Receive	Global Time: 1457813423.08	MsgQueue Length: 1	LC: 52
Event: Internal Event	Global Time: 1457813423.58	LC: 53
Event: Receive	Global Time: 1457813424.08	MsgQueue Length: 1	LC: 58
Event: Receive	Global Time: 1457813424.58	MsgQueue Length: 1	LC: 61
Event: Receive	Global Time: 1457813425.08	MsgQueue Length: 1	LC: 64
Event: Receive	Global Time: 1457813425.58	MsgQueue Length: 1	LC: 65
Event: Send to VMs 1 and 2	Global Time: 1457813426.08	LC: 66
Event: Receive	Global Time: 1457813426.58	MsgQueue Length: 1	LC: 72
Event: Send to VM 1	Global Time: 1457813427.09	LC: 73
Event: Internal Event	Global Time: 1457813427.59	LC: 74
Event: Receive	Global Time: 1457813428.09	MsgQueue Length: 1	LC: 78
Event: Receive	Global Time: 1457813428.59	MsgQueue Length: 1	LC: 81
Event: Internal Event	Global Time: 1457813429.09	LC: 82
Event: Receive	Global Time: 1457813429.59	MsgQueue Length: 1	LC: 83
Event: Receive	Global Time: 1457813430.09	MsgQueue Length: 1	LC: 84
Event: Receive	Global Time: 1457813430.6	MsgQueue Length: 1	LC: 91
Event: Internal Event	Global Time: 1457813431.1	LC: 92
Event: Send to VM 2	Global Time: 1457813431.6	LC: 93
Event: Send to VMs 1 and 2	Global Time: 1457813432.1	LC: 94
Event: Internal Event	Global Time: 1457813432.6	LC: 95
Event: Receive	Global Time: 1457813433.1	MsgQueue Length: 2	LC: 103
Event: Receive	Global Time: 1457813433.6	MsgQueue Length: 1	LC: 104
Event: Receive	Global Time: 1457813434.1	MsgQueue Length: 3	LC: 108
Event: Receive	Global Time: 1457813434.6	MsgQueue Length: 3	LC: 109
Event: Receive	Global Time: 1457813435.1	MsgQueue Length: 2	LC: 110
Event: Receive	Global Time: 1457813435.6	MsgQueue Length: 1	LC: 111
Event: Receive	Global Time: 1457813436.1	MsgQueue Length: 2	LC: 114
Event: Receive	Global Time: 1457813436.6	MsgQueue Length: 1	LC: 119
Event: Receive	Global Time: 1457813437.1	MsgQueue Length: 1	LC: 120
Event: Receive	Global Time: 1457813437.61	MsgQueue Length: 1	LC: 126
Event: Internal Event	Global Time: 1457813438.11	LC: 127
Event: Receive	Global Time: 1457813438.61	MsgQueue Length: 1	LC: 128
Event: Internal Event	Global Time: 1457813439.11	LC: 129
Event: Receive	Global Time: 1457813439.61	MsgQueue Length: 2	LC: 131
Event: Receive	Global Time: 1457813440.11	MsgQueue Length: 1	LC: 132
Event: Send to VMs 1 and 2	Global Time: 1457813440.61	LC: 133
Event: Send to VM 1	Global Time: 1457813441.11	LC: 134
Event: Send to VM 2	Global Time: 1457813441.61	LC: 135
Event: Send to VM 1	Global Time: 1457813442.11	LC: 136
Event: Internal Event	Global Time: 1457813442.61	LC: 137
Event: Receive	Global Time: 1457813443.11	MsgQueue Length: 1	LC: 153
Event: Internal Event	Global Time: 1457813443.61	LC: 154
Event: Internal Event	Global Time: 1457813444.11	LC: 155
Event: Internal Event	Global Time: 1457813444.62	LC: 156
Event: Receive	Global Time: 1457813445.12	MsgQueue Length: 1	LC: 163
Event: Receive	Global Time: 1457813445.62	MsgQueue Length: 1	LC: 166
Event: Internal Event	Global Time: 1457813446.12	LC: 167
Event: Internal Event	Global Time: 1457813446.62	LC: 168
Event: Receive	Global Time: 1457813447.12	MsgQueue Length: 1	LC: 169
Event: Receive	Global Time: 1457813447.62	MsgQueue Length: 2	LC: 176
Event: Receive	Global Time: 1457813448.12	MsgQueue Length: 1	LC: 177
Event: Receive	Global Time: 1457813448.62	MsgQueue Length: 1	LC: 182
Event: Internal Event	Global Time: 1457813449.12	LC: 183
Event: Receive	Global Time: 1457813449.62	MsgQueue Length: 1	LC: 187
Event: Internal Event	Global Time: 1457813450.12	LC: 188
Event: Internal Event	Global Time: 1457813450.62	LC: 189
Event: Internal Event	Global Time: 1457813451.13	LC: 190
Event: Internal Event	Global Time: 1457813451.63	LC: 191
