Clock Speed: 6
Event: Send to VM 1	Global Time: 1457813532.23	LC: 1
Event: Internal Event	Global Time: 1457813532.4	LC: 2
Event: Internal Event	Global Time: 1457813532.57	LC: 3
Event: Receive	Global Time: 1457813532.74	MsgQueue Length: 1	LC: 4
Event: Send to VM 1	Global Time: 1457813532.9	LC: 5
Event: Internal Event	Global Time: 1457813533.07	LC: 6
Event: Internal Event	Global Time: 1457813533.24	LC: 7
Event: Receive	Global Time: 1457813533.4	MsgQueue Length: 1	LC: 8
Event: Send to VMs 1 and 2	Global Time: 1457813533.57	LC: 9
Event: Internal Event	Global Time: 1457813533.74	LC: 10
Event: Send to VM 2	Global Time: 1457813533.9	LC: 11
Event: Send to VM 2	Global Time: 1457813534.07	LC: 12
Event: Send to VMs 1 and 2	Global Time: 1457813534.24	LC: 13
Event: Send to VMs 1 and 2	Global Time: 1457813534.41	LC: 14
Event: Internal Event	Global Time: 1457813534.57	LC: 15
Event: Send to VMs 1 and 2	Global Time: 1457813534.74	LC: 16
Event: Internal Event	Global Time: 1457813534.91	LC: 17
Event: Internal Event	Global Time: 1457813535.07	LC: 18
Event: Internal Event	Global Time: 1457813535.24	LC: 19
Event: Internal Event	Global Time: 1457813535.41	LC: 20
Event: Internal Event	Global Time: 1457813535.57	LC: 21
Event: Send to VMs 1 and 2	Global Time: 1457813535.74	LC: 22
Event: Send to VM 1	Global Time: 1457813535.91	LC: 23
Event: Receive	Global Time: 1457813536.08	MsgQueue Length: 1	LC: 24
Event: Internal Event	Global Time: 1457813536.24	LC: 25
Event: Receive	Global Time: 1457813536.41	MsgQueue Length: 1	LC: 26
Event: Send to VM 2	Global Time: 1457813536.58	LC: 27
Event: Internal Event	Global Time: 1457813536.74	LC: 28
Event: Send to VM 1	Global Time: 1457813536.91	LC: 29
Event: Receive	Global Time: 1457813537.08	MsgQueue Length: 1	LC: 30
Event: Send to VM 1	Global Time: 1457813537.24	LC: 31
Event: Send to VM 2	Global Time: 1457813537.41	LC: 32
Event: Send to VM 1	Global Time: 1457813537.58	LC: 33
Event: Internal Event	Global Time: 1457813537.75	LC: 34
Event: Send to VM 2	Global Time: 1457813537.91	LC: 35
Event: Internal Event	Global Time: 1457813538.08	LC: 36
Event: Send to VMs 1 and 2	Global Time: 1457813538.25	LC: 37
Event: Send to VM 2	Global Time: 1457813538.41	LC: 38
Event: Send to VM 2	Global Time: 1457813538.58	LC: 39
Event: Send to VM 1	Global Time: 1457813538.75	LC: 40
Event: Internal Event	Global Time: 1457813538.91	LC: 41
Event: Send to VMs 1 and 2	Global Time: 1457813539.08	LC: 42
Event: Internal Event	Global Time: 1457813539.25	LC: 43
Event: Send to VM 2	Global Time: 1457813539.42	LC: 44
Event: Send to VM 2	Global Time: 1457813539.58	LC: 45
Event: Internal Event	Global Time: 1457813539.75	LC: 46
Event: Internal Event	Global Time: 1457813539.92	LC: 47
Event: Internal Event	Global Time: 1457813540.08	LC: 48
Event: Internal Event	Global Time: 1457813540.25	LC: 49
Event: Send to VM 2	Global Time: 1457813540.42	LC: 50
Event: Send to VMs 1 and 2	Global Time: 1457813540.58	LC: 51
Event: Internal Event	Global Time: 1457813540.75	LC: 52
Event: Internal Event	Global Time: 1457813540.92	LC: 53
Event: Receive	Global Time: 1457813541.09	MsgQueue Length: 1	LC: 54
Event: Send to VM 1	Global Time: 1457813541.25	LC: 55
Event: Receive	Global Time: 1457813541.42	MsgQueue Length: 1	LC: 56
Event: Internal Event	Global Time: 1457813541.59	LC: 57
Event: Send to VM 2	Global Time: 1457813541.75	LC: 58
Event: Send to VMs 1 and 2	Global Time: 1457813541.92	LC: 59
Event: Send to VM 1	Global Time: 1457813542.09	LC: 60
Event: Send to VM 2	Global Time: 1457813542.25	LC: 61
Event: Internal Event	Global Time: 1457813542.42	LC: 62
Event: Internal Event	Global Time: 1457813542.59	LC: 63
Event: Internal Event	Global Time: 1457813542.76	LC: 64
Event: Send to VM 2	Global Time: 1457813542.92	LC: 65
Event: Send to VMs 1 and 2	Global Time: 1457813543.09	LC: 66
Event: Send to VM 1	Global Time: 1457813543.26	LC: 67
Event: Internal Event	Global Time: 1457813543.42	LC: 68
Event: Receive	Global Time: 1457813543.59	MsgQueue Length: 1	LC: 69
Event: Internal Event	Global Time: 1457813543.76	LC: 70
Event: Receive	Global Time: 1457813543.93	MsgQueue Length: 1	LC: 71
Event: Internal Event	Global Time: 1457813544.09	LC: 72
Event: Send to VM 2	Global Time: 1457813544.26	LC: 73
Event: Send to VM 2	Global Time: 1457813544.43	LC: 74
Event: Send to VM 1	Global Time: 1457813544.59	LC: 75
Event: Send to VM 1	Global Time: 1457813544.76	LC: 76
Event: Receive	Global Time: 1457813544.93	MsgQueue Length: 1	LC: 77
Event: Internal Event	Global Time: 1457813545.09	LC: 78
Event: Internal Event	Global Time: 1457813545.26	LC: 79
Event: Internal Event	Global Time: 1457813545.43	LC: 80
Event: Send to VM 2	Global Time: 1457813545.6	LC: 81
Event: Send to VMs 1 and 2	Global Time: 1457813545.76	LC: 82
Event: Send to VM 2	Global Time: 1457813545.93	LC: 83
Event: Send to VM 2	Global Time: 1457813546.1	LC: 84
Event: Internal Event	Global Time: 1457813546.26	LC: 85
Event: Internal Event	Global Time: 1457813546.43	LC: 86
Event: Send to VM 1	Global Time: 1457813546.6	LC: 87
Event: Internal Event	Global Time: 1457813546.77	LC: 88
Event: Receive	Global Time: 1457813546.93	MsgQueue Length: 1	LC: 89
Event: Send to VM 2	Global Time: 1457813547.1	LC: 90
Event: Internal Event	Global Time: 1457813547.27	LC: 91
Event: Send to VM 1	Global Time: 1457813547.43	LC: 92
Event: Send to VMs 1 and 2	Global Time: 1457813547.6	LC: 93
Event: Internal Event	Global Time: 1457813547.77	LC: 94
Event: Internal Event	Global Time: 1457813547.93	LC: 95
Event: Receive	Global Time: 1457813548.1	MsgQueue Length: 1	LC: 96
Event: Send to VM 2	Global Time: 1457813548.27	LC: 97
Event: Send to VM 2	Global Time: 1457813548.44	LC: 98
Event: Internal Event	Global Time: 1457813548.6	LC: 99
Event: Send to VM 1	Global Time: 1457813548.77	LC: 100
Event: Send to VM 1	Global Time: 1457813548.94	LC: 101
Event: Receive	Global Time: 1457813549.1	MsgQueue Length: 1	LC: 102
Event: Send to VMs 1 and 2	Global Time: 1457813549.27	LC: 103
Event: Internal Event	Global Time: 1457813549.44	LC: 104
Event: Send to VM 2	Global Time: 1457813549.61	LC: 105
Event: Send to VMs 1 and 2	Global Time: 1457813549.77	LC: 106
Event: Send to VMs 1 and 2	Global Time: 1457813549.94	LC: 107
Event: Internal Event	Global Time: 1457813550.11	LC: 108
Event: Internal Event	Global Time: 1457813550.27	LC: 109
Event: Internal Event	Global Time: 1457813550.44	LC: 110
Event: Send to VM 1	Global Time: 1457813550.61	LC: 111
Event: Internal Event	Global Time: 1457813550.78	LC: 112
Event: Send to VMs 1 and 2	Global Time: 1457813550.94	LC: 113
Event: Send to VM 2	Global Time: 1457813551.11	LC: 114
Event: Send to VMs 1 and 2	Global Time: 1457813551.28	LC: 115
Event: Internal Event	Global Time: 1457813551.44	LC: 116
Event: Internal Event	Global Time: 1457813551.61	LC: 117
Event: Send to VM 2	Global Time: 1457813551.78	LC: 118
Event: Send to VM 2	Global Time: 1457813551.94	LC: 119
Event: Send to VM 2	Global Time: 1457813552.11	LC: 120
Event: Internal Event	Global Time: 1457813552.28	LC: 121
Event: Internal Event	Global Time: 1457813552.45	LC: 122
Event: Internal Event	Global Time: 1457813552.61	LC: 123
Event: Send to VM 2	Global Time: 1457813552.78	LC: 124
Event: Internal Event	Global Time: 1457813552.95	LC: 125
Event: Send to VMs 1 and 2	Global Time: 1457813553.11	LC: 126
Event: Internal Event	Global Time: 1457813553.28	LC: 127
Event: Send to VMs 1 and 2	Global Time: 1457813553.45	LC: 128
Event: Internal Event	Global Time: 1457813553.62	LC: 129
Event: Internal Event	Global Time: 1457813553.78	LC: 130
Event: Internal Event	Global Time: 1457813553.95	LC: 131
Event: Send to VMs 1 and 2	Global Time: 1457813554.12	LC: 132
Event: Send to VM 2	Global Time: 1457813554.28	LC: 133
Event: Internal Event	Global Time: 1457813554.45	LC: 134
Event: Send to VM 2	Global Time: 1457813554.62	LC: 135
Event: Internal Event	Global Time: 1457813554.78	LC: 136
Event: Internal Event	Global Time: 1457813554.95	LC: 137
Event: Send to VMs 1 and 2	Global Time: 1457813555.12	LC: 138
Event: Internal Event	Global Time: 1457813555.29	LC: 139
Event: Send to VM 2	Global Time: 1457813555.45	LC: 140
Event: Send to VM 1	Global Time: 1457813555.62	LC: 141
Event: Send to VMs 1 and 2	Global Time: 1457813555.79	LC: 142
Event: Send to VM 2	Global Time: 1457813555.95	LC: 143
Event: Send to VMs 1 and 2	Global Time: 1457813556.12	LC: 144
Event: Send to VM 1	Global Time: 1457813556.29	LC: 145
Event: Internal Event	Global Time: 1457813556.46	LC: 146
Event: Receive	Global Time: 1457813556.62	MsgQueue Length: 1	LC: 147
Event: Internal Event	Global Time: 1457813556.79	LC: 148
Event: Internal Event	Global Time: 1457813556.96	LC: 149
Event: Send to VM 1	Global Time: 1457813557.12	LC: 150
Event: Internal Event	Global Time: 1457813557.29	LC: 151
Event: Receive	Global Time: 1457813557.46	MsgQueue Length: 1	LC: 152
Event: Internal Event	Global Time: 1457813557.62	LC: 153
Event: Send to VM 1	Global Time: 1457813557.79	LC: 154
Event: Send to VM 1	Global Time: 1457813557.96	LC: 155
Event: Receive	Global Time: 1457813558.13	MsgQueue Length: 1	LC: 156
Event: Internal Event	Global Time: 1457813558.29	LC: 157
Event: Receive	Global Time: 1457813558.46	MsgQueue Length: 1	LC: 158
Event: Internal Event	Global Time: 1457813558.63	LC: 159
Event: Internal Event	Global Time: 1457813558.79	LC: 160
Event: Internal Event	Global Time: 1457813558.96	LC: 161
Event: Internal Event	Global Time: 1457813559.13	LC: 162
Event: Internal Event	Global Time: 1457813559.29	LC: 163
Event: Send to VMs 1 and 2	Global Time: 1457813559.46	LC: 164
Event: Send to VM 2	Global Time: 1457813559.63	LC: 165
Event: Internal Event	Global Time: 1457813559.8	LC: 166
Event: Internal Event	Global Time: 1457813559.96	LC: 167
Event: Send to VM 2	Global Time: 1457813560.13	LC: 168
Event: Send to VM 1	Global Time: 1457813560.3	LC: 169
Event: Internal Event	Global Time: 1457813560.46	LC: 170
Event: Receive	Global Time: 1457813560.63	MsgQueue Length: 1	LC: 171
Event: Send to VM 1	Global Time: 1457813560.8	LC: 172
Event: Receive	Global Time: 1457813560.97	MsgQueue Length: 1	LC: 173
Event: Internal Event	Global Time: 1457813561.13	LC: 174
Event: Send to VM 1	Global Time: 1457813561.3	LC: 175
Event: Send to VM 2	Global Time: 1457813561.47	LC: 176
Event: Internal Event	Global Time: 1457813561.63	LC: 177
Event: Send to VM 2	Global Time: 1457813561.8	LC: 178
Event: Send to VM 2	Global Time: 1457813561.97	LC: 179
Event: Send to VM 1	Global Time: 1457813562.13	LC: 180
Event: Send to VM 1	Global Time: 1457813562.3	LC: 181
Event: Send to VMs 1 and 2	Global Time: 1457813562.47	LC: 182
Event: Internal Event	Global Time: 1457813562.64	LC: 183
Event: Send to VM 2	Global Time: 1457813562.8	LC: 184
Event: Internal Event	Global Time: 1457813562.97	LC: 185
Event: Internal Event	Global Time: 1457813563.14	LC: 186
Event: Internal Event	Global Time: 1457813563.3	LC: 187
Event: Send to VM 2	Global Time: 1457813563.47	LC: 188
Event: Send to VM 2	Global Time: 1457813563.64	LC: 189
Event: Send to VM 2	Global Time: 1457813563.8	LC: 190
Event: Internal Event	Global Time: 1457813563.97	LC: 191
Event: Internal Event	Global Time: 1457813564.14	LC: 192
Event: Send to VM 2	Global Time: 1457813564.31	LC: 193
Event: Internal Event	Global Time: 1457813564.47	LC: 194
Event: Receive	Global Time: 1457813564.64	MsgQueue Length: 1	LC: 195
Event: Send to VM 1	Global Time: 1457813564.81	LC: 196
Event: Receive	Global Time: 1457813564.97	MsgQueue Length: 1	LC: 197
Event: Internal Event	Global Time: 1457813565.14	LC: 198
Event: Internal Event	Global Time: 1457813565.31	LC: 199
Event: Send to VM 1	Global Time: 1457813565.47	LC: 200
Event: Send to VM 2	Global Time: 1457813565.64	LC: 201
Event: Internal Event	Global Time: 1457813565.81	LC: 202
Event: Send to VM 1	Global Time: 1457813565.98	LC: 203
Event: Send to VM 2	Global Time: 1457813566.14	LC: 204
Event: Internal Event	Global Time: 1457813566.31	LC: 205
Event: Send to VMs 1 and 2	Global Time: 1457813566.48	LC: 206
Event: Send to VM 2	Global Time: 1457813566.64	LC: 207
Event: Internal Event	Global Time: 1457813566.81	LC: 208
Event: Internal Event	Global Time: 1457813566.98	LC: 209
Event: Receive	Global Time: 1457813567.15	MsgQueue Length: 1	LC: 210
Event: Send to VMs 1 and 2	Global Time: 1457813567.31	LC: 211
Event: Send to VMs 1 and 2	Global Time: 1457813567.48	LC: 212
Event: Send to VMs 1 and 2	Global Time: 1457813567.65	LC: 213
Event: Internal Event	Global Time: 1457813567.81	LC: 214
Event: Internal Event	Global Time: 1457813567.98	LC: 215
Event: Internal Event	Global Time: 1457813568.15	LC: 216
Event: Send to VM 2	Global Time: 1457813568.31	LC: 217
Event: Send to VM 1	Global Time: 1457813568.48	LC: 218
Event: Send to VM 1	Global Time: 1457813568.65	LC: 219
Event: Send to VMs 1 and 2	Global Time: 1457813568.82	LC: 220
Event: Send to VM 1	Global Time: 1457813568.98	LC: 221
Event: Internal Event	Global Time: 1457813569.15	LC: 222
Event: Send to VM 2	Global Time: 1457813569.32	LC: 223
Event: Internal Event	Global Time: 1457813569.48	LC: 224
Event: Send to VMs 1 and 2	Global Time: 1457813569.65	LC: 225
Event: Internal Event	Global Time: 1457813569.82	LC: 226
Event: Internal Event	Global Time: 1457813569.98	LC: 227
Event: Receive	Global Time: 1457813570.15	MsgQueue Length: 1	LC: 228
Event: Send to VM 2	Global Time: 1457813570.32	LC: 229
Event: Send to VM 1	Global Time: 1457813570.49	LC: 230
Event: Send to VM 2	Global Time: 1457813570.65	LC: 231
Event: Send to VM 2	Global Time: 1457813570.82	LC: 232
Event: Send to VM 2	Global Time: 1457813570.99	LC: 233
Event: Internal Event	Global Time: 1457813571.15	LC: 234
Event: Internal Event	Global Time: 1457813571.32	LC: 235
Event: Send to VMs 1 and 2	Global Time: 1457813571.49	LC: 236
Event: Send to VM 1	Global Time: 1457813571.66	LC: 237
Event: Send to VMs 1 and 2	Global Time: 1457813571.82	LC: 238
Event: Send to VM 2	Global Time: 1457813571.99	LC: 239
