Clock Speed: 6
Event: Internal Event	Global Time: 1457813452.23	LC: 1
Event: Receive	Global Time: 1457813452.4	MsgQueue Length: 1	LC: 2
Event: Internal Event	Global Time: 1457813452.57	LC: 3
Event: Receive	Global Time: 1457813452.73	MsgQueue Length: 1	LC: 4
Event: Send to VMs 1 and 2	Global Time: 1457813452.9	LC: 5
Event: Internal Event	Global Time: 1457813453.07	LC: 6
Event: Send to VMs 1 and 2	Global Time: 1457813453.24	LC: 7
Event: Internal Event	Global Time: 1457813453.4	LC: 8
Event: Receive	Global Time: 1457813453.57	MsgQueue Length: 1	LC: 9
Event: Internal Event	Global Time: 1457813453.74	LC: 10
Event: Receive	Global Time: 1457813453.9	MsgQueue Length: 1	LC: 11
Event: Send to VMs 1 and 2	Global Time: 1457813454.07	LC: 12
Event: Internal Event	Global Time: 1457813454.24	LC: 13
Event: Send to VMs 1 and 2	Global Time: 1457813454.4	LC: 14
Event: Internal Event	Global Time: 1457813454.57	LC: 15
Event: Receive	Global Time: 1457813454.74	MsgQueue Length: 1	LC: 16
Event: Internal Event	Global Time: 1457813454.91	LC: 17
Event: Send to VM 2	Global Time: 1457813455.07	LC: 18
Event: Receive	Global Time: 1457813455.24	MsgQueue Length: 1	LC: 19
Event: Internal Event	Global Time: 1457813455.41	LC: 20
Event: Internal Event	Global Time: 1457813455.57	LC: 21
Event: Receive	Global Time: 1457813455.74	MsgQueue Length: 1	LC: 22
Event: Receive	Global Time: 1457813455.91	MsgQueue Length: 1	LC: 23
Event: Internal Event	Global Time: 1457813456.08	LC: 24
Event: Send to VMs 1 and 2	Global Time: 1457813456.24	LC: 25
Event: Internal Event	Global Time: 1457813456.41	LC: 26
Event: Receive	Global Time: 1457813456.58	MsgQueue Length: 1	LC: 27
Event: Send to VM 2	Global Time: 1457813456.75	LC: 28
Event: Internal Event	Global Time: 1457813456.91	LC: 29
Event: Receive	Global Time: 1457813457.08	MsgQueue Length: 1	LC: 30
Event: Internal Event	Global Time: 1457813457.25	LC: 31
Event: Send to VM 1	Global Time: 1457813457.41	LC: 32
Event: Send to VM 1	Global Time: 1457813457.58	LC: 33
Event: Internal Event	Global Time: 1457813457.75	LC: 34
Event: Send to VMs 1 and 2	Global Time: 1457813457.92	LC: 35
Event: Send to VM 1	Global Time: 1457813458.08	LC: 36
Event: Internal Event	Global Time: 1457813458.25	LC: 37
Event: Internal Event	Global Time: 1457813458.42	LC: 38
Event: Receive	Global Time: 1457813458.59	MsgQueue Length: 1	LC: 39
Event: Internal Event	Global Time: 1457813458.75	LC: 40
Event: Internal Event	Global Time: 1457813458.92	LC: 41
Event: Receive	Global Time: 1457813459.09	MsgQueue Length: 1	LC: 42
Event: Internal Event	Global Time: 1457813459.25	LC: 43
Event: Internal Event	Global Time: 1457813459.42	LC: 44
Event: Send to VMs 1 and 2	Global Time: 1457813459.59	LC: 45
Event: Internal Event	Global Time: 1457813459.76	LC: 46
Event: Internal Event	Global Time: 1457813459.92	LC: 47
Event: Send to VMs 1 and 2	Global Time: 1457813460.09	LC: 48
Event: Internal Event	Global Time: 1457813460.26	LC: 49
Event: Receive	Global Time: 1457813460.42	MsgQueue Length: 1	LC: 50
Event: Internal Event	Global Time: 1457813460.59	LC: 51
Event: Internal Event	Global Time: 1457813460.76	LC: 52
Event: Internal Event	Global Time: 1457813460.92	LC: 53
Event: Send to VMs 1 and 2	Global Time: 1457813461.09	LC: 54
Event: Internal Event	Global Time: 1457813461.26	LC: 55
Event: Send to VM 1	Global Time: 1457813461.43	LC: 56
Event: Internal Event	Global Time: 1457813461.59	LC: 57
Event: Internal Event	Global Time: 1457813461.76	LC: 58
Event: Send to VMs 1 and 2	Global Time: 1457813461.93	LC: 59
Event: Send to VM 1	Global Time: 1457813462.09	LC: 60
Event: Send to VM 2	Global Time: 1457813462.26	LC: 61
Event: Internal Event	Global Time: 1457813462.43	LC: 62
Event: Receive	Global Time: 1457813462.59	MsgQueue Length: 1	LC: 63
Event: Internal Event	Global Time: 1457813462.76	LC: 64
Event: Receive	Global Time: 1457813462.93	MsgQueue Length: 2	LC: 65
Event: Receive	Global Time: 1457813463.1	MsgQueue Length: 1	LC: 66
Event: Internal Event	Global Time: 1457813463.26	LC: 67
Event: Internal Event	Global Time: 1457813463.43	LC: 68
Event: Receive	Global Time: 1457813463.6	MsgQueue Length: 1	LC: 69
Event: Send to VMs 1 and 2	Global Time: 1457813463.76	LC: 70
Event: Internal Event	Global Time: 1457813463.93	LC: 71
Event: Receive	Global Time: 1457813464.1	MsgQueue Length: 1	LC: 72
Event: Internal Event	Global Time: 1457813464.26	LC: 73
Event: Receive	Global Time: 1457813464.43	MsgQueue Length: 1	LC: 74
Event: Send to VM 2	Global Time: 1457813464.6	LC: 75
Event: Internal Event	Global Time: 1457813464.77	LC: 76
Event: Receive	Global Time: 1457813464.93	MsgQueue Length: 1	LC: 77
Event: Internal Event	Global Time: 1457813465.1	LC: 78
Event: Internal Event	Global Time: 1457813465.27	LC: 79
Event: Send to VM 2	Global Time: 1457813465.43	LC: 80
Event: Send to VMs 1 and 2	Global Time: 1457813465.6	LC: 81
Event: Internal Event	Global Time: 1457813465.77	LC: 82
Event: Send to VMs 1 and 2	Global Time: 1457813465.93	LC: 83
Event: Internal Event	Global Time: 1457813466.1	LC: 84
Event: Internal Event	Global Time: 1457813466.27	LC: 85
Event: Receive	Global Time: 1457813466.44	MsgQueue Length: 1	LC: 86
Event: Internal Event	Global Time: 1457813466.6	LC: 87
Event: Receive	Global Time: 1457813466.77	MsgQueue Length: 1	LC: 88
Event: Send to VMs 1 and 2	Global Time: 1457813466.94	LC: 89
Event: Internal Event	Global Time: 1457813467.1	LC: 90
Event: Send to VMs 1 and 2	Global Time: 1457813467.27	LC: 91
Event: Internal Event	Global Time: 1457813467.44	LC: 92
Event: Internal Event	Global Time: 1457813467.61	LC: 93
Event: Send to VMs 1 and 2	Global Time: 1457813467.77	LC: 94
Event: Internal Event	Global Time: 1457813467.94	LC: 95
Event: Send to VM 1	Global Time: 1457813468.11	LC: 96
Event: Internal Event	Global Time: 1457813468.27	LC: 97
Event: Send to VM 2	Global Time: 1457813468.44	LC: 98
Event: Receive	Global Time: 1457813468.61	MsgQueue Length: 1	LC: 99
Event: Send to VM 1	Global Time: 1457813468.77	LC: 100
Event: Internal Event	Global Time: 1457813468.94	LC: 101
Event: Internal Event	Global Time: 1457813469.11	LC: 102
Event: Internal Event	Global Time: 1457813469.27	LC: 103
Event: Receive	Global Time: 1457813469.44	MsgQueue Length: 2	LC: 104
Event: Receive	Global Time: 1457813469.61	MsgQueue Length: 1	LC: 105
Event: Internal Event	Global Time: 1457813469.78	LC: 106
Event: Send to VM 1	Global Time: 1457813469.94	LC: 107
Event: Receive	Global Time: 1457813470.11	MsgQueue Length: 1	LC: 108
Event: Internal Event	Global Time: 1457813470.28	LC: 109
Event: Internal Event	Global Time: 1457813470.44	LC: 110
Event: Internal Event	Global Time: 1457813470.61	LC: 111
Event: Receive	Global Time: 1457813470.78	MsgQueue Length: 1	LC: 112
Event: Receive	Global Time: 1457813470.95	MsgQueue Length: 1	LC: 113
Event: Internal Event	Global Time: 1457813471.11	LC: 114
Event: Internal Event	Global Time: 1457813471.28	LC: 115
Event: Receive	Global Time: 1457813471.45	MsgQueue Length: 1	LC: 116
Event: Internal Event	Global Time: 1457813471.61	LC: 117
Event: Internal Event	Global Time: 1457813471.78	LC: 118
Event: Receive	Global Time: 1457813471.95	MsgQueue Length: 1	LC: 119
Event: Send to VMs 1 and 2	Global Time: 1457813472.12	LC: 120
Event: Internal Event	Global Time: 1457813472.28	LC: 121
Event: Send to VM 2	Global Time: 1457813472.45	LC: 122
Event: Receive	Global Time: 1457813472.62	MsgQueue Length: 1	LC: 123
Event: Send to VMs 1 and 2	Global Time: 1457813472.78	LC: 124
Event: Internal Event	Global Time: 1457813472.95	LC: 125
Event: Receive	Global Time: 1457813473.12	MsgQueue Length: 1	LC: 126
Event: Internal Event	Global Time: 1457813473.28	LC: 127
Event: Internal Event	Global Time: 1457813473.45	LC: 128
Event: Receive	Global Time: 1457813473.62	MsgQueue Length: 1	LC: 129
Event: Receive	Global Time: 1457813473.79	MsgQueue Length: 1	LC: 130
Event: Send to VM 1	Global Time: 1457813473.95	LC: 131
Event: Internal Event	Global Time: 1457813474.12	LC: 132
Event: Internal Event	Global Time: 1457813474.29	LC: 133
Event: Internal Event	Global Time: 1457813474.45	LC: 134
Event: Internal Event	Global Time: 1457813474.62	LC: 135
Event: Receive	Global Time: 1457813474.79	MsgQueue Length: 1	LC: 136
Event: Receive	Global Time: 1457813474.96	MsgQueue Length: 1	LC: 137
Event: Receive	Global Time: 1457813475.12	MsgQueue Length: 1	LC: 138
Event: Send to VMs 1 and 2	Global Time: 1457813475.29	LC: 139
Event: Internal Event	Global Time: 1457813475.46	LC: 140
Event: Send to VM 1	Global Time: 1457813475.62	LC: 141
Event: Internal Event	Global Time: 1457813475.79	LC: 142
Event: Internal Event	Global Time: 1457813475.96	LC: 143
Event: Send to VMs 1 and 2	Global Time: 1457813476.13	LC: 144
Event: Send to VM 1	Global Time: 1457813476.29	LC: 145
Event: Send to VM 1	Global Time: 1457813476.46	LC: 146
Event: Internal Event	Global Time: 1457813476.63	LC: 147
Event: Send to VM 2	Global Time: 1457813476.79	LC: 148
Event: Internal Event	Global Time: 1457813476.96	LC: 149
Event: Internal Event	Global Time: 1457813477.13	LC: 150
Event: Internal Event	Global Time: 1457813477.29	LC: 151
Event: Send to VM 2	Global Time: 1457813477.46	LC: 152
Event: Internal Event	Global Time: 1457813477.63	LC: 153
Event: Internal Event	Global Time: 1457813477.8	LC: 154
Event: Internal Event	Global Time: 1457813477.96	LC: 155
Event: Receive	Global Time: 1457813478.13	MsgQueue Length: 1	LC: 156
Event: Internal Event	Global Time: 1457813478.3	LC: 157
Event: Internal Event	Global Time: 1457813478.46	LC: 158
Event: Internal Event	Global Time: 1457813478.63	LC: 159
Event: Internal Event	Global Time: 1457813478.8	LC: 160
Event: Internal Event	Global Time: 1457813478.96	LC: 161
Event: Internal Event	Global Time: 1457813479.13	LC: 162
Event: Internal Event	Global Time: 1457813479.3	LC: 163
Event: Receive	Global Time: 1457813479.47	MsgQueue Length: 1	LC: 164
Event: Send to VM 2	Global Time: 1457813479.63	LC: 165
Event: Receive	Global Time: 1457813479.8	MsgQueue Length: 1	LC: 166
Event: Receive	Global Time: 1457813479.97	MsgQueue Length: 1	LC: 167
Event: Internal Event	Global Time: 1457813480.13	LC: 168
Event: Internal Event	Global Time: 1457813480.3	LC: 169
Event: Internal Event	Global Time: 1457813480.47	LC: 170
Event: Internal Event	Global Time: 1457813480.64	LC: 171
Event: Internal Event	Global Time: 1457813480.8	LC: 172
Event: Receive	Global Time: 1457813480.97	MsgQueue Length: 1	LC: 173
Event: Internal Event	Global Time: 1457813481.14	LC: 174
Event: Send to VM 1	Global Time: 1457813481.3	LC: 175
Event: Internal Event	Global Time: 1457813481.47	LC: 176
Event: Receive	Global Time: 1457813481.64	MsgQueue Length: 1	LC: 177
Event: Internal Event	Global Time: 1457813481.8	LC: 178
Event: Internal Event	Global Time: 1457813481.97	LC: 179
Event: Internal Event	Global Time: 1457813482.14	LC: 180
Event: Send to VM 2	Global Time: 1457813482.31	LC: 181
Event: Internal Event	Global Time: 1457813482.47	LC: 182
Event: Receive	Global Time: 1457813482.64	MsgQueue Length: 1	LC: 183
Event: Internal Event	Global Time: 1457813482.81	LC: 184
Event: Internal Event	Global Time: 1457813482.98	LC: 185
Event: Internal Event	Global Time: 1457813483.14	LC: 186
Event: Send to VMs 1 and 2	Global Time: 1457813483.31	LC: 187
Event: Send to VM 1	Global Time: 1457813483.48	LC: 188
Event: Receive	Global Time: 1457813483.64	MsgQueue Length: 1	LC: 189
Event: Send to VMs 1 and 2	Global Time: 1457813483.81	LC: 190
Event: Internal Event	Global Time: 1457813483.98	LC: 191
Event: Internal Event	Global Time: 1457813484.14	LC: 192
Event: Internal Event	Global Time: 1457813484.31	LC: 193
Event: Receive	Global Time: 1457813484.48	MsgQueue Length: 1	LC: 194
Event: Internal Event	Global Time: 1457813484.65	LC: 195
Event: Send to VM 2	Global Time: 1457813484.81	LC: 196
Event: Send to VM 1	Global Time: 1457813484.98	LC: 197
Event: Send to VMs 1 and 2	Global Time: 1457813485.15	LC: 198
Event: Internal Event	Global Time: 1457813485.31	LC: 199
Event: Send to VM 1	Global Time: 1457813485.48	LC: 200
Event: Receive	Global Time: 1457813485.65	MsgQueue Length: 1	LC: 201
Event: Internal Event	Global Time: 1457813485.81	LC: 202
Event: Receive	Global Time: 1457813485.98	MsgQueue Length: 1	LC: 203
Event: Internal Event	Global Time: 1457813486.15	LC: 204
Event: Internal Event	Global Time: 1457813486.32	LC: 205
Event: Receive	Global Time: 1457813486.48	MsgQueue Length: 1	LC: 206
Event: Internal Event	Global Time: 1457813486.65	LC: 207
Event: Internal Event	Global Time: 1457813486.82	LC: 208
Event: Receive	Global Time: 1457813486.98	MsgQueue Length: 2	LC: 209
Event: Receive	Global Time: 1457813487.15	MsgQueue Length: 1	LC: 210
Event: Internal Event	Global Time: 1457813487.32	LC: 211
Event: Internal Event	Global Time: 1457813487.49	LC: 212
Event: Receive	Global Time: 1457813487.65	MsgQueue Length: 1	LC: 213
Event: Internal Event	Global Time: 1457813487.82	LC: 214
Event: Internal Event	Global Time: 1457813487.99	LC: 215
Event: Internal Event	Global Time: 1457813488.15	LC: 216
Event: Internal Event	Global Time: 1457813488.32	LC: 217
Event: Internal Event	Global Time: 1457813488.49	LC: 218
Event: Internal Event	Global Time: 1457813488.65	LC: 219
Event: Send to VMs 1 and 2	Global Time: 1457813488.82	LC: 220
Event: Send to VMs 1 and 2	Global Time: 1457813488.99	LC: 221
Event: Internal Event	Global Time: 1457813489.16	LC: 222
Event: Internal Event	Global Time: 1457813489.32	LC: 223
Event: Receive	Global Time: 1457813489.49	MsgQueue Length: 1	LC: 224
Event: Internal Event	Global Time: 1457813489.66	LC: 225
Event: Receive	Global Time: 1457813489.82	MsgQueue Length: 1	LC: 226
Event: Send to VM 2	Global Time: 1457813489.99	LC: 227
Event: Internal Event	Global Time: 1457813490.16	LC: 228
Event: Internal Event	Global Time: 1457813490.33	LC: 229
Event: Internal Event	Global Time: 1457813490.49	LC: 230
Event: Send to VMs 1 and 2	Global Time: 1457813490.66	LC: 231
Event: Internal Event	Global Time: 1457813490.83	LC: 232
Event: Internal Event	Global Time: 1457813490.99	LC: 233
Event: Send to VM 2	Global Time: 1457813491.16	LC: 234
Event: Send to VMs 1 and 2	Global Time: 1457813491.33	LC: 235
Event: Send to VM 1	Global Time: 1457813491.49	LC: 236
Event: Send to VM 2	Global Time: 1457813491.66	LC: 237
Event: Internal Event	Global Time: 1457813491.83	LC: 238
Event: Internal Event	Global Time: 1457813492.0	LC: 239
