Clock Speed: 2
Event: Receive	Global Time: 1457808695.35	MsgQueue Length: 0	LC: 1
Event: Internal Event	Global Time: 1457808695.85	LC: 2
Event: Receive	Global Time: 1457808696.35	MsgQueue Length: 1	LC: 6
Event: Receive	Global Time: 1457808696.85	MsgQueue Length: 1	LC: 7
Event: Receive	Global Time: 1457808697.35	MsgQueue Length: 3	LC: 8
Event: Receive	Global Time: 1457808697.85	MsgQueue Length: 3	LC: 10
Event: Receive	Global Time: 1457808698.35	MsgQueue Length: 3	LC: 11
Event: Receive	Global Time: 1457808698.85	MsgQueue Length: 3	LC: 12
Event: Receive	Global Time: 1457808699.35	MsgQueue Length: 3	LC: 13
Event: Receive	Global Time: 1457808699.85	MsgQueue Length: 2	LC: 16
Event: Receive	Global Time: 1457808700.35	MsgQueue Length: 2	LC: 19
Event: Receive	Global Time: 1457808700.85	MsgQueue Length: 1	LC: 21
Event: Receive	Global Time: 1457808701.35	MsgQueue Length: 2	LC: 26
Event: Receive	Global Time: 1457808701.86	MsgQueue Length: 2	LC: 30
Event: Receive	Global Time: 1457808702.36	MsgQueue Length: 1	LC: 32
Event: Receive	Global Time: 1457808702.86	MsgQueue Length: 0	LC: 34
Event: Receive	Global Time: 1457808703.36	MsgQueue Length: 0	LC: 42
Event: Receive	Global Time: 1457808703.86	MsgQueue Length: 1	LC: 43
Event: Receive	Global Time: 1457808704.36	MsgQueue Length: 2	LC: 44
Event: Receive	Global Time: 1457808704.86	MsgQueue Length: 1	LC: 45
Event: Receive	Global Time: 1457808705.36	MsgQueue Length: 2	LC: 46
Event: Receive	Global Time: 1457808705.86	MsgQueue Length: 2	LC: 50
Event: Receive	Global Time: 1457808706.36	MsgQueue Length: 3	LC: 51
Event: Receive	Global Time: 1457808706.86	MsgQueue Length: 2	LC: 54
Event: Receive	Global Time: 1457808707.36	MsgQueue Length: 2	LC: 56
Event: Receive	Global Time: 1457808707.86	MsgQueue Length: 1	LC: 57
Event: Receive	Global Time: 1457808708.36	MsgQueue Length: 2	LC: 62
Event: Receive	Global Time: 1457808708.86	MsgQueue Length: 2	LC: 65
Event: Receive	Global Time: 1457808709.36	MsgQueue Length: 1	LC: 66
Event: Receive	Global Time: 1457808709.87	MsgQueue Length: 0	LC: 69
Event: Send to VM 0	Global Time: 1457808710.37	LC: 70
Event: Receive	Global Time: 1457808710.87	MsgQueue Length: 0	LC: 78
Event: Internal Event	Global Time: 1457808711.37	LC: 79
Event: Internal Event	Global Time: 1457808711.87	LC: 80
Event: Internal Event	Global Time: 1457808712.37	LC: 81
Event: Receive	Global Time: 1457808712.87	MsgQueue Length: 1	LC: 88
Event: Receive	Global Time: 1457808713.37	MsgQueue Length: 1	LC: 89
Event: Receive	Global Time: 1457808713.87	MsgQueue Length: 1	LC: 91
Event: Receive	Global Time: 1457808714.37	MsgQueue Length: 2	LC: 94
Event: Receive	Global Time: 1457808714.87	MsgQueue Length: 2	LC: 96
Event: Receive	Global Time: 1457808715.37	MsgQueue Length: 1	LC: 97
Event: Receive	Global Time: 1457808715.87	MsgQueue Length: 1	LC: 98
Event: Receive	Global Time: 1457808716.37	MsgQueue Length: 0	LC: 103
Event: Receive	Global Time: 1457808716.87	MsgQueue Length: 0	LC: 108
Event: Receive	Global Time: 1457808717.37	MsgQueue Length: 1	LC: 110
Event: Receive	Global Time: 1457808717.88	MsgQueue Length: 1	LC: 111
Event: Receive	Global Time: 1457808718.38	MsgQueue Length: 1	LC: 114
Event: Receive	Global Time: 1457808718.88	MsgQueue Length: 2	LC: 116
Event: Receive	Global Time: 1457808719.38	MsgQueue Length: 2	LC: 118
Event: Receive	Global Time: 1457808719.88	MsgQueue Length: 2	LC: 119
Event: Receive	Global Time: 1457808720.38	MsgQueue Length: 1	LC: 122
Event: Receive	Global Time: 1457808720.88	MsgQueue Length: 0	LC: 123
Event: Receive	Global Time: 1457808721.38	MsgQueue Length: 0	LC: 131
Event: Send to VMs 2 and 0	Global Time: 1457808721.88	LC: 132
Event: Send to VMs 2 and 0	Global Time: 1457808722.39	LC: 133
Event: Send to VMs 2 and 0	Global Time: 1457808722.89	LC: 134
Event: Internal Event	Global Time: 1457808723.39	LC: 135
Event: Receive	Global Time: 1457808723.89	MsgQueue Length: 0	LC: 144
Event: Receive	Global Time: 1457808724.39	MsgQueue Length: 0	LC: 145
Event: Send to VM 0	Global Time: 1457808724.89	LC: 146
Event: Internal Event	Global Time: 1457808725.39	LC: 147
Event: Send to VM 2	Global Time: 1457808725.89	LC: 148
Event: Receive	Global Time: 1457808726.39	MsgQueue Length: 0	LC: 155
Event: Receive	Global Time: 1457808726.89	MsgQueue Length: 0	LC: 158
Event: Send to VM 2	Global Time: 1457808727.39	LC: 159
Event: Internal Event	Global Time: 1457808727.89	LC: 160
Event: Internal Event	Global Time: 1457808728.39	LC: 161
Event: Internal Event	Global Time: 1457808728.89	LC: 162
Event: Receive	Global Time: 1457808729.39	MsgQueue Length: 0	LC: 172
Event: Receive	Global Time: 1457808729.89	MsgQueue Length: 0	LC: 174
Event: Receive	Global Time: 1457808730.4	MsgQueue Length: 0	LC: 176
Event: Receive	Global Time: 1457808730.9	MsgQueue Length: 0	LC: 178
Event: Receive	Global Time: 1457808731.4	MsgQueue Length: 0	LC: 180
Event: Receive	Global Time: 1457808731.9	MsgQueue Length: 0	LC: 184
Event: Receive	Global Time: 1457808732.4	MsgQueue Length: 0	LC: 186
Event: Receive	Global Time: 1457808732.9	MsgQueue Length: 2	LC: 188
Event: Receive	Global Time: 1457808733.4	MsgQueue Length: 1	LC: 189
Event: Receive	Global Time: 1457808733.9	MsgQueue Length: 2	LC: 190
Event: Receive	Global Time: 1457808734.4	MsgQueue Length: 2	LC: 193
Event: Receive	Global Time: 1457808734.9	MsgQueue Length: 1	LC: 194
Event: Receive	Global Time: 1457808735.4	MsgQueue Length: 0	LC: 195
Event: Send to VM 0	Global Time: 1457808735.9	LC: 196
Event: Internal Event	Global Time: 1457808736.4	LC: 197
Event: Send to VM 2	Global Time: 1457808736.9	LC: 198
Event: Receive	Global Time: 1457808737.4	MsgQueue Length: 0	LC: 211
Event: Internal Event	Global Time: 1457808737.91	LC: 212
Event: Receive	Global Time: 1457808738.41	MsgQueue Length: 0	LC: 217
Event: Receive	Global Time: 1457808738.91	MsgQueue Length: 0	LC: 219
Event: Internal Event	Global Time: 1457808739.41	LC: 220
Event: Internal Event	Global Time: 1457808739.91	LC: 221
Event: Receive	Global Time: 1457808740.41	MsgQueue Length: 0	LC: 226
Event: Internal Event	Global Time: 1457808740.91	LC: 227
Event: Receive	Global Time: 1457808741.41	MsgQueue Length: 1	LC: 230
Event: Receive	Global Time: 1457808741.91	MsgQueue Length: 0	LC: 232
Event: Receive	Global Time: 1457808742.41	MsgQueue Length: 0	LC: 237
Event: Receive	Global Time: 1457808742.91	MsgQueue Length: 1	LC: 238
Event: Receive	Global Time: 1457808743.41	MsgQueue Length: 1	LC: 239
Event: Receive	Global Time: 1457808743.91	MsgQueue Length: 0	LC: 240
Event: Receive	Global Time: 1457808744.41	MsgQueue Length: 1	LC: 245
Event: Receive	Global Time: 1457808744.92	MsgQueue Length: 0	LC: 246
Event: Receive	Global Time: 1457808745.42	MsgQueue Length: 0	LC: 252
Event: Internal Event	Global Time: 1457808745.92	LC: 253
Event: Receive	Global Time: 1457808746.42	MsgQueue Length: 0	LC: 256
Event: Receive	Global Time: 1457808746.92	MsgQueue Length: 1	LC: 258
Event: Receive	Global Time: 1457808747.42	MsgQueue Length: 0	LC: 259
Event: Send to VM 0	Global Time: 1457808747.92	LC: 260
Event: Receive	Global Time: 1457808748.42	MsgQueue Length: 0	LC: 267
Event: Send to VM 2	Global Time: 1457808748.92	LC: 268
Event: Receive	Global Time: 1457808749.42	MsgQueue Length: 0	LC: 271
Event: Receive	Global Time: 1457808749.92	MsgQueue Length: 0	LC: 273
Event: Receive	Global Time: 1457808750.42	MsgQueue Length: 0	LC: 275
Event: Send to VM 0	Global Time: 1457808750.92	LC: 276
Event: Receive	Global Time: 1457808751.42	MsgQueue Length: 1	LC: 281
Event: Receive	Global Time: 1457808751.92	MsgQueue Length: 0	LC: 282
Event: Receive	Global Time: 1457808752.42	MsgQueue Length: 0	LC: 285
Event: Internal Event	Global Time: 1457808752.93	LC: 286
Event: Receive	Global Time: 1457808753.43	MsgQueue Length: 1	LC: 290
Event: Receive	Global Time: 1457808753.93	MsgQueue Length: 0	LC: 292
Event: Receive	Global Time: 1457808754.43	MsgQueue Length: 0	LC: 295
