Clock Speed: 6
Event: Send to VM 2	Global Time: 1457809235.03	LC: 1
Event: Internal Event	Global Time: 1457809235.2	LC: 2
Event: Internal Event	Global Time: 1457809235.36	LC: 3
Event: Send to VM 0	Global Time: 1457809235.53	LC: 4
Event: Internal Event	Global Time: 1457809235.7	LC: 5
Event: Send to VM 0	Global Time: 1457809235.86	LC: 6
Event: Internal Event	Global Time: 1457809236.03	LC: 7
Event: Send to VM 2	Global Time: 1457809236.2	LC: 8
Event: Internal Event	Global Time: 1457809236.37	LC: 9
Event: Send to VMs 2 and 0	Global Time: 1457809236.53	LC: 10
Event: Internal Event	Global Time: 1457809236.7	LC: 11
Event: Send to VM 2	Global Time: 1457809236.87	LC: 12
Event: Internal Event	Global Time: 1457809237.03	LC: 13
Event: Internal Event	Global Time: 1457809237.2	LC: 14
Event: Receive	Global Time: 1457809237.37	MsgQueue Length: 0	LC: 15
Event: Internal Event	Global Time: 1457809237.53	LC: 16
Event: Internal Event	Global Time: 1457809237.7	LC: 17
Event: Internal Event	Global Time: 1457809237.87	LC: 18
Event: Internal Event	Global Time: 1457809238.04	LC: 19
Event: Internal Event	Global Time: 1457809238.2	LC: 20
Event: Send to VMs 2 and 0	Global Time: 1457809238.37	LC: 21
Event: Send to VM 2	Global Time: 1457809238.54	LC: 22
Event: Send to VM 0	Global Time: 1457809238.7	LC: 23
Event: Send to VMs 2 and 0	Global Time: 1457809238.87	LC: 24
Event: Send to VM 2	Global Time: 1457809239.04	LC: 25
Event: Internal Event	Global Time: 1457809239.2	LC: 26
Event: Internal Event	Global Time: 1457809239.37	LC: 27
Event: Internal Event	Global Time: 1457809239.54	LC: 28
Event: Send to VM 2	Global Time: 1457809239.71	LC: 29
Event: Send to VM 0	Global Time: 1457809239.87	LC: 30
Event: Internal Event	Global Time: 1457809240.04	LC: 31
Event: Internal Event	Global Time: 1457809240.21	LC: 32
Event: Send to VM 0	Global Time: 1457809240.37	LC: 33
Event: Send to VMs 2 and 0	Global Time: 1457809240.54	LC: 34
Event: Send to VM 2	Global Time: 1457809240.71	LC: 35
Event: Send to VM 0	Global Time: 1457809240.87	LC: 36
Event: Send to VM 0	Global Time: 1457809241.04	LC: 37
Event: Send to VM 2	Global Time: 1457809241.21	LC: 38
Event: Internal Event	Global Time: 1457809241.38	LC: 39
Event: Send to VM 0	Global Time: 1457809241.54	LC: 40
Event: Send to VM 0	Global Time: 1457809241.71	LC: 41
Event: Internal Event	Global Time: 1457809241.88	LC: 42
Event: Internal Event	Global Time: 1457809242.04	LC: 43
Event: Internal Event	Global Time: 1457809242.21	LC: 44
Event: Internal Event	Global Time: 1457809242.38	LC: 45
Event: Send to VM 2	Global Time: 1457809242.54	LC: 46
Event: Send to VM 0	Global Time: 1457809242.71	LC: 47
Event: Internal Event	Global Time: 1457809242.88	LC: 48
Event: Internal Event	Global Time: 1457809243.05	LC: 49
Event: Send to VM 2	Global Time: 1457809243.21	LC: 50
Event: Send to VMs 2 and 0	Global Time: 1457809243.38	LC: 51
Event: Send to VM 0	Global Time: 1457809243.55	LC: 52
Event: Send to VM 2	Global Time: 1457809243.71	LC: 53
Event: Send to VM 0	Global Time: 1457809243.88	LC: 54
Event: Send to VM 0	Global Time: 1457809244.05	LC: 55
Event: Send to VM 2	Global Time: 1457809244.21	LC: 56
Event: Internal Event	Global Time: 1457809244.38	LC: 57
Event: Send to VM 0	Global Time: 1457809244.55	LC: 58
Event: Internal Event	Global Time: 1457809244.72	LC: 59
Event: Internal Event	Global Time: 1457809244.88	LC: 60
Event: Send to VM 0	Global Time: 1457809245.05	LC: 61
Event: Internal Event	Global Time: 1457809245.22	LC: 62
Event: Internal Event	Global Time: 1457809245.38	LC: 63
Event: Send to VM 2	Global Time: 1457809245.55	LC: 64
Event: Internal Event	Global Time: 1457809245.72	LC: 65
Event: Internal Event	Global Time: 1457809245.88	LC: 66
Event: Internal Event	Global Time: 1457809246.05	LC: 67
Event: Send to VMs 2 and 0	Global Time: 1457809246.22	LC: 68
Event: Send to VM 2	Global Time: 1457809246.39	LC: 69
Event: Internal Event	Global Time: 1457809246.55	LC: 70
Event: Internal Event	Global Time: 1457809246.72	LC: 71
Event: Internal Event	Global Time: 1457809246.89	LC: 72
Event: Send to VMs 2 and 0	Global Time: 1457809247.05	LC: 73
Event: Internal Event	Global Time: 1457809247.22	LC: 74
Event: Internal Event	Global Time: 1457809247.39	LC: 75
Event: Send to VM 2	Global Time: 1457809247.55	LC: 76
Event: Internal Event	Global Time: 1457809247.72	LC: 77
Event: Internal Event	Global Time: 1457809247.89	LC: 78
Event: Send to VMs 2 and 0	Global Time: 1457809248.06	LC: 79
Event: Send to VM 2	Global Time: 1457809248.22	LC: 80
Event: Send to VM 2	Global Time: 1457809248.39	LC: 81
Event: Internal Event	Global Time: 1457809248.56	LC: 82
Event: Send to VM 2	Global Time: 1457809248.72	LC: 83
Event: Internal Event	Global Time: 1457809248.89	LC: 84
Event: Internal Event	Global Time: 1457809249.06	LC: 85
Event: Send to VMs 2 and 0	Global Time: 1457809249.22	LC: 86
Event: Send to VM 2	Global Time: 1457809249.39	LC: 87
Event: Send to VM 2	Global Time: 1457809249.56	LC: 88
Event: Send to VMs 2 and 0	Global Time: 1457809249.73	LC: 89
Event: Send to VM 0	Global Time: 1457809249.89	LC: 90
Event: Send to VM 0	Global Time: 1457809250.06	LC: 91
Event: Send to VM 0	Global Time: 1457809250.23	LC: 92
Event: Send to VM 0	Global Time: 1457809250.39	LC: 93
Event: Internal Event	Global Time: 1457809250.56	LC: 94
Event: Send to VM 2	Global Time: 1457809250.73	LC: 95
Event: Send to VM 0	Global Time: 1457809250.9	LC: 96
Event: Internal Event	Global Time: 1457809251.06	LC: 97
Event: Send to VM 2	Global Time: 1457809251.23	LC: 98
Event: Internal Event	Global Time: 1457809251.4	LC: 99
Event: Internal Event	Global Time: 1457809251.56	LC: 100
Event: Internal Event	Global Time: 1457809251.73	LC: 101
Event: Internal Event	Global Time: 1457809251.9	LC: 102
Event: Send to VM 0	Global Time: 1457809252.06	LC: 103
Event: Send to VMs 2 and 0	Global Time: 1457809252.23	LC: 104
Event: Send to VM 0	Global Time: 1457809252.4	LC: 105
Event: Send to VMs 2 and 0	Global Time: 1457809252.57	LC: 106
Event: Send to VM 0	Global Time: 1457809252.73	LC: 107
Event: Send to VM 2	Global Time: 1457809252.9	LC: 108
Event: Internal Event	Global Time: 1457809253.07	LC: 109
Event: Internal Event	Global Time: 1457809253.23	LC: 110
Event: Send to VM 0	Global Time: 1457809253.4	LC: 111
Event: Send to VMs 2 and 0	Global Time: 1457809253.57	LC: 112
Event: Send to VM 0	Global Time: 1457809253.73	LC: 113
Event: Internal Event	Global Time: 1457809253.9	LC: 114
Event: Send to VM 2	Global Time: 1457809254.07	LC: 115
Event: Send to VM 2	Global Time: 1457809254.24	LC: 116
Event: Internal Event	Global Time: 1457809254.4	LC: 117
Event: Send to VM 0	Global Time: 1457809254.57	LC: 118
Event: Send to VM 0	Global Time: 1457809254.74	LC: 119
Event: Send to VMs 2 and 0	Global Time: 1457809254.9	LC: 120
Event: Internal Event	Global Time: 1457809255.07	LC: 121
Event: Internal Event	Global Time: 1457809255.24	LC: 122
Event: Send to VM 0	Global Time: 1457809255.4	LC: 123
Event: Internal Event	Global Time: 1457809255.57	LC: 124
Event: Send to VM 0	Global Time: 1457809255.74	LC: 125
Event: Internal Event	Global Time: 1457809255.91	LC: 126
Event: Internal Event	Global Time: 1457809256.07	LC: 127
Event: Send to VM 2	Global Time: 1457809256.24	LC: 128
Event: Send to VMs 2 and 0	Global Time: 1457809256.41	LC: 129
Event: Internal Event	Global Time: 1457809256.57	LC: 130
Event: Send to VM 0	Global Time: 1457809256.74	LC: 131
Event: Send to VMs 2 and 0	Global Time: 1457809256.91	LC: 132
Event: Send to VM 0	Global Time: 1457809257.07	LC: 133
Event: Internal Event	Global Time: 1457809257.24	LC: 134
Event: Send to VMs 2 and 0	Global Time: 1457809257.41	LC: 135
Event: Internal Event	Global Time: 1457809257.58	LC: 136
Event: Internal Event	Global Time: 1457809257.74	LC: 137
Event: Send to VM 2	Global Time: 1457809257.91	LC: 138
Event: Send to VM 0	Global Time: 1457809258.08	LC: 139
Event: Internal Event	Global Time: 1457809258.24	LC: 140
Event: Internal Event	Global Time: 1457809258.41	LC: 141
Event: Internal Event	Global Time: 1457809258.58	LC: 142
Event: Internal Event	Global Time: 1457809258.74	LC: 143
Event: Send to VM 0	Global Time: 1457809258.91	LC: 144
Event: Internal Event	Global Time: 1457809259.08	LC: 145
Event: Send to VMs 2 and 0	Global Time: 1457809259.25	LC: 146
Event: Send to VMs 2 and 0	Global Time: 1457809259.41	LC: 147
Event: Internal Event	Global Time: 1457809259.58	LC: 148
Event: Send to VM 0	Global Time: 1457809259.75	LC: 149
Event: Send to VMs 2 and 0	Global Time: 1457809259.91	LC: 150
Event: Send to VMs 2 and 0	Global Time: 1457809260.08	LC: 151
Event: Internal Event	Global Time: 1457809260.25	LC: 152
Event: Send to VMs 2 and 0	Global Time: 1457809260.41	LC: 153
Event: Internal Event	Global Time: 1457809260.58	LC: 154
Event: Send to VM 2	Global Time: 1457809260.75	LC: 155
Event: Internal Event	Global Time: 1457809260.92	LC: 156
Event: Send to VM 0	Global Time: 1457809261.08	LC: 157
Event: Send to VM 2	Global Time: 1457809261.25	LC: 158
Event: Send to VM 0	Global Time: 1457809261.42	LC: 159
Event: Internal Event	Global Time: 1457809261.58	LC: 160
Event: Internal Event	Global Time: 1457809261.75	LC: 161
Event: Internal Event	Global Time: 1457809261.92	LC: 162
Event: Send to VM 2	Global Time: 1457809262.08	LC: 163
Event: Internal Event	Global Time: 1457809262.25	LC: 164
Event: Internal Event	Global Time: 1457809262.42	LC: 165
Event: Send to VMs 2 and 0	Global Time: 1457809262.59	LC: 166
Event: Internal Event	Global Time: 1457809262.75	LC: 167
Event: Internal Event	Global Time: 1457809262.92	LC: 168
Event: Send to VM 2	Global Time: 1457809263.09	LC: 169
Event: Internal Event	Global Time: 1457809263.25	LC: 170
Event: Internal Event	Global Time: 1457809263.42	LC: 171
Event: Send to VMs 2 and 0	Global Time: 1457809263.59	LC: 172
Event: Send to VMs 2 and 0	Global Time: 1457809263.75	LC: 173
Event: Send to VM 0	Global Time: 1457809263.92	LC: 174
Event: Send to VM 0	Global Time: 1457809264.09	LC: 175
Event: Send to VM 2	Global Time: 1457809264.26	LC: 176
Event: Send to VM 2	Global Time: 1457809264.42	LC: 177
Event: Internal Event	Global Time: 1457809264.59	LC: 178
Event: Send to VM 2	Global Time: 1457809264.76	LC: 179
Event: Send to VM 0	Global Time: 1457809264.92	LC: 180
Event: Internal Event	Global Time: 1457809265.09	LC: 181
Event: Send to VM 0	Global Time: 1457809265.26	LC: 182
Event: Send to VMs 2 and 0	Global Time: 1457809265.42	LC: 183
Event: Internal Event	Global Time: 1457809265.59	LC: 184
Event: Send to VM 2	Global Time: 1457809265.76	LC: 185
Event: Send to VM 0	Global Time: 1457809265.93	LC: 186
Event: Internal Event	Global Time: 1457809266.09	LC: 187
Event: Internal Event	Global Time: 1457809266.26	LC: 188
Event: Internal Event	Global Time: 1457809266.43	LC: 189
Event: Send to VM 0	Global Time: 1457809266.59	LC: 190
Event: Send to VMs 2 and 0	Global Time: 1457809266.76	LC: 191
Event: Internal Event	Global Time: 1457809266.93	LC: 192
Event: Internal Event	Global Time: 1457809267.09	LC: 193
Event: Send to VM 0	Global Time: 1457809267.26	LC: 194
Event: Internal Event	Global Time: 1457809267.43	LC: 195
Event: Send to VMs 2 and 0	Global Time: 1457809267.6	LC: 196
Event: Send to VM 2	Global Time: 1457809267.76	LC: 197
Event: Send to VM 2	Global Time: 1457809267.93	LC: 198
Event: Internal Event	Global Time: 1457809268.1	LC: 199
Event: Send to VM 2	Global Time: 1457809268.26	LC: 200
Event: Internal Event	Global Time: 1457809268.43	LC: 201
Event: Internal Event	Global Time: 1457809268.6	LC: 202
Event: Internal Event	Global Time: 1457809268.76	LC: 203
Event: Send to VMs 2 and 0	Global Time: 1457809268.93	LC: 204
Event: Send to VMs 2 and 0	Global Time: 1457809269.1	LC: 205
Event: Send to VMs 2 and 0	Global Time: 1457809269.27	LC: 206
Event: Internal Event	Global Time: 1457809269.43	LC: 207
Event: Internal Event	Global Time: 1457809269.6	LC: 208
Event: Send to VMs 2 and 0	Global Time: 1457809269.77	LC: 209
Event: Internal Event	Global Time: 1457809269.93	LC: 210
Event: Internal Event	Global Time: 1457809270.1	LC: 211
Event: Send to VM 2	Global Time: 1457809270.27	LC: 212
Event: Internal Event	Global Time: 1457809270.43	LC: 213
Event: Internal Event	Global Time: 1457809270.6	LC: 214
Event: Send to VM 0	Global Time: 1457809270.77	LC: 215
Event: Internal Event	Global Time: 1457809270.94	LC: 216
Event: Send to VM 0	Global Time: 1457809271.1	LC: 217
Event: Internal Event	Global Time: 1457809271.27	LC: 218
Event: Send to VM 2	Global Time: 1457809271.44	LC: 219
Event: Internal Event	Global Time: 1457809271.6	LC: 220
Event: Internal Event	Global Time: 1457809271.77	LC: 221
Event: Send to VMs 2 and 0	Global Time: 1457809271.94	LC: 222
Event: Internal Event	Global Time: 1457809272.11	LC: 223
Event: Internal Event	Global Time: 1457809272.27	LC: 224
Event: Internal Event	Global Time: 1457809272.44	LC: 225
Event: Send to VM 2	Global Time: 1457809272.61	LC: 226
Event: Send to VMs 2 and 0	Global Time: 1457809272.77	LC: 227
Event: Send to VMs 2 and 0	Global Time: 1457809272.94	LC: 228
Event: Send to VM 0	Global Time: 1457809273.11	LC: 229
Event: Send to VMs 2 and 0	Global Time: 1457809273.27	LC: 230
Event: Send to VM 0	Global Time: 1457809273.44	LC: 231
Event: Internal Event	Global Time: 1457809273.61	LC: 232
Event: Internal Event	Global Time: 1457809273.78	LC: 233
Event: Send to VM 2	Global Time: 1457809273.94	LC: 234
Event: Send to VM 0	Global Time: 1457809274.11	LC: 235
Event: Send to VMs 2 and 0	Global Time: 1457809274.28	LC: 236
Event: Send to VMs 2 and 0	Global Time: 1457809274.44	LC: 237
Event: Send to VM 2	Global Time: 1457809274.61	LC: 238
Event: Internal Event	Global Time: 1457809274.78	LC: 239
Event: Internal Event	Global Time: 1457809274.94	LC: 240
Event: Internal Event	Global Time: 1457809275.11	LC: 241
Event: Send to VMs 2 and 0	Global Time: 1457809275.28	LC: 242
Event: Send to VM 0	Global Time: 1457809275.45	LC: 243
Event: Internal Event	Global Time: 1457809275.61	LC: 244
Event: Internal Event	Global Time: 1457809275.78	LC: 245
Event: Send to VM 2	Global Time: 1457809275.95	LC: 246
Event: Internal Event	Global Time: 1457809276.11	LC: 247
Event: Send to VM 0	Global Time: 1457809276.28	LC: 248
Event: Internal Event	Global Time: 1457809276.45	LC: 249
Event: Internal Event	Global Time: 1457809276.62	LC: 250
Event: Internal Event	Global Time: 1457809276.78	LC: 251
Event: Send to VM 2	Global Time: 1457809276.95	LC: 252
Event: Send to VM 0	Global Time: 1457809277.12	LC: 253
Event: Send to VMs 2 and 0	Global Time: 1457809277.28	LC: 254
Event: Send to VM 2	Global Time: 1457809277.45	LC: 255
Event: Internal Event	Global Time: 1457809277.62	LC: 256
Event: Internal Event	Global Time: 1457809277.78	LC: 257
Event: Internal Event	Global Time: 1457809277.95	LC: 258
Event: Send to VM 0	Global Time: 1457809278.12	LC: 259
Event: Internal Event	Global Time: 1457809278.29	LC: 260
Event: Send to VMs 2 and 0	Global Time: 1457809278.45	LC: 261
Event: Internal Event	Global Time: 1457809278.62	LC: 262
Event: Internal Event	Global Time: 1457809278.79	LC: 263
Event: Send to VM 2	Global Time: 1457809278.95	LC: 264
Event: Send to VM 0	Global Time: 1457809279.12	LC: 265
Event: Internal Event	Global Time: 1457809279.29	LC: 266
Event: Internal Event	Global Time: 1457809279.45	LC: 267
Event: Internal Event	Global Time: 1457809279.62	LC: 268
Event: Internal Event	Global Time: 1457809279.79	LC: 269
Event: Internal Event	Global Time: 1457809279.96	LC: 270
Event: Send to VMs 2 and 0	Global Time: 1457809280.12	LC: 271
Event: Internal Event	Global Time: 1457809280.29	LC: 272
Event: Internal Event	Global Time: 1457809280.46	LC: 273
Event: Internal Event	Global Time: 1457809280.62	LC: 274
Event: Send to VM 0	Global Time: 1457809280.79	LC: 275
Event: Internal Event	Global Time: 1457809280.96	LC: 276
Event: Internal Event	Global Time: 1457809281.12	LC: 277
Event: Send to VM 0	Global Time: 1457809281.29	LC: 278
Event: Internal Event	Global Time: 1457809281.46	LC: 279
Event: Send to VM 2	Global Time: 1457809281.63	LC: 280
Event: Internal Event	Global Time: 1457809281.79	LC: 281
Event: Send to VM 0	Global Time: 1457809281.96	LC: 282
Event: Internal Event	Global Time: 1457809282.13	LC: 283
Event: Send to VM 0	Global Time: 1457809282.29	LC: 284
Event: Internal Event	Global Time: 1457809282.46	LC: 285
Event: Send to VM 2	Global Time: 1457809282.63	LC: 286
Event: Internal Event	Global Time: 1457809282.8	LC: 287
Event: Internal Event	Global Time: 1457809282.96	LC: 288
Event: Send to VM 2	Global Time: 1457809283.13	LC: 289
Event: Internal Event	Global Time: 1457809283.3	LC: 290
Event: Internal Event	Global Time: 1457809283.46	LC: 291
Event: Internal Event	Global Time: 1457809283.63	LC: 292
Event: Internal Event	Global Time: 1457809283.8	LC: 293
Event: Send to VM 2	Global Time: 1457809283.96	LC: 294
Event: Internal Event	Global Time: 1457809284.13	LC: 295
Event: Internal Event	Global Time: 1457809284.3	LC: 296
Event: Send to VMs 2 and 0	Global Time: 1457809284.47	LC: 297
Event: Send to VMs 2 and 0	Global Time: 1457809284.63	LC: 298
Event: Send to VMs 2 and 0	Global Time: 1457809284.8	LC: 299
Event: Internal Event	Global Time: 1457809284.97	LC: 300
Event: Internal Event	Global Time: 1457809285.13	LC: 301
Event: Send to VM 0	Global Time: 1457809285.3	LC: 302
Event: Internal Event	Global Time: 1457809285.47	LC: 303
Event: Send to VM 2	Global Time: 1457809285.63	LC: 304
Event: Internal Event	Global Time: 1457809285.8	LC: 305
Event: Internal Event	Global Time: 1457809285.97	LC: 306
Event: Send to VM 0	Global Time: 1457809286.14	LC: 307
Event: Send to VM 2	Global Time: 1457809286.3	LC: 308
Event: Internal Event	Global Time: 1457809286.47	LC: 309
Event: Internal Event	Global Time: 1457809286.64	LC: 310
Event: Internal Event	Global Time: 1457809286.8	LC: 311
Event: Send to VMs 2 and 0	Global Time: 1457809286.97	LC: 312
Event: Internal Event	Global Time: 1457809287.14	LC: 313
Event: Send to VM 2	Global Time: 1457809287.3	LC: 314
Event: Send to VM 2	Global Time: 1457809287.47	LC: 315
Event: Send to VMs 2 and 0	Global Time: 1457809287.64	LC: 316
Event: Send to VMs 2 and 0	Global Time: 1457809287.81	LC: 317
Event: Internal Event	Global Time: 1457809287.97	LC: 318
Event: Internal Event	Global Time: 1457809288.14	LC: 319
Event: Send to VMs 2 and 0	Global Time: 1457809288.31	LC: 320
Event: Internal Event	Global Time: 1457809288.47	LC: 321
Event: Send to VM 2	Global Time: 1457809288.64	LC: 322
Event: Internal Event	Global Time: 1457809288.81	LC: 323
Event: Internal Event	Global Time: 1457809288.97	LC: 324
Event: Internal Event	Global Time: 1457809289.14	LC: 325
Event: Internal Event	Global Time: 1457809289.31	LC: 326
Event: Internal Event	Global Time: 1457809289.48	LC: 327
Event: Internal Event	Global Time: 1457809289.64	LC: 328
Event: Internal Event	Global Time: 1457809289.81	LC: 329
Event: Send to VM 2	Global Time: 1457809289.98	LC: 330
Event: Send to VM 2	Global Time: 1457809290.14	LC: 331
Event: Send to VM 0	Global Time: 1457809290.31	LC: 332
Event: Send to VMs 2 and 0	Global Time: 1457809290.48	LC: 333
Event: Send to VM 2	Global Time: 1457809290.64	LC: 334
Event: Send to VMs 2 and 0	Global Time: 1457809290.81	LC: 335
Event: Internal Event	Global Time: 1457809290.98	LC: 336
Event: Send to VMs 2 and 0	Global Time: 1457809291.15	LC: 337
Event: Internal Event	Global Time: 1457809291.31	LC: 338
Event: Send to VM 0	Global Time: 1457809291.48	LC: 339
Event: Send to VM 0	Global Time: 1457809291.65	LC: 340
Event: Internal Event	Global Time: 1457809291.81	LC: 341
Event: Internal Event	Global Time: 1457809291.98	LC: 342
Event: Send to VM 2	Global Time: 1457809292.15	LC: 343
Event: Internal Event	Global Time: 1457809292.31	LC: 344
Event: Send to VM 2	Global Time: 1457809292.48	LC: 345
Event: Send to VM 2	Global Time: 1457809292.65	LC: 346
Event: Internal Event	Global Time: 1457809292.82	LC: 347
Event: Internal Event	Global Time: 1457809292.98	LC: 348
Event: Send to VMs 2 and 0	Global Time: 1457809293.15	LC: 349
Event: Internal Event	Global Time: 1457809293.32	LC: 350
Event: Send to VM 2	Global Time: 1457809293.48	LC: 351
Event: Send to VM 0	Global Time: 1457809293.65	LC: 352
Event: Send to VM 0	Global Time: 1457809293.82	LC: 353
Event: Internal Event	Global Time: 1457809293.98	LC: 354
Event: Send to VM 0	Global Time: 1457809294.15	LC: 355
Event: Internal Event	Global Time: 1457809294.32	LC: 356
Event: Internal Event	Global Time: 1457809294.49	LC: 357
Event: Send to VM 2	Global Time: 1457809294.65	LC: 358
Event: Internal Event	Global Time: 1457809294.82	LC: 359
