Clock Speed: 4
Event: Internal Event	Global Time: 1457813492.31	LC: 1
Event: Send to VM 2	Global Time: 1457813492.56	LC: 2
Event: Internal Event	Global Time: 1457813492.81	LC: 3
Event: Send to VM 2	Global Time: 1457813493.06	LC: 4
Event: Internal Event	Global Time: 1457813493.31	LC: 5
Event: Send to VM 2	Global Time: 1457813493.56	LC: 6
Event: Internal Event	Global Time: 1457813493.81	LC: 7
Event: Internal Event	Global Time: 1457813494.06	LC: 8
Event: Internal Event	Global Time: 1457813494.31	LC: 9
Event: Internal Event	Global Time: 1457813494.56	LC: 10
Event: Send to VM 0	Global Time: 1457813494.81	LC: 11
Event: Send to VM 0	Global Time: 1457813495.06	LC: 12
Event: Send to VM 0	Global Time: 1457813495.32	LC: 13
Event: Send to VM 0	Global Time: 1457813495.57	LC: 14
Event: Send to VM 2	Global Time: 1457813495.82	LC: 15
Event: Internal Event	Global Time: 1457813496.07	LC: 16
Event: Send to VM 2	Global Time: 1457813496.32	LC: 17
Event: Internal Event	Global Time: 1457813496.57	LC: 18
Event: Send to VMs 2 and 0	Global Time: 1457813496.82	LC: 19
Event: Internal Event	Global Time: 1457813497.07	LC: 20
Event: Internal Event	Global Time: 1457813497.32	LC: 21
Event: Internal Event	Global Time: 1457813497.57	LC: 22
Event: Internal Event	Global Time: 1457813497.82	LC: 23
Event: Send to VM 0	Global Time: 1457813498.07	LC: 24
Event: Internal Event	Global Time: 1457813498.32	LC: 25
Event: Send to VM 0	Global Time: 1457813498.57	LC: 26
Event: Internal Event	Global Time: 1457813498.82	LC: 27
Event: Internal Event	Global Time: 1457813499.07	LC: 28
Event: Internal Event	Global Time: 1457813499.32	LC: 29
Event: Internal Event	Global Time: 1457813499.57	LC: 30
Event: Internal Event	Global Time: 1457813499.82	LC: 31
Event: Receive	Global Time: 1457813500.07	MsgQueue Length: 1	LC: 32
Event: Internal Event	Global Time: 1457813500.32	LC: 33
Event: Receive	Global Time: 1457813500.57	MsgQueue Length: 1	LC: 34
Event: Internal Event	Global Time: 1457813500.82	LC: 35
Event: Receive	Global Time: 1457813501.08	MsgQueue Length: 1	LC: 36
Event: Send to VM 0	Global Time: 1457813501.33	LC: 37
Event: Receive	Global Time: 1457813501.58	MsgQueue Length: 1	LC: 38
Event: Send to VM 0	Global Time: 1457813501.83	LC: 39
Event: Internal Event	Global Time: 1457813502.08	LC: 40
Event: Internal Event	Global Time: 1457813502.33	LC: 41
Event: Internal Event	Global Time: 1457813502.58	LC: 42
Event: Internal Event	Global Time: 1457813502.83	LC: 43
Event: Send to VM 0	Global Time: 1457813503.08	LC: 44
Event: Send to VM 2	Global Time: 1457813503.33	LC: 45
Event: Send to VM 2	Global Time: 1457813503.58	LC: 46
Event: Internal Event	Global Time: 1457813503.83	LC: 47
Event: Internal Event	Global Time: 1457813504.08	LC: 48
Event: Internal Event	Global Time: 1457813504.33	LC: 49
Event: Internal Event	Global Time: 1457813504.58	LC: 50
Event: Internal Event	Global Time: 1457813504.83	LC: 51
Event: Receive	Global Time: 1457813505.08	MsgQueue Length: 1	LC: 52
Event: Internal Event	Global Time: 1457813505.33	LC: 53
Event: Internal Event	Global Time: 1457813505.59	LC: 54
Event: Send to VMs 2 and 0	Global Time: 1457813505.84	LC: 55
Event: Internal Event	Global Time: 1457813506.09	LC: 56
Event: Internal Event	Global Time: 1457813506.34	LC: 57
Event: Send to VM 0	Global Time: 1457813506.59	LC: 58
Event: Internal Event	Global Time: 1457813506.84	LC: 59
Event: Internal Event	Global Time: 1457813507.09	LC: 60
Event: Internal Event	Global Time: 1457813507.34	LC: 61
Event: Send to VMs 2 and 0	Global Time: 1457813507.59	LC: 62
Event: Internal Event	Global Time: 1457813507.84	LC: 63
Event: Internal Event	Global Time: 1457813508.09	LC: 64
Event: Internal Event	Global Time: 1457813508.34	LC: 65
Event: Receive	Global Time: 1457813508.59	MsgQueue Length: 1	LC: 66
Event: Send to VMs 2 and 0	Global Time: 1457813508.84	LC: 67
Event: Send to VM 2	Global Time: 1457813509.09	LC: 68
Event: Send to VM 0	Global Time: 1457813509.34	LC: 69
Event: Internal Event	Global Time: 1457813509.59	LC: 70
Event: Send to VMs 2 and 0	Global Time: 1457813509.84	LC: 71
Event: Internal Event	Global Time: 1457813510.09	LC: 72
Event: Internal Event	Global Time: 1457813510.34	LC: 73
Event: Send to VM 0	Global Time: 1457813510.6	LC: 74
Event: Internal Event	Global Time: 1457813510.85	LC: 75
Event: Receive	Global Time: 1457813511.1	MsgQueue Length: 1	LC: 76
Event: Internal Event	Global Time: 1457813511.35	LC: 77
Event: Send to VM 0	Global Time: 1457813511.6	LC: 78
Event: Internal Event	Global Time: 1457813511.85	LC: 79
Event: Internal Event	Global Time: 1457813512.1	LC: 80
Event: Send to VM 0	Global Time: 1457813512.35	LC: 81
Event: Internal Event	Global Time: 1457813512.6	LC: 82
Event: Internal Event	Global Time: 1457813512.85	LC: 83
Event: Send to VMs 2 and 0	Global Time: 1457813513.1	LC: 84
Event: Send to VM 2	Global Time: 1457813513.35	LC: 85
Event: Internal Event	Global Time: 1457813513.6	LC: 86
Event: Internal Event	Global Time: 1457813513.85	LC: 87
Event: Internal Event	Global Time: 1457813514.1	LC: 88
Event: Internal Event	Global Time: 1457813514.35	LC: 89
Event: Internal Event	Global Time: 1457813514.6	LC: 90
Event: Send to VM 0	Global Time: 1457813514.85	LC: 91
Event: Internal Event	Global Time: 1457813515.1	LC: 92
Event: Internal Event	Global Time: 1457813515.35	LC: 93
Event: Internal Event	Global Time: 1457813515.6	LC: 94
Event: Send to VM 2	Global Time: 1457813515.86	LC: 95
Event: Send to VMs 2 and 0	Global Time: 1457813516.11	LC: 96
Event: Send to VM 0	Global Time: 1457813516.36	LC: 97
Event: Send to VM 2	Global Time: 1457813516.61	LC: 98
Event: Send to VM 0	Global Time: 1457813516.86	LC: 99
Event: Internal Event	Global Time: 1457813517.11	LC: 100
Event: Internal Event	Global Time: 1457813517.36	LC: 101
Event: Receive	Global Time: 1457813517.61	MsgQueue Length: 1	LC: 102
Event: Send to VM 2	Global Time: 1457813517.86	LC: 103
Event: Send to VM 0	Global Time: 1457813518.11	LC: 104
Event: Send to VMs 2 and 0	Global Time: 1457813518.36	LC: 105
Event: Internal Event	Global Time: 1457813518.61	LC: 106
Event: Internal Event	Global Time: 1457813518.86	LC: 107
Event: Receive	Global Time: 1457813519.11	MsgQueue Length: 1	LC: 108
Event: Internal Event	Global Time: 1457813519.36	LC: 109
Event: Internal Event	Global Time: 1457813519.61	LC: 110
Event: Internal Event	Global Time: 1457813519.86	LC: 111
Event: Internal Event	Global Time: 1457813520.11	LC: 112
Event: Send to VM 2	Global Time: 1457813520.36	LC: 113
Event: Send to VM 2	Global Time: 1457813520.61	LC: 114
Event: Internal Event	Global Time: 1457813520.86	LC: 115
Event: Send to VM 0	Global Time: 1457813521.11	LC: 116
Event: Send to VM 0	Global Time: 1457813521.36	LC: 117
Event: Internal Event	Global Time: 1457813521.62	LC: 118
Event: Internal Event	Global Time: 1457813521.87	LC: 119
Event: Internal Event	Global Time: 1457813522.12	LC: 120
Event: Internal Event	Global Time: 1457813522.37	LC: 121
Event: Receive	Global Time: 1457813522.62	MsgQueue Length: 1	LC: 122
Event: Internal Event	Global Time: 1457813522.87	LC: 123
Event: Internal Event	Global Time: 1457813523.12	LC: 124
Event: Internal Event	Global Time: 1457813523.37	LC: 125
Event: Internal Event	Global Time: 1457813523.62	LC: 126
Event: Internal Event	Global Time: 1457813523.87	LC: 127
Event: Internal Event	Global Time: 1457813524.12	LC: 128
Event: Internal Event	Global Time: 1457813524.37	LC: 129
Event: Internal Event	Global Time: 1457813524.62	LC: 130
Event: Internal Event	Global Time: 1457813524.87	LC: 131
Event: Internal Event	Global Time: 1457813525.12	LC: 132
Event: Internal Event	Global Time: 1457813525.37	LC: 133
Event: Internal Event	Global Time: 1457813525.62	LC: 134
Event: Send to VM 2	Global Time: 1457813525.87	LC: 135
Event: Internal Event	Global Time: 1457813526.12	LC: 136
Event: Internal Event	Global Time: 1457813526.38	LC: 137
Event: Internal Event	Global Time: 1457813526.63	LC: 138
Event: Internal Event	Global Time: 1457813526.88	LC: 139
Event: Internal Event	Global Time: 1457813527.13	LC: 140
Event: Internal Event	Global Time: 1457813527.38	LC: 141
Event: Internal Event	Global Time: 1457813527.63	LC: 142
Event: Send to VMs 2 and 0	Global Time: 1457813527.88	LC: 143
Event: Internal Event	Global Time: 1457813528.13	LC: 144
Event: Send to VM 0	Global Time: 1457813528.38	LC: 145
Event: Receive	Global Time: 1457813528.63	MsgQueue Length: 1	LC: 146
Event: Internal Event	Global Time: 1457813528.88	LC: 147
Event: Send to VM 2	Global Time: 1457813529.13	LC: 148
Event: Internal Event	Global Time: 1457813529.38	LC: 149
Event: Internal Event	Global Time: 1457813529.63	LC: 150
Event: Internal Event	Global Time: 1457813529.88	LC: 151
Event: Internal Event	Global Time: 1457813530.13	LC: 152
Event: Internal Event	Global Time: 1457813530.38	LC: 153
Event: Receive	Global Time: 1457813530.63	MsgQueue Length: 1	LC: 154
Event: Internal Event	Global Time: 1457813530.88	LC: 155
Event: Internal Event	Global Time: 1457813531.14	LC: 156
Event: Internal Event	Global Time: 1457813531.39	LC: 157
Event: Internal Event	Global Time: 1457813531.64	LC: 158
Event: Internal Event	Global Time: 1457813531.89	LC: 159
