Clock Speed: 6
Event: Internal Event	Global Time: 1457808815.02	LC: 1
Event: Receive	Global Time: 1457808815.18	MsgQueue Length: 0	LC: 2
Event: Send to VM 0	Global Time: 1457808815.35	LC: 3
Event: Internal Event	Global Time: 1457808815.52	LC: 4
Event: Receive	Global Time: 1457808815.68	MsgQueue Length: 0	LC: 5
Event: Receive	Global Time: 1457808815.85	MsgQueue Length: 0	LC: 6
Event: Internal Event	Global Time: 1457808816.02	LC: 7
Event: Receive	Global Time: 1457808816.18	MsgQueue Length: 0	LC: 8
Event: Send to VMs 2 and 0	Global Time: 1457808816.35	LC: 9
Event: Send to VM 0	Global Time: 1457808816.52	LC: 10
Event: Internal Event	Global Time: 1457808816.69	LC: 11
Event: Send to VM 0	Global Time: 1457808816.85	LC: 12
Event: Internal Event	Global Time: 1457808817.02	LC: 13
Event: Internal Event	Global Time: 1457808817.19	LC: 14
Event: Internal Event	Global Time: 1457808817.35	LC: 15
Event: Internal Event	Global Time: 1457808817.52	LC: 16
Event: Send to VM 2	Global Time: 1457808817.69	LC: 17
Event: Internal Event	Global Time: 1457808817.85	LC: 18
Event: Internal Event	Global Time: 1457808818.02	LC: 19
Event: Internal Event	Global Time: 1457808818.19	LC: 20
Event: Receive	Global Time: 1457808818.36	MsgQueue Length: 1	LC: 21
Event: Receive	Global Time: 1457808818.52	MsgQueue Length: 0	LC: 22
Event: Internal Event	Global Time: 1457808818.69	LC: 23
Event: Internal Event	Global Time: 1457808818.86	LC: 24
Event: Send to VMs 2 and 0	Global Time: 1457808819.02	LC: 25
Event: Send to VM 0	Global Time: 1457808819.19	LC: 26
Event: Internal Event	Global Time: 1457808819.36	LC: 27
Event: Receive	Global Time: 1457808819.52	MsgQueue Length: 0	LC: 28
Event: Internal Event	Global Time: 1457808819.69	LC: 29
Event: Internal Event	Global Time: 1457808819.86	LC: 30
Event: Internal Event	Global Time: 1457808820.03	LC: 31
Event: Send to VMs 2 and 0	Global Time: 1457808820.19	LC: 32
Event: Internal Event	Global Time: 1457808820.36	LC: 33
Event: Receive	Global Time: 1457808820.53	MsgQueue Length: 0	LC: 34
Event: Receive	Global Time: 1457808820.69	MsgQueue Length: 0	LC: 35
Event: Internal Event	Global Time: 1457808820.86	LC: 36
Event: Receive	Global Time: 1457808821.03	MsgQueue Length: 0	LC: 37
Event: Internal Event	Global Time: 1457808821.19	LC: 38
Event: Internal Event	Global Time: 1457808821.36	LC: 39
Event: Send to VMs 2 and 0	Global Time: 1457808821.53	LC: 40
Event: Send to VMs 2 and 0	Global Time: 1457808821.7	LC: 41
Event: Internal Event	Global Time: 1457808821.86	LC: 42
Event: Send to VM 0	Global Time: 1457808822.03	LC: 43
Event: Internal Event	Global Time: 1457808822.2	LC: 44
Event: Internal Event	Global Time: 1457808822.36	LC: 45
Event: Internal Event	Global Time: 1457808822.53	LC: 46
Event: Internal Event	Global Time: 1457808822.7	LC: 47
Event: Internal Event	Global Time: 1457808822.86	LC: 48
Event: Receive	Global Time: 1457808823.03	MsgQueue Length: 0	LC: 49
Event: Internal Event	Global Time: 1457808823.2	LC: 50
Event: Internal Event	Global Time: 1457808823.37	LC: 51
Event: Send to VM 2	Global Time: 1457808823.53	LC: 52
Event: Internal Event	Global Time: 1457808823.7	LC: 53
Event: Send to VMs 2 and 0	Global Time: 1457808823.87	LC: 54
Event: Internal Event	Global Time: 1457808824.03	LC: 55
Event: Internal Event	Global Time: 1457808824.2	LC: 56
Event: Internal Event	Global Time: 1457808824.37	LC: 57
Event: Internal Event	Global Time: 1457808824.53	LC: 58
Event: Send to VM 2	Global Time: 1457808824.7	LC: 59
Event: Internal Event	Global Time: 1457808824.87	LC: 60
Event: Receive	Global Time: 1457808825.04	MsgQueue Length: 0	LC: 61
Event: Internal Event	Global Time: 1457808825.2	LC: 62
Event: Internal Event	Global Time: 1457808825.37	LC: 63
Event: Send to VM 0	Global Time: 1457808825.54	LC: 64
Event: Internal Event	Global Time: 1457808825.7	LC: 65
Event: Receive	Global Time: 1457808825.87	MsgQueue Length: 0	LC: 66
Event: Send to VM 2	Global Time: 1457808826.04	LC: 67
Event: Internal Event	Global Time: 1457808826.2	LC: 68
Event: Send to VM 2	Global Time: 1457808826.37	LC: 69
Event: Send to VM 0	Global Time: 1457808826.54	LC: 70
Event: Internal Event	Global Time: 1457808826.71	LC: 71
Event: Internal Event	Global Time: 1457808826.87	LC: 72
Event: Internal Event	Global Time: 1457808827.04	LC: 73
Event: Internal Event	Global Time: 1457808827.21	LC: 74
Event: Receive	Global Time: 1457808827.37	MsgQueue Length: 0	LC: 75
Event: Internal Event	Global Time: 1457808827.54	LC: 76
Event: Receive	Global Time: 1457808827.71	MsgQueue Length: 0	LC: 77
Event: Internal Event	Global Time: 1457808827.88	LC: 78
Event: Send to VM 0	Global Time: 1457808828.04	LC: 79
Event: Internal Event	Global Time: 1457808828.21	LC: 80
Event: Send to VM 0	Global Time: 1457808828.38	LC: 81
Event: Receive	Global Time: 1457808828.54	MsgQueue Length: 0	LC: 82
Event: Send to VM 2	Global Time: 1457808828.71	LC: 83
Event: Send to VM 2	Global Time: 1457808828.88	LC: 84
Event: Internal Event	Global Time: 1457808829.04	LC: 85
Event: Send to VM 2	Global Time: 1457808829.21	LC: 86
Event: Send to VMs 2 and 0	Global Time: 1457808829.38	LC: 87
Event: Internal Event	Global Time: 1457808829.55	LC: 88
Event: Internal Event	Global Time: 1457808829.71	LC: 89
Event: Internal Event	Global Time: 1457808829.88	LC: 90
Event: Internal Event	Global Time: 1457808830.05	LC: 91
Event: Internal Event	Global Time: 1457808830.21	LC: 92
Event: Internal Event	Global Time: 1457808830.38	LC: 93
Event: Internal Event	Global Time: 1457808830.55	LC: 94
Event: Internal Event	Global Time: 1457808830.71	LC: 95
Event: Internal Event	Global Time: 1457808830.88	LC: 96
Event: Internal Event	Global Time: 1457808831.05	LC: 97
Event: Internal Event	Global Time: 1457808831.22	LC: 98
Event: Internal Event	Global Time: 1457808831.38	LC: 99
Event: Receive	Global Time: 1457808831.55	MsgQueue Length: 0	LC: 100
Event: Send to VM 2	Global Time: 1457808831.72	LC: 101
Event: Send to VMs 2 and 0	Global Time: 1457808831.88	LC: 102
Event: Send to VM 2	Global Time: 1457808832.05	LC: 103
Event: Internal Event	Global Time: 1457808832.22	LC: 104
Event: Internal Event	Global Time: 1457808832.38	LC: 105
Event: Send to VM 0	Global Time: 1457808832.55	LC: 106
Event: Receive	Global Time: 1457808832.72	MsgQueue Length: 0	LC: 107
Event: Send to VM 2	Global Time: 1457808832.89	LC: 108
Event: Internal Event	Global Time: 1457808833.05	LC: 109
Event: Internal Event	Global Time: 1457808833.22	LC: 110
Event: Internal Event	Global Time: 1457808833.39	LC: 111
Event: Send to VMs 2 and 0	Global Time: 1457808833.55	LC: 112
Event: Internal Event	Global Time: 1457808833.72	LC: 113
Event: Receive	Global Time: 1457808833.89	MsgQueue Length: 0	LC: 114
Event: Internal Event	Global Time: 1457808834.05	LC: 115
Event: Internal Event	Global Time: 1457808834.22	LC: 116
Event: Internal Event	Global Time: 1457808834.39	LC: 117
Event: Internal Event	Global Time: 1457808834.56	LC: 118
Event: Internal Event	Global Time: 1457808834.72	LC: 119
Event: Internal Event	Global Time: 1457808834.89	LC: 120
Event: Send to VM 2	Global Time: 1457808835.06	LC: 121
Event: Send to VM 0	Global Time: 1457808835.22	LC: 122
Event: Internal Event	Global Time: 1457808835.39	LC: 123
Event: Receive	Global Time: 1457808835.56	MsgQueue Length: 0	LC: 124
Event: Internal Event	Global Time: 1457808835.72	LC: 125
Event: Internal Event	Global Time: 1457808835.89	LC: 126
Event: Internal Event	Global Time: 1457808836.06	LC: 127
Event: Internal Event	Global Time: 1457808836.23	LC: 128
Event: Send to VM 2	Global Time: 1457808836.39	LC: 129
Event: Internal Event	Global Time: 1457808836.56	LC: 130
Event: Send to VM 2	Global Time: 1457808836.73	LC: 131
Event: Send to VM 0	Global Time: 1457808836.89	LC: 132
Event: Internal Event	Global Time: 1457808837.06	LC: 133
Event: Internal Event	Global Time: 1457808837.23	LC: 134
Event: Receive	Global Time: 1457808837.39	MsgQueue Length: 0	LC: 135
Event: Internal Event	Global Time: 1457808837.56	LC: 136
Event: Internal Event	Global Time: 1457808837.73	LC: 137
Event: Send to VM 0	Global Time: 1457808837.9	LC: 138
Event: Internal Event	Global Time: 1457808838.06	LC: 139
Event: Receive	Global Time: 1457808838.23	MsgQueue Length: 0	LC: 140
Event: Send to VM 2	Global Time: 1457808838.4	LC: 141
Event: Internal Event	Global Time: 1457808838.56	LC: 142
Event: Internal Event	Global Time: 1457808838.73	LC: 143
Event: Internal Event	Global Time: 1457808838.9	LC: 144
Event: Internal Event	Global Time: 1457808839.06	LC: 145
Event: Internal Event	Global Time: 1457808839.23	LC: 146
Event: Send to VMs 2 and 0	Global Time: 1457808839.4	LC: 147
Event: Internal Event	Global Time: 1457808839.57	LC: 148
Event: Internal Event	Global Time: 1457808839.73	LC: 149
Event: Receive	Global Time: 1457808839.9	MsgQueue Length: 0	LC: 150
Event: Internal Event	Global Time: 1457808840.07	LC: 151
Event: Internal Event	Global Time: 1457808840.23	LC: 152
Event: Internal Event	Global Time: 1457808840.4	LC: 153
Event: Internal Event	Global Time: 1457808840.57	LC: 154
Event: Internal Event	Global Time: 1457808840.73	LC: 155
Event: Send to VM 0	Global Time: 1457808840.9	LC: 156
Event: Internal Event	Global Time: 1457808841.07	LC: 157
Event: Receive	Global Time: 1457808841.24	MsgQueue Length: 0	LC: 158
Event: Send to VMs 2 and 0	Global Time: 1457808841.4	LC: 159
Event: Receive	Global Time: 1457808841.57	MsgQueue Length: 0	LC: 160
Event: Internal Event	Global Time: 1457808841.74	LC: 161
Event: Internal Event	Global Time: 1457808841.9	LC: 162
Event: Send to VM 0	Global Time: 1457808842.07	LC: 163
Event: Receive	Global Time: 1457808842.24	MsgQueue Length: 0	LC: 164
Event: Internal Event	Global Time: 1457808842.4	LC: 165
Event: Send to VM 2	Global Time: 1457808842.57	LC: 166
Event: Internal Event	Global Time: 1457808842.74	LC: 167
Event: Internal Event	Global Time: 1457808842.91	LC: 168
Event: Internal Event	Global Time: 1457808843.07	LC: 169
Event: Internal Event	Global Time: 1457808843.24	LC: 170
Event: Internal Event	Global Time: 1457808843.41	LC: 171
Event: Internal Event	Global Time: 1457808843.57	LC: 172
Event: Send to VM 0	Global Time: 1457808843.74	LC: 173
Event: Receive	Global Time: 1457808843.91	MsgQueue Length: 0	LC: 174
Event: Send to VM 2	Global Time: 1457808844.07	LC: 175
Event: Internal Event	Global Time: 1457808844.24	LC: 176
Event: Internal Event	Global Time: 1457808844.41	LC: 177
Event: Internal Event	Global Time: 1457808844.58	LC: 178
Event: Internal Event	Global Time: 1457808844.74	LC: 179
Event: Internal Event	Global Time: 1457808844.91	LC: 180
Event: Internal Event	Global Time: 1457808845.08	LC: 181
Event: Internal Event	Global Time: 1457808845.24	LC: 182
Event: Send to VM 2	Global Time: 1457808845.41	LC: 183
Event: Internal Event	Global Time: 1457808845.58	LC: 184
Event: Send to VM 0	Global Time: 1457808845.74	LC: 185
Event: Internal Event	Global Time: 1457808845.91	LC: 186
Event: Receive	Global Time: 1457808846.08	MsgQueue Length: 0	LC: 187
Event: Internal Event	Global Time: 1457808846.25	LC: 188
Event: Internal Event	Global Time: 1457808846.41	LC: 189
Event: Internal Event	Global Time: 1457808846.58	LC: 190
Event: Internal Event	Global Time: 1457808846.75	LC: 191
Event: Internal Event	Global Time: 1457808846.91	LC: 192
Event: Internal Event	Global Time: 1457808847.08	LC: 193
Event: Internal Event	Global Time: 1457808847.25	LC: 194
Event: Send to VM 2	Global Time: 1457808847.41	LC: 195
Event: Internal Event	Global Time: 1457808847.58	LC: 196
Event: Send to VMs 2 and 0	Global Time: 1457808847.75	LC: 197
Event: Internal Event	Global Time: 1457808847.91	LC: 198
Event: Send to VM 2	Global Time: 1457808848.08	LC: 199
Event: Receive	Global Time: 1457808848.25	MsgQueue Length: 0	LC: 200
Event: Send to VM 0	Global Time: 1457808848.42	LC: 201
Event: Send to VM 2	Global Time: 1457808848.58	LC: 202
Event: Internal Event	Global Time: 1457808848.75	LC: 203
Event: Internal Event	Global Time: 1457808848.92	LC: 204
Event: Receive	Global Time: 1457808849.08	MsgQueue Length: 0	LC: 205
Event: Internal Event	Global Time: 1457808849.25	LC: 206
Event: Internal Event	Global Time: 1457808849.42	LC: 207
Event: Internal Event	Global Time: 1457808849.58	LC: 208
Event: Send to VM 2	Global Time: 1457808849.75	LC: 209
Event: Internal Event	Global Time: 1457808849.92	LC: 210
Event: Internal Event	Global Time: 1457808850.09	LC: 211
Event: Internal Event	Global Time: 1457808850.25	LC: 212
Event: Send to VMs 2 and 0	Global Time: 1457808850.42	LC: 213
Event: Send to VM 2	Global Time: 1457808850.59	LC: 214
Event: Internal Event	Global Time: 1457808850.75	LC: 215
Event: Send to VMs 2 and 0	Global Time: 1457808850.92	LC: 216
Event: Send to VMs 2 and 0	Global Time: 1457808851.09	LC: 217
Event: Internal Event	Global Time: 1457808851.25	LC: 218
Event: Internal Event	Global Time: 1457808851.42	LC: 219
Event: Internal Event	Global Time: 1457808851.59	LC: 220
Event: Receive	Global Time: 1457808851.76	MsgQueue Length: 0	LC: 221
Event: Internal Event	Global Time: 1457808851.92	LC: 222
Event: Internal Event	Global Time: 1457808852.09	LC: 223
Event: Receive	Global Time: 1457808852.26	MsgQueue Length: 1	LC: 224
Event: Receive	Global Time: 1457808852.42	MsgQueue Length: 0	LC: 225
Event: Internal Event	Global Time: 1457808852.59	LC: 226
Event: Internal Event	Global Time: 1457808852.76	LC: 227
Event: Internal Event	Global Time: 1457808852.92	LC: 228
Event: Internal Event	Global Time: 1457808853.09	LC: 229
Event: Internal Event	Global Time: 1457808853.26	LC: 230
Event: Send to VMs 2 and 0	Global Time: 1457808853.43	LC: 231
Event: Internal Event	Global Time: 1457808853.59	LC: 232
Event: Internal Event	Global Time: 1457808853.76	LC: 233
Event: Internal Event	Global Time: 1457808853.93	LC: 234
Event: Internal Event	Global Time: 1457808854.09	LC: 235
Event: Internal Event	Global Time: 1457808854.26	LC: 236
Event: Receive	Global Time: 1457808854.43	MsgQueue Length: 0	LC: 237
Event: Internal Event	Global Time: 1457808854.59	LC: 238
Event: Internal Event	Global Time: 1457808854.76	LC: 239
Event: Internal Event	Global Time: 1457808854.93	LC: 240
Event: Internal Event	Global Time: 1457808855.1	LC: 241
Event: Internal Event	Global Time: 1457808855.26	LC: 242
Event: Send to VM 0	Global Time: 1457808855.43	LC: 243
Event: Internal Event	Global Time: 1457808855.6	LC: 244
Event: Send to VM 0	Global Time: 1457808855.76	LC: 245
Event: Send to VMs 2 and 0	Global Time: 1457808855.93	LC: 246
Event: Send to VM 2	Global Time: 1457808856.1	LC: 247
Event: Send to VMs 2 and 0	Global Time: 1457808856.26	LC: 248
Event: Internal Event	Global Time: 1457808856.43	LC: 249
Event: Internal Event	Global Time: 1457808856.6	LC: 250
Event: Receive	Global Time: 1457808856.77	MsgQueue Length: 0	LC: 251
Event: Internal Event	Global Time: 1457808856.93	LC: 252
Event: Receive	Global Time: 1457808857.1	MsgQueue Length: 1	LC: 253
Event: Receive	Global Time: 1457808857.27	MsgQueue Length: 0	LC: 254
Event: Internal Event	Global Time: 1457808857.43	LC: 255
Event: Receive	Global Time: 1457808857.6	MsgQueue Length: 0	LC: 256
Event: Internal Event	Global Time: 1457808857.77	LC: 257
Event: Internal Event	Global Time: 1457808857.93	LC: 258
Event: Internal Event	Global Time: 1457808858.1	LC: 259
Event: Internal Event	Global Time: 1457808858.27	LC: 260
Event: Send to VMs 2 and 0	Global Time: 1457808858.44	LC: 261
Event: Internal Event	Global Time: 1457808858.6	LC: 262
Event: Internal Event	Global Time: 1457808858.77	LC: 263
Event: Internal Event	Global Time: 1457808858.94	LC: 264
Event: Receive	Global Time: 1457808859.1	MsgQueue Length: 0	LC: 265
Event: Internal Event	Global Time: 1457808859.27	LC: 266
Event: Internal Event	Global Time: 1457808859.44	LC: 267
Event: Internal Event	Global Time: 1457808859.6	LC: 268
Event: Internal Event	Global Time: 1457808859.77	LC: 269
Event: Internal Event	Global Time: 1457808859.94	LC: 270
Event: Internal Event	Global Time: 1457808860.11	LC: 271
Event: Internal Event	Global Time: 1457808860.27	LC: 272
Event: Internal Event	Global Time: 1457808860.44	LC: 273
Event: Send to VM 2	Global Time: 1457808860.61	LC: 274
Event: Send to VM 0	Global Time: 1457808860.77	LC: 275
Event: Internal Event	Global Time: 1457808860.94	LC: 276
Event: Send to VM 0	Global Time: 1457808861.11	LC: 277
Event: Internal Event	Global Time: 1457808861.27	LC: 278
Event: Send to VMs 2 and 0	Global Time: 1457808861.44	LC: 279
Event: Receive	Global Time: 1457808861.61	MsgQueue Length: 0	LC: 280
Event: Internal Event	Global Time: 1457808861.78	LC: 281
Event: Internal Event	Global Time: 1457808861.94	LC: 282
Event: Receive	Global Time: 1457808862.11	MsgQueue Length: 0	LC: 283
Event: Send to VM 2	Global Time: 1457808862.28	LC: 284
Event: Receive	Global Time: 1457808862.44	MsgQueue Length: 0	LC: 285
Event: Internal Event	Global Time: 1457808862.61	LC: 286
Event: Internal Event	Global Time: 1457808862.78	LC: 287
Event: Send to VM 0	Global Time: 1457808862.94	LC: 288
Event: Internal Event	Global Time: 1457808863.11	LC: 289
Event: Internal Event	Global Time: 1457808863.28	LC: 290
Event: Send to VMs 2 and 0	Global Time: 1457808863.45	LC: 291
Event: Receive	Global Time: 1457808863.61	MsgQueue Length: 0	LC: 292
Event: Internal Event	Global Time: 1457808863.78	LC: 293
Event: Internal Event	Global Time: 1457808863.95	LC: 294
Event: Internal Event	Global Time: 1457808864.11	LC: 295
Event: Receive	Global Time: 1457808864.28	MsgQueue Length: 0	LC: 296
Event: Send to VM 0	Global Time: 1457808864.45	LC: 297
Event: Send to VM 2	Global Time: 1457808864.61	LC: 298
Event: Internal Event	Global Time: 1457808864.78	LC: 299
Event: Send to VM 0	Global Time: 1457808864.95	LC: 300
Event: Receive	Global Time: 1457808865.12	MsgQueue Length: 0	LC: 301
Event: Internal Event	Global Time: 1457808865.28	LC: 302
Event: Send to VMs 2 and 0	Global Time: 1457808865.45	LC: 303
Event: Receive	Global Time: 1457808865.62	MsgQueue Length: 0	LC: 304
Event: Send to VM 2	Global Time: 1457808865.78	LC: 305
Event: Internal Event	Global Time: 1457808865.95	LC: 306
Event: Internal Event	Global Time: 1457808866.12	LC: 307
Event: Receive	Global Time: 1457808866.28	MsgQueue Length: 0	LC: 308
Event: Internal Event	Global Time: 1457808866.45	LC: 309
Event: Send to VMs 2 and 0	Global Time: 1457808866.62	LC: 310
Event: Send to VMs 2 and 0	Global Time: 1457808866.79	LC: 311
Event: Internal Event	Global Time: 1457808866.95	LC: 312
Event: Send to VM 2	Global Time: 1457808867.12	LC: 313
Event: Send to VM 2	Global Time: 1457808867.29	LC: 314
Event: Internal Event	Global Time: 1457808867.45	LC: 315
Event: Send to VMs 2 and 0	Global Time: 1457808867.62	LC: 316
Event: Receive	Global Time: 1457808867.79	MsgQueue Length: 0	LC: 317
Event: Internal Event	Global Time: 1457808867.95	LC: 318
Event: Receive	Global Time: 1457808868.12	MsgQueue Length: 0	LC: 319
Event: Internal Event	Global Time: 1457808868.29	LC: 320
Event: Send to VM 0	Global Time: 1457808868.46	LC: 321
Event: Send to VMs 2 and 0	Global Time: 1457808868.62	LC: 322
Event: Internal Event	Global Time: 1457808868.79	LC: 323
Event: Internal Event	Global Time: 1457808868.96	LC: 324
Event: Receive	Global Time: 1457808869.12	MsgQueue Length: 0	LC: 325
Event: Internal Event	Global Time: 1457808869.29	LC: 326
Event: Internal Event	Global Time: 1457808869.46	LC: 327
Event: Receive	Global Time: 1457808869.62	MsgQueue Length: 1	LC: 328
Event: Receive	Global Time: 1457808869.79	MsgQueue Length: 0	LC: 329
Event: Send to VM 2	Global Time: 1457808869.96	LC: 330
Event: Internal Event	Global Time: 1457808870.13	LC: 331
Event: Internal Event	Global Time: 1457808870.29	LC: 332
Event: Internal Event	Global Time: 1457808870.46	LC: 333
Event: Send to VM 2	Global Time: 1457808870.63	LC: 334
Event: Send to VM 0	Global Time: 1457808870.79	LC: 335
Event: Internal Event	Global Time: 1457808870.96	LC: 336
Event: Internal Event	Global Time: 1457808871.13	LC: 337
Event: Internal Event	Global Time: 1457808871.29	LC: 338
Event: Internal Event	Global Time: 1457808871.46	LC: 339
Event: Internal Event	Global Time: 1457808871.63	LC: 340
Event: Receive	Global Time: 1457808871.8	MsgQueue Length: 0	LC: 341
Event: Send to VM 0	Global Time: 1457808871.96	LC: 342
Event: Internal Event	Global Time: 1457808872.13	LC: 343
Event: Send to VM 2	Global Time: 1457808872.3	LC: 344
Event: Send to VM 2	Global Time: 1457808872.46	LC: 345
Event: Send to VM 0	Global Time: 1457808872.63	LC: 346
Event: Send to VM 2	Global Time: 1457808872.8	LC: 347
Event: Send to VMs 2 and 0	Global Time: 1457808872.96	LC: 348
Event: Internal Event	Global Time: 1457808873.13	LC: 349
Event: Internal Event	Global Time: 1457808873.3	LC: 350
Event: Receive	Global Time: 1457808873.47	MsgQueue Length: 0	LC: 351
Event: Send to VMs 2 and 0	Global Time: 1457808873.63	LC: 352
Event: Send to VMs 2 and 0	Global Time: 1457808873.8	LC: 353
Event: Internal Event	Global Time: 1457808873.97	LC: 354
Event: Internal Event	Global Time: 1457808874.13	LC: 355
Event: Internal Event	Global Time: 1457808874.3	LC: 356
Event: Receive	Global Time: 1457808874.47	MsgQueue Length: 0	LC: 357
Event: Internal Event	Global Time: 1457808874.63	LC: 358
Event: Receive	Global Time: 1457808874.8	MsgQueue Length: 0	LC: 359
