Clock Speed: 6
Event: Receive	Global Time: 1457809115.03	MsgQueue Length: 0	LC: 1
Event: Internal Event	Global Time: 1457809115.19	LC: 2
Event: Send to VM 0	Global Time: 1457809115.36	LC: 3
Event: Internal Event	Global Time: 1457809115.53	LC: 4
Event: Internal Event	Global Time: 1457809115.7	LC: 5
Event: Receive	Global Time: 1457809115.86	MsgQueue Length: 0	LC: 6
Event: Receive	Global Time: 1457809116.03	MsgQueue Length: 0	LC: 7
Event: Internal Event	Global Time: 1457809116.2	LC: 8
Event: Internal Event	Global Time: 1457809116.36	LC: 9
Event: Send to VMs 2 and 0	Global Time: 1457809116.53	LC: 10
Event: Receive	Global Time: 1457809116.7	MsgQueue Length: 0	LC: 11
Event: Send to VMs 2 and 0	Global Time: 1457809116.86	LC: 12
Event: Internal Event	Global Time: 1457809117.03	LC: 13
Event: Send to VM 2	Global Time: 1457809117.2	LC: 14
Event: Send to VM 0	Global Time: 1457809117.36	LC: 15
Event: Internal Event	Global Time: 1457809117.53	LC: 16
Event: Internal Event	Global Time: 1457809117.7	LC: 17
Event: Receive	Global Time: 1457809117.87	MsgQueue Length: 1	LC: 18
Event: Receive	Global Time: 1457809118.03	MsgQueue Length: 0	LC: 19
Event: Internal Event	Global Time: 1457809118.2	LC: 20
Event: Receive	Global Time: 1457809118.37	MsgQueue Length: 1	LC: 21
Event: Receive	Global Time: 1457809118.53	MsgQueue Length: 0	LC: 22
Event: Send to VM 0	Global Time: 1457809118.7	LC: 23
Event: Receive	Global Time: 1457809118.87	MsgQueue Length: 0	LC: 24
Event: Receive	Global Time: 1457809119.04	MsgQueue Length: 0	LC: 25
Event: Send to VM 0	Global Time: 1457809119.2	LC: 26
Event: Internal Event	Global Time: 1457809119.37	LC: 27
Event: Send to VM 0	Global Time: 1457809119.54	LC: 28
Event: Send to VM 0	Global Time: 1457809119.71	LC: 29
Event: Receive	Global Time: 1457809119.87	MsgQueue Length: 0	LC: 30
Event: Internal Event	Global Time: 1457809120.04	LC: 31
Event: Internal Event	Global Time: 1457809120.21	LC: 32
Event: Send to VMs 2 and 0	Global Time: 1457809120.37	LC: 33
Event: Send to VM 0	Global Time: 1457809120.54	LC: 34
Event: Receive	Global Time: 1457809120.71	MsgQueue Length: 0	LC: 35
Event: Internal Event	Global Time: 1457809120.87	LC: 36
Event: Internal Event	Global Time: 1457809121.04	LC: 37
Event: Send to VM 2	Global Time: 1457809121.21	LC: 38
Event: Internal Event	Global Time: 1457809121.38	LC: 39
Event: Send to VMs 2 and 0	Global Time: 1457809121.54	LC: 40
Event: Send to VM 2	Global Time: 1457809121.71	LC: 41
Event: Internal Event	Global Time: 1457809121.88	LC: 42
Event: Internal Event	Global Time: 1457809122.04	LC: 43
Event: Send to VM 0	Global Time: 1457809122.21	LC: 44
Event: Internal Event	Global Time: 1457809122.38	LC: 45
Event: Receive	Global Time: 1457809122.54	MsgQueue Length: 0	LC: 46
Event: Internal Event	Global Time: 1457809122.71	LC: 47
Event: Send to VM 2	Global Time: 1457809122.88	LC: 48
Event: Send to VM 2	Global Time: 1457809123.05	LC: 49
Event: Internal Event	Global Time: 1457809123.21	LC: 50
Event: Internal Event	Global Time: 1457809123.38	LC: 51
Event: Receive	Global Time: 1457809123.55	MsgQueue Length: 0	LC: 52
Event: Receive	Global Time: 1457809123.71	MsgQueue Length: 0	LC: 53
Event: Internal Event	Global Time: 1457809123.88	LC: 54
Event: Send to VMs 2 and 0	Global Time: 1457809124.05	LC: 55
Event: Internal Event	Global Time: 1457809124.21	LC: 56
Event: Send to VM 2	Global Time: 1457809124.38	LC: 57
Event: Send to VM 2	Global Time: 1457809124.55	LC: 58
Event: Send to VMs 2 and 0	Global Time: 1457809124.72	LC: 59
Event: Send to VMs 2 and 0	Global Time: 1457809124.88	LC: 60
Event: Internal Event	Global Time: 1457809125.05	LC: 61
Event: Internal Event	Global Time: 1457809125.22	LC: 62
Event: Internal Event	Global Time: 1457809125.38	LC: 63
Event: Receive	Global Time: 1457809125.55	MsgQueue Length: 0	LC: 64
Event: Receive	Global Time: 1457809125.72	MsgQueue Length: 0	LC: 65
Event: Internal Event	Global Time: 1457809125.88	LC: 66
Event: Receive	Global Time: 1457809126.05	MsgQueue Length: 0	LC: 67
Event: Internal Event	Global Time: 1457809126.22	LC: 68
Event: Send to VMs 2 and 0	Global Time: 1457809126.39	LC: 69
Event: Send to VMs 2 and 0	Global Time: 1457809126.55	LC: 70
Event: Internal Event	Global Time: 1457809126.72	LC: 71
Event: Send to VM 0	Global Time: 1457809126.89	LC: 72
Event: Internal Event	Global Time: 1457809127.06	LC: 73
Event: Internal Event	Global Time: 1457809127.22	LC: 74
Event: Receive	Global Time: 1457809127.39	MsgQueue Length: 0	LC: 75
Event: Internal Event	Global Time: 1457809127.56	LC: 76
Event: Receive	Global Time: 1457809127.72	MsgQueue Length: 0	LC: 77
Event: Receive	Global Time: 1457809127.89	MsgQueue Length: 0	LC: 78
Event: Receive	Global Time: 1457809128.06	MsgQueue Length: 0	LC: 79
Event: Receive	Global Time: 1457809128.22	MsgQueue Length: 0	LC: 80
Event: Receive	Global Time: 1457809128.39	MsgQueue Length: 0	LC: 81
Event: Internal Event	Global Time: 1457809128.56	LC: 82
Event: Receive	Global Time: 1457809128.72	MsgQueue Length: 0	LC: 83
Event: Receive	Global Time: 1457809128.89	MsgQueue Length: 0	LC: 84
Event: Send to VM 2	Global Time: 1457809129.06	LC: 85
Event: Send to VMs 2 and 0	Global Time: 1457809129.23	LC: 86
Event: Send to VM 2	Global Time: 1457809129.39	LC: 87
Event: Send to VMs 2 and 0	Global Time: 1457809129.56	LC: 88
Event: Send to VM 0	Global Time: 1457809129.73	LC: 89
Event: Receive	Global Time: 1457809129.89	MsgQueue Length: 0	LC: 90
Event: Send to VM 0	Global Time: 1457809130.06	LC: 91
Event: Send to VMs 2 and 0	Global Time: 1457809130.23	LC: 92
Event: Send to VM 0	Global Time: 1457809130.4	LC: 93
Event: Internal Event	Global Time: 1457809130.56	LC: 94
Event: Receive	Global Time: 1457809130.73	MsgQueue Length: 0	LC: 95
Event: Send to VMs 2 and 0	Global Time: 1457809130.9	LC: 96
Event: Send to VM 0	Global Time: 1457809131.06	LC: 97
Event: Internal Event	Global Time: 1457809131.23	LC: 98
Event: Send to VM 0	Global Time: 1457809131.4	LC: 99
Event: Receive	Global Time: 1457809131.56	MsgQueue Length: 0	LC: 100
Event: Send to VM 2	Global Time: 1457809131.73	LC: 101
Event: Send to VM 2	Global Time: 1457809131.9	LC: 102
Event: Internal Event	Global Time: 1457809132.07	LC: 103
Event: Send to VMs 2 and 0	Global Time: 1457809132.23	LC: 104
Event: Internal Event	Global Time: 1457809132.4	LC: 105
Event: Receive	Global Time: 1457809132.57	MsgQueue Length: 0	LC: 106
Event: Internal Event	Global Time: 1457809132.73	LC: 107
Event: Internal Event	Global Time: 1457809132.9	LC: 108
Event: Send to VMs 2 and 0	Global Time: 1457809133.07	LC: 109
Event: Internal Event	Global Time: 1457809133.23	LC: 110
Event: Internal Event	Global Time: 1457809133.4	LC: 111
Event: Send to VM 0	Global Time: 1457809133.57	LC: 112
Event: Internal Event	Global Time: 1457809133.74	LC: 113
Event: Internal Event	Global Time: 1457809133.9	LC: 114
Event: Internal Event	Global Time: 1457809134.07	LC: 115
Event: Receive	Global Time: 1457809134.24	MsgQueue Length: 0	LC: 116
Event: Send to VM 2	Global Time: 1457809134.4	LC: 117
Event: Internal Event	Global Time: 1457809134.57	LC: 118
Event: Internal Event	Global Time: 1457809134.74	LC: 119
Event: Internal Event	Global Time: 1457809134.9	LC: 120
Event: Receive	Global Time: 1457809135.07	MsgQueue Length: 0	LC: 121
Event: Internal Event	Global Time: 1457809135.24	LC: 122
Event: Send to VMs 2 and 0	Global Time: 1457809135.41	LC: 123
Event: Internal Event	Global Time: 1457809135.57	LC: 124
Event: Internal Event	Global Time: 1457809135.74	LC: 125
Event: Internal Event	Global Time: 1457809135.91	LC: 126
Event: Send to VMs 2 and 0	Global Time: 1457809136.07	LC: 127
Event: Internal Event	Global Time: 1457809136.24	LC: 128
Event: Send to VM 2	Global Time: 1457809136.41	LC: 129
Event: Internal Event	Global Time: 1457809136.57	LC: 130
Event: Internal Event	Global Time: 1457809136.74	LC: 131
Event: Internal Event	Global Time: 1457809136.91	LC: 132
Event: Receive	Global Time: 1457809137.08	MsgQueue Length: 0	LC: 133
Event: Send to VM 2	Global Time: 1457809137.24	LC: 134
Event: Internal Event	Global Time: 1457809137.41	LC: 135
Event: Internal Event	Global Time: 1457809137.58	LC: 136
Event: Send to VMs 2 and 0	Global Time: 1457809137.74	LC: 137
Event: Internal Event	Global Time: 1457809137.91	LC: 138
Event: Send to VM 2	Global Time: 1457809138.08	LC: 139
Event: Internal Event	Global Time: 1457809138.24	LC: 140
Event: Receive	Global Time: 1457809138.41	MsgQueue Length: 0	LC: 141
Event: Receive	Global Time: 1457809138.58	MsgQueue Length: 0	LC: 142
Event: Internal Event	Global Time: 1457809138.75	LC: 143
Event: Send to VM 0	Global Time: 1457809138.91	LC: 144
Event: Receive	Global Time: 1457809139.08	MsgQueue Length: 0	LC: 145
Event: Receive	Global Time: 1457809139.25	MsgQueue Length: 0	LC: 146
Event: Receive	Global Time: 1457809139.41	MsgQueue Length: 0	LC: 147
Event: Send to VM 0	Global Time: 1457809139.58	LC: 148
Event: Receive	Global Time: 1457809139.75	MsgQueue Length: 0	LC: 149
Event: Internal Event	Global Time: 1457809139.91	LC: 150
Event: Internal Event	Global Time: 1457809140.08	LC: 151
Event: Send to VM 0	Global Time: 1457809140.25	LC: 152
Event: Send to VM 0	Global Time: 1457809140.42	LC: 153
Event: Send to VM 0	Global Time: 1457809140.58	LC: 154
Event: Receive	Global Time: 1457809140.75	MsgQueue Length: 0	LC: 155
Event: Internal Event	Global Time: 1457809140.92	LC: 156
Event: Receive	Global Time: 1457809141.08	MsgQueue Length: 0	LC: 157
Event: Send to VMs 2 and 0	Global Time: 1457809141.25	LC: 158
Event: Internal Event	Global Time: 1457809141.42	LC: 159
Event: Receive	Global Time: 1457809141.58	MsgQueue Length: 0	LC: 160
Event: Receive	Global Time: 1457809141.75	MsgQueue Length: 0	LC: 161
Event: Internal Event	Global Time: 1457809141.92	LC: 162
Event: Send to VM 2	Global Time: 1457809142.09	LC: 163
Event: Internal Event	Global Time: 1457809142.25	LC: 164
Event: Send to VM 2	Global Time: 1457809142.42	LC: 165
Event: Send to VMs 2 and 0	Global Time: 1457809142.59	LC: 166
Event: Internal Event	Global Time: 1457809142.75	LC: 167
Event: Send to VMs 2 and 0	Global Time: 1457809142.92	LC: 168
Event: Internal Event	Global Time: 1457809143.09	LC: 169
Event: Send to VMs 2 and 0	Global Time: 1457809143.25	LC: 170
Event: Send to VMs 2 and 0	Global Time: 1457809143.42	LC: 171
Event: Internal Event	Global Time: 1457809143.59	LC: 172
Event: Send to VM 2	Global Time: 1457809143.76	LC: 173
Event: Internal Event	Global Time: 1457809143.92	LC: 174
Event: Internal Event	Global Time: 1457809144.09	LC: 175
Event: Internal Event	Global Time: 1457809144.26	LC: 176
Event: Receive	Global Time: 1457809144.42	MsgQueue Length: 0	LC: 177
Event: Send to VM 2	Global Time: 1457809144.59	LC: 178
Event: Internal Event	Global Time: 1457809144.76	LC: 179
Event: Internal Event	Global Time: 1457809144.92	LC: 180
Event: Send to VM 0	Global Time: 1457809145.09	LC: 181
Event: Internal Event	Global Time: 1457809145.26	LC: 182
Event: Internal Event	Global Time: 1457809145.42	LC: 183
Event: Internal Event	Global Time: 1457809145.59	LC: 184
Event: Send to VM 2	Global Time: 1457809145.76	LC: 185
Event: Internal Event	Global Time: 1457809145.93	LC: 186
Event: Internal Event	Global Time: 1457809146.09	LC: 187
Event: Receive	Global Time: 1457809146.26	MsgQueue Length: 0	LC: 188
Event: Receive	Global Time: 1457809146.43	MsgQueue Length: 0	LC: 189
Event: Receive	Global Time: 1457809146.59	MsgQueue Length: 0	LC: 190
Event: Internal Event	Global Time: 1457809146.76	LC: 191
Event: Receive	Global Time: 1457809146.93	MsgQueue Length: 0	LC: 192
Event: Internal Event	Global Time: 1457809147.1	LC: 193
Event: Send to VMs 2 and 0	Global Time: 1457809147.26	LC: 194
Event: Send to VM 0	Global Time: 1457809147.43	LC: 195
Event: Receive	Global Time: 1457809147.6	MsgQueue Length: 0	LC: 196
Event: Send to VM 0	Global Time: 1457809147.76	LC: 197
Event: Internal Event	Global Time: 1457809147.93	LC: 198
Event: Send to VM 0	Global Time: 1457809148.1	LC: 199
Event: Internal Event	Global Time: 1457809148.26	LC: 200
Event: Send to VM 2	Global Time: 1457809148.43	LC: 201
Event: Send to VMs 2 and 0	Global Time: 1457809148.6	LC: 202
Event: Send to VM 2	Global Time: 1457809148.77	LC: 203
Event: Internal Event	Global Time: 1457809148.93	LC: 204
Event: Receive	Global Time: 1457809149.1	MsgQueue Length: 0	LC: 205
Event: Internal Event	Global Time: 1457809149.27	LC: 206
Event: Internal Event	Global Time: 1457809149.43	LC: 207
Event: Receive	Global Time: 1457809149.6	MsgQueue Length: 0	LC: 208
Event: Internal Event	Global Time: 1457809149.77	LC: 209
Event: Receive	Global Time: 1457809149.93	MsgQueue Length: 0	LC: 210
Event: Send to VM 0	Global Time: 1457809150.1	LC: 211
Event: Internal Event	Global Time: 1457809150.27	LC: 212
Event: Send to VM 2	Global Time: 1457809150.43	LC: 213
Event: Send to VMs 2 and 0	Global Time: 1457809150.6	LC: 214
Event: Internal Event	Global Time: 1457809150.77	LC: 215
Event: Send to VMs 2 and 0	Global Time: 1457809150.94	LC: 216
Event: Internal Event	Global Time: 1457809151.1	LC: 217
Event: Receive	Global Time: 1457809151.27	MsgQueue Length: 0	LC: 218
Event: Internal Event	Global Time: 1457809151.44	LC: 219
Event: Internal Event	Global Time: 1457809151.6	LC: 220
Event: Receive	Global Time: 1457809151.77	MsgQueue Length: 0	LC: 221
Event: Send to VM 2	Global Time: 1457809151.94	LC: 222
Event: Send to VMs 2 and 0	Global Time: 1457809152.1	LC: 223
Event: Send to VM 2	Global Time: 1457809152.27	LC: 224
Event: Send to VM 2	Global Time: 1457809152.44	LC: 225
Event: Send to VMs 2 and 0	Global Time: 1457809152.61	LC: 226
Event: Send to VM 2	Global Time: 1457809152.77	LC: 227
Event: Send to VM 0	Global Time: 1457809152.94	LC: 228
Event: Receive	Global Time: 1457809153.11	MsgQueue Length: 0	LC: 229
Event: Internal Event	Global Time: 1457809153.27	LC: 230
Event: Receive	Global Time: 1457809153.44	MsgQueue Length: 0	LC: 231
Event: Receive	Global Time: 1457809153.61	MsgQueue Length: 0	LC: 232
Event: Send to VM 0	Global Time: 1457809153.77	LC: 233
Event: Send to VMs 2 and 0	Global Time: 1457809153.94	LC: 234
Event: Internal Event	Global Time: 1457809154.11	LC: 235
Event: Receive	Global Time: 1457809154.28	MsgQueue Length: 0	LC: 236
Event: Internal Event	Global Time: 1457809154.44	LC: 237
Event: Receive	Global Time: 1457809154.61	MsgQueue Length: 0	LC: 238
Event: Send to VMs 2 and 0	Global Time: 1457809154.78	LC: 239
Event: Internal Event	Global Time: 1457809154.94	LC: 240
Event: Send to VM 0	Global Time: 1457809155.11	LC: 241
Event: Receive	Global Time: 1457809155.28	MsgQueue Length: 0	LC: 242
Event: Internal Event	Global Time: 1457809155.45	LC: 243
Event: Receive	Global Time: 1457809155.61	MsgQueue Length: 0	LC: 244
Event: Send to VM 2	Global Time: 1457809155.78	LC: 245
Event: Send to VMs 2 and 0	Global Time: 1457809155.95	LC: 246
Event: Internal Event	Global Time: 1457809156.11	LC: 247
Event: Send to VMs 2 and 0	Global Time: 1457809156.28	LC: 248
Event: Internal Event	Global Time: 1457809156.45	LC: 249
Event: Internal Event	Global Time: 1457809156.61	LC: 250
Event: Receive	Global Time: 1457809156.78	MsgQueue Length: 0	LC: 251
Event: Receive	Global Time: 1457809156.95	MsgQueue Length: 0	LC: 252
Event: Internal Event	Global Time: 1457809157.11	LC: 253
Event: Receive	Global Time: 1457809157.28	MsgQueue Length: 0	LC: 254
Event: Receive	Global Time: 1457809157.45	MsgQueue Length: 0	LC: 255
Event: Receive	Global Time: 1457809157.62	MsgQueue Length: 0	LC: 256
Event: Send to VMs 2 and 0	Global Time: 1457809157.78	LC: 257
Event: Send to VMs 2 and 0	Global Time: 1457809157.95	LC: 258
Event: Internal Event	Global Time: 1457809158.12	LC: 259
Event: Send to VM 0	Global Time: 1457809158.28	LC: 260
Event: Receive	Global Time: 1457809158.45	MsgQueue Length: 0	LC: 261
Event: Send to VMs 2 and 0	Global Time: 1457809158.62	LC: 262
Event: Send to VMs 2 and 0	Global Time: 1457809158.78	LC: 263
Event: Send to VM 2	Global Time: 1457809158.95	LC: 264
Event: Send to VMs 2 and 0	Global Time: 1457809159.12	LC: 265
Event: Send to VM 2	Global Time: 1457809159.29	LC: 266
Event: Internal Event	Global Time: 1457809159.45	LC: 267
Event: Internal Event	Global Time: 1457809159.62	LC: 268
Event: Send to VM 0	Global Time: 1457809159.79	LC: 269
Event: Receive	Global Time: 1457809159.95	MsgQueue Length: 0	LC: 270
Event: Send to VM 2	Global Time: 1457809160.12	LC: 271
Event: Internal Event	Global Time: 1457809160.29	LC: 272
Event: Internal Event	Global Time: 1457809160.45	LC: 273
Event: Send to VMs 2 and 0	Global Time: 1457809160.62	LC: 274
Event: Receive	Global Time: 1457809160.79	MsgQueue Length: 0	LC: 275
Event: Send to VMs 2 and 0	Global Time: 1457809160.96	LC: 276
Event: Receive	Global Time: 1457809161.12	MsgQueue Length: 0	LC: 277
Event: Send to VM 0	Global Time: 1457809161.29	LC: 278
Event: Receive	Global Time: 1457809161.46	MsgQueue Length: 0	LC: 279
Event: Internal Event	Global Time: 1457809161.62	LC: 280
Event: Receive	Global Time: 1457809161.79	MsgQueue Length: 0	LC: 281
Event: Send to VM 0	Global Time: 1457809161.96	LC: 282
Event: Receive	Global Time: 1457809162.12	MsgQueue Length: 0	LC: 283
Event: Send to VM 2	Global Time: 1457809162.29	LC: 284
Event: Send to VMs 2 and 0	Global Time: 1457809162.46	LC: 285
Event: Send to VM 2	Global Time: 1457809162.63	LC: 286
Event: Internal Event	Global Time: 1457809162.79	LC: 287
Event: Internal Event	Global Time: 1457809162.96	LC: 288
Event: Send to VMs 2 and 0	Global Time: 1457809163.13	LC: 289
Event: Receive	Global Time: 1457809163.29	MsgQueue Length: 0	LC: 290
Event: Send to VM 0	Global Time: 1457809163.46	LC: 291
Event: Receive	Global Time: 1457809163.63	MsgQueue Length: 0	LC: 292
Event: Internal Event	Global Time: 1457809163.79	LC: 293
Event: Receive	Global Time: 1457809163.96	MsgQueue Length: 1	LC: 294
Event: Receive	Global Time: 1457809164.13	MsgQueue Length: 0	LC: 295
Event: Send to VM 0	Global Time: 1457809164.3	LC: 296
Event: Send to VMs 2 and 0	Global Time: 1457809164.46	LC: 297
Event: Receive	Global Time: 1457809164.63	MsgQueue Length: 0	LC: 298
Event: Internal Event	Global Time: 1457809164.8	LC: 299
Event: Internal Event	Global Time: 1457809164.96	LC: 300
Event: Receive	Global Time: 1457809165.13	MsgQueue Length: 0	LC: 301
Event: Send to VMs 2 and 0	Global Time: 1457809165.3	LC: 302
Event: Internal Event	Global Time: 1457809165.47	LC: 303
Event: Send to VMs 2 and 0	Global Time: 1457809165.63	LC: 304
Event: Internal Event	Global Time: 1457809165.8	LC: 305
Event: Internal Event	Global Time: 1457809165.97	LC: 306
Event: Receive	Global Time: 1457809166.13	MsgQueue Length: 0	LC: 307
Event: Internal Event	Global Time: 1457809166.3	LC: 308
Event: Send to VM 0	Global Time: 1457809166.47	LC: 309
Event: Send to VM 2	Global Time: 1457809166.63	LC: 310
Event: Internal Event	Global Time: 1457809166.8	LC: 311
Event: Internal Event	Global Time: 1457809166.97	LC: 312
Event: Internal Event	Global Time: 1457809167.14	LC: 313
Event: Internal Event	Global Time: 1457809167.3	LC: 314
Event: Receive	Global Time: 1457809167.47	MsgQueue Length: 1	LC: 315
Event: Receive	Global Time: 1457809167.64	MsgQueue Length: 1	LC: 316
Event: Receive	Global Time: 1457809167.8	MsgQueue Length: 1	LC: 317
Event: Receive	Global Time: 1457809167.97	MsgQueue Length: 0	LC: 318
Event: Internal Event	Global Time: 1457809168.14	LC: 319
Event: Send to VM 0	Global Time: 1457809168.3	LC: 320
Event: Send to VM 0	Global Time: 1457809168.47	LC: 321
Event: Receive	Global Time: 1457809168.64	MsgQueue Length: 1	LC: 322
Event: Receive	Global Time: 1457809168.81	MsgQueue Length: 1	LC: 323
Event: Receive	Global Time: 1457809168.97	MsgQueue Length: 0	LC: 324
Event: Send to VM 0	Global Time: 1457809169.14	LC: 325
Event: Send to VM 0	Global Time: 1457809169.31	LC: 326
Event: Internal Event	Global Time: 1457809169.47	LC: 327
Event: Send to VM 2	Global Time: 1457809169.64	LC: 328
Event: Internal Event	Global Time: 1457809169.81	LC: 329
Event: Send to VMs 2 and 0	Global Time: 1457809169.97	LC: 330
Event: Receive	Global Time: 1457809170.14	MsgQueue Length: 0	LC: 331
Event: Send to VM 0	Global Time: 1457809170.31	LC: 332
Event: Send to VM 0	Global Time: 1457809170.48	LC: 333
Event: Send to VM 2	Global Time: 1457809170.64	LC: 334
Event: Receive	Global Time: 1457809170.81	MsgQueue Length: 0	LC: 335
Event: Send to VM 2	Global Time: 1457809170.98	LC: 336
Event: Internal Event	Global Time: 1457809171.14	LC: 337
Event: Internal Event	Global Time: 1457809171.31	LC: 338
Event: Receive	Global Time: 1457809171.48	MsgQueue Length: 1	LC: 339
Event: Receive	Global Time: 1457809171.65	MsgQueue Length: 0	LC: 340
Event: Internal Event	Global Time: 1457809171.81	LC: 341
Event: Send to VM 0	Global Time: 1457809171.98	LC: 342
Event: Send to VM 2	Global Time: 1457809172.15	LC: 343
Event: Internal Event	Global Time: 1457809172.31	LC: 344
Event: Send to VM 0	Global Time: 1457809172.48	LC: 345
Event: Receive	Global Time: 1457809172.65	MsgQueue Length: 0	LC: 346
Event: Internal Event	Global Time: 1457809172.81	LC: 347
Event: Send to VM 0	Global Time: 1457809172.98	LC: 348
Event: Send to VMs 2 and 0	Global Time: 1457809173.15	LC: 349
Event: Receive	Global Time: 1457809173.32	MsgQueue Length: 0	LC: 350
Event: Internal Event	Global Time: 1457809173.48	LC: 351
Event: Internal Event	Global Time: 1457809173.65	LC: 352
Event: Internal Event	Global Time: 1457809173.82	LC: 353
Event: Internal Event	Global Time: 1457809173.98	LC: 354
Event: Send to VMs 2 and 0	Global Time: 1457809174.15	LC: 355
Event: Internal Event	Global Time: 1457809174.32	LC: 356
Event: Internal Event	Global Time: 1457809174.49	LC: 357
Event: Receive	Global Time: 1457809174.65	MsgQueue Length: 0	LC: 358
Event: Send to VM 2	Global Time: 1457809174.82	LC: 359
