Clock Speed: 5
Event: Internal Event	Global Time: 1457813692.28	LC: 1
Event: Internal Event	Global Time: 1457813692.48	LC: 2
Event: Receive	Global Time: 1457813692.68	MsgQueue Length: 1	LC: 3
Event: Send to VM 1	Global Time: 1457813692.88	LC: 4
Event: Send to VM 0	Global Time: 1457813693.08	LC: 5
Event: Send to VM 1	Global Time: 1457813693.28	LC: 6
Event: Internal Event	Global Time: 1457813693.48	LC: 7
Event: Send to VM 0	Global Time: 1457813693.68	LC: 8
Event: Send to VM 0	Global Time: 1457813693.88	LC: 9
Event: Send to VM 1	Global Time: 1457813694.08	LC: 10
Event: Send to VM 1	Global Time: 1457813694.28	LC: 11
Event: Send to VM 0	Global Time: 1457813694.48	LC: 12
Event: Receive	Global Time: 1457813694.68	MsgQueue Length: 1	LC: 13
Event: Send to VM 0	Global Time: 1457813694.88	LC: 14
Event: Send to VM 0	Global Time: 1457813695.08	LC: 15
Event: Send to VMs 0 and 1	Global Time: 1457813695.28	LC: 16
Event: Send to VM 0	Global Time: 1457813695.48	LC: 17
Event: Receive	Global Time: 1457813695.68	MsgQueue Length: 1	LC: 18
Event: Receive	Global Time: 1457813695.89	MsgQueue Length: 1	LC: 19
Event: Send to VM 1	Global Time: 1457813696.09	LC: 20
Event: Send to VM 1	Global Time: 1457813696.29	LC: 21
Event: Internal Event	Global Time: 1457813696.49	LC: 22
Event: Send to VM 1	Global Time: 1457813696.69	LC: 23
Event: Send to VM 0	Global Time: 1457813696.89	LC: 24
Event: Send to VM 0	Global Time: 1457813697.09	LC: 25
Event: Send to VMs 0 and 1	Global Time: 1457813697.29	LC: 26
Event: Send to VM 1	Global Time: 1457813697.49	LC: 27
Event: Send to VMs 0 and 1	Global Time: 1457813697.69	LC: 28
Event: Send to VM 0	Global Time: 1457813697.89	LC: 29
Event: Send to VM 1	Global Time: 1457813698.09	LC: 30
Event: Send to VM 0	Global Time: 1457813698.29	LC: 31
Event: Receive	Global Time: 1457813698.49	MsgQueue Length: 1	LC: 32
Event: Receive	Global Time: 1457813698.69	MsgQueue Length: 1	LC: 33
Event: Receive	Global Time: 1457813698.89	MsgQueue Length: 1	LC: 34
Event: Send to VMs 0 and 1	Global Time: 1457813699.09	LC: 35
Event: Internal Event	Global Time: 1457813699.29	LC: 36
Event: Receive	Global Time: 1457813699.49	MsgQueue Length: 1	LC: 37
Event: Receive	Global Time: 1457813699.7	MsgQueue Length: 1	LC: 38
Event: Send to VM 0	Global Time: 1457813699.9	LC: 39
Event: Send to VMs 0 and 1	Global Time: 1457813700.1	LC: 40
Event: Send to VM 0	Global Time: 1457813700.3	LC: 41
Event: Send to VM 1	Global Time: 1457813700.5	LC: 42
Event: Send to VM 1	Global Time: 1457813700.7	LC: 43
Event: Internal Event	Global Time: 1457813700.9	LC: 44
Event: Send to VM 1	Global Time: 1457813701.1	LC: 45
Event: Internal Event	Global Time: 1457813701.3	LC: 46
Event: Internal Event	Global Time: 1457813701.5	LC: 47
Event: Send to VMs 0 and 1	Global Time: 1457813701.7	LC: 48
Event: Send to VM 0	Global Time: 1457813701.9	LC: 49
Event: Send to VM 1	Global Time: 1457813702.1	LC: 50
Event: Send to VMs 0 and 1	Global Time: 1457813702.3	LC: 51
Event: Send to VM 1	Global Time: 1457813702.5	LC: 52
Event: Send to VM 1	Global Time: 1457813702.7	LC: 53
Event: Send to VM 1	Global Time: 1457813702.9	LC: 54
Event: Send to VM 0	Global Time: 1457813703.1	LC: 55
Event: Send to VM 0	Global Time: 1457813703.3	LC: 56
Event: Receive	Global Time: 1457813703.5	MsgQueue Length: 1	LC: 57
Event: Receive	Global Time: 1457813703.7	MsgQueue Length: 1	LC: 58
Event: Receive	Global Time: 1457813703.9	MsgQueue Length: 1	LC: 59
Event: Send to VMs 0 and 1	Global Time: 1457813704.1	LC: 60
Event: Send to VM 1	Global Time: 1457813704.3	LC: 61
Event: Send to VMs 0 and 1	Global Time: 1457813704.51	LC: 62
Event: Internal Event	Global Time: 1457813704.71	LC: 63
Event: Send to VM 1	Global Time: 1457813704.91	LC: 64
Event: Send to VM 1	Global Time: 1457813705.11	LC: 65
Event: Internal Event	Global Time: 1457813705.31	LC: 66
Event: Send to VM 1	Global Time: 1457813705.51	LC: 67
Event: Send to VMs 0 and 1	Global Time: 1457813705.71	LC: 68
Event: Internal Event	Global Time: 1457813705.91	LC: 69
Event: Internal Event	Global Time: 1457813706.11	LC: 70
Event: Receive	Global Time: 1457813706.31	MsgQueue Length: 1	LC: 71
Event: Receive	Global Time: 1457813706.51	MsgQueue Length: 1	LC: 72
Event: Send to VM 0	Global Time: 1457813706.71	LC: 73
Event: Receive	Global Time: 1457813706.91	MsgQueue Length: 1	LC: 74
Event: Send to VM 0	Global Time: 1457813707.11	LC: 75
Event: Receive	Global Time: 1457813707.31	MsgQueue Length: 1	LC: 76
Event: Send to VM 1	Global Time: 1457813707.51	LC: 77
Event: Send to VM 1	Global Time: 1457813707.71	LC: 78
Event: Send to VMs 0 and 1	Global Time: 1457813707.91	LC: 79
Event: Internal Event	Global Time: 1457813708.11	LC: 80
Event: Send to VM 0	Global Time: 1457813708.31	LC: 81
Event: Receive	Global Time: 1457813708.51	MsgQueue Length: 1	LC: 82
Event: Receive	Global Time: 1457813708.71	MsgQueue Length: 1	LC: 83
Event: Receive	Global Time: 1457813708.91	MsgQueue Length: 1	LC: 84
Event: Internal Event	Global Time: 1457813709.12	LC: 85
Event: Send to VM 1	Global Time: 1457813709.32	LC: 86
Event: Send to VM 1	Global Time: 1457813709.52	LC: 87
Event: Internal Event	Global Time: 1457813709.72	LC: 88
Event: Send to VM 0	Global Time: 1457813709.92	LC: 89
Event: Send to VM 1	Global Time: 1457813710.12	LC: 90
Event: Send to VMs 0 and 1	Global Time: 1457813710.32	LC: 91
Event: Send to VM 0	Global Time: 1457813710.52	LC: 92
Event: Send to VM 0	Global Time: 1457813710.72	LC: 93
Event: Send to VM 0	Global Time: 1457813710.92	LC: 94
Event: Send to VMs 0 and 1	Global Time: 1457813711.12	LC: 95
Event: Internal Event	Global Time: 1457813711.32	LC: 96
Event: Send to VMs 0 and 1	Global Time: 1457813711.52	LC: 97
Event: Send to VMs 0 and 1	Global Time: 1457813711.72	LC: 98
Event: Internal Event	Global Time: 1457813711.92	LC: 99
Event: Internal Event	Global Time: 1457813712.12	LC: 100
Event: Send to VMs 0 and 1	Global Time: 1457813712.32	LC: 101
Event: Send to VM 1	Global Time: 1457813712.52	LC: 102
Event: Send to VMs 0 and 1	Global Time: 1457813712.72	LC: 103
Event: Send to VM 1	Global Time: 1457813712.92	LC: 104
Event: Internal Event	Global Time: 1457813713.12	LC: 105
Event: Send to VM 1	Global Time: 1457813713.32	LC: 106
Event: Internal Event	Global Time: 1457813713.52	LC: 107
Event: Receive	Global Time: 1457813713.72	MsgQueue Length: 1	LC: 108
Event: Receive	Global Time: 1457813713.93	MsgQueue Length: 1	LC: 109
Event: Send to VMs 0 and 1	Global Time: 1457813714.13	LC: 110
Event: Send to VMs 0 and 1	Global Time: 1457813714.33	LC: 111
Event: Send to VM 0	Global Time: 1457813714.53	LC: 112
Event: Send to VMs 0 and 1	Global Time: 1457813714.73	LC: 113
Event: Internal Event	Global Time: 1457813714.93	LC: 114
Event: Receive	Global Time: 1457813715.13	MsgQueue Length: 1	LC: 115
Event: Send to VM 1	Global Time: 1457813715.33	LC: 116
Event: Send to VMs 0 and 1	Global Time: 1457813715.53	LC: 117
Event: Send to VM 0	Global Time: 1457813715.73	LC: 118
Event: Send to VM 0	Global Time: 1457813715.93	LC: 119
Event: Internal Event	Global Time: 1457813716.13	LC: 120
Event: Internal Event	Global Time: 1457813716.33	LC: 121
Event: Send to VMs 0 and 1	Global Time: 1457813716.53	LC: 122
Event: Send to VM 0	Global Time: 1457813716.73	LC: 123
Event: Receive	Global Time: 1457813716.93	MsgQueue Length: 1	LC: 124
Event: Internal Event	Global Time: 1457813717.13	LC: 125
Event: Receive	Global Time: 1457813717.33	MsgQueue Length: 1	LC: 126
Event: Receive	Global Time: 1457813717.53	MsgQueue Length: 1	LC: 127
Event: Send to VMs 0 and 1	Global Time: 1457813717.73	LC: 128
Event: Send to VM 0	Global Time: 1457813717.93	LC: 129
Event: Internal Event	Global Time: 1457813718.13	LC: 130
Event: Receive	Global Time: 1457813718.33	MsgQueue Length: 1	LC: 131
Event: Send to VM 1	Global Time: 1457813718.53	LC: 132
Event: Internal Event	Global Time: 1457813718.73	LC: 133
Event: Send to VM 0	Global Time: 1457813718.94	LC: 134
Event: Send to VMs 0 and 1	Global Time: 1457813719.14	LC: 135
Event: Internal Event	Global Time: 1457813719.34	LC: 136
Event: Send to VM 1	Global Time: 1457813719.54	LC: 137
Event: Internal Event	Global Time: 1457813719.74	LC: 138
Event: Send to VMs 0 and 1	Global Time: 1457813719.94	LC: 139
Event: Internal Event	Global Time: 1457813720.14	LC: 140
Event: Send to VM 1	Global Time: 1457813720.34	LC: 141
Event: Send to VM 1	Global Time: 1457813720.54	LC: 142
Event: Send to VM 1	Global Time: 1457813720.74	LC: 143
Event: Internal Event	Global Time: 1457813720.94	LC: 144
Event: Send to VM 0	Global Time: 1457813721.14	LC: 145
Event: Send to VM 1	Global Time: 1457813721.34	LC: 146
Event: Internal Event	Global Time: 1457813721.54	LC: 147
Event: Receive	Global Time: 1457813721.74	MsgQueue Length: 1	LC: 148
Event: Send to VMs 0 and 1	Global Time: 1457813721.94	LC: 149
Event: Send to VM 0	Global Time: 1457813722.14	LC: 150
Event: Send to VMs 0 and 1	Global Time: 1457813722.34	LC: 151
Event: Internal Event	Global Time: 1457813722.54	LC: 152
Event: Send to VM 0	Global Time: 1457813722.74	LC: 153
Event: Receive	Global Time: 1457813722.94	MsgQueue Length: 1	LC: 154
Event: Receive	Global Time: 1457813723.15	MsgQueue Length: 1	LC: 155
Event: Send to VM 0	Global Time: 1457813723.35	LC: 156
Event: Send to VM 0	Global Time: 1457813723.55	LC: 157
Event: Internal Event	Global Time: 1457813723.75	LC: 158
Event: Receive	Global Time: 1457813723.95	MsgQueue Length: 1	LC: 159
Event: Send to VM 0	Global Time: 1457813724.15	LC: 160
Event: Send to VM 0	Global Time: 1457813724.35	LC: 161
Event: Receive	Global Time: 1457813724.55	MsgQueue Length: 1	LC: 162
Event: Internal Event	Global Time: 1457813724.75	LC: 163
Event: Send to VM 1	Global Time: 1457813724.95	LC: 164
Event: Internal Event	Global Time: 1457813725.15	LC: 165
Event: Send to VMs 0 and 1	Global Time: 1457813725.35	LC: 166
Event: Send to VM 0	Global Time: 1457813725.55	LC: 167
Event: Internal Event	Global Time: 1457813725.75	LC: 168
Event: Send to VMs 0 and 1	Global Time: 1457813725.95	LC: 169
Event: Send to VM 0	Global Time: 1457813726.15	LC: 170
Event: Send to VMs 0 and 1	Global Time: 1457813726.35	LC: 171
Event: Send to VMs 0 and 1	Global Time: 1457813726.55	LC: 172
Event: Send to VM 0	Global Time: 1457813726.75	LC: 173
Event: Receive	Global Time: 1457813726.95	MsgQueue Length: 1	LC: 174
Event: Send to VM 0	Global Time: 1457813727.15	LC: 175
Event: Send to VM 1	Global Time: 1457813727.35	LC: 176
Event: Internal Event	Global Time: 1457813727.55	LC: 177
Event: Receive	Global Time: 1457813727.75	MsgQueue Length: 1	LC: 178
Event: Receive	Global Time: 1457813727.96	MsgQueue Length: 1	LC: 179
Event: Receive	Global Time: 1457813728.16	MsgQueue Length: 1	LC: 180
Event: Send to VM 1	Global Time: 1457813728.36	LC: 181
Event: Send to VMs 0 and 1	Global Time: 1457813728.56	LC: 182
Event: Send to VMs 0 and 1	Global Time: 1457813728.76	LC: 183
Event: Send to VMs 0 and 1	Global Time: 1457813728.96	LC: 184
Event: Send to VM 0	Global Time: 1457813729.16	LC: 185
Event: Internal Event	Global Time: 1457813729.36	LC: 186
Event: Receive	Global Time: 1457813729.56	MsgQueue Length: 1	LC: 187
Event: Receive	Global Time: 1457813729.76	MsgQueue Length: 1	LC: 188
Event: Send to VM 0	Global Time: 1457813729.96	LC: 189
Event: Receive	Global Time: 1457813730.16	MsgQueue Length: 1	LC: 190
Event: Send to VM 1	Global Time: 1457813730.36	LC: 191
Event: Send to VM 1	Global Time: 1457813730.56	LC: 192
Event: Internal Event	Global Time: 1457813730.76	LC: 193
Event: Receive	Global Time: 1457813730.96	MsgQueue Length: 1	LC: 194
Event: Send to VMs 0 and 1	Global Time: 1457813731.16	LC: 195
Event: Send to VM 0	Global Time: 1457813731.36	LC: 196
Event: Send to VM 1	Global Time: 1457813731.56	LC: 197
Event: Send to VM 0	Global Time: 1457813731.76	LC: 198
Event: Send to VMs 0 and 1	Global Time: 1457813731.96	LC: 199
