Clock Speed: 5
Event: Internal Event	Global Time: 1457813412.26	LC: 1
Event: Internal Event	Global Time: 1457813412.46	LC: 2
Event: Send to VM 1	Global Time: 1457813412.66	LC: 3
Event: Internal Event	Global Time: 1457813412.87	LC: 4
Event: Internal Event	Global Time: 1457813413.07	LC: 5
Event: Send to VMs 0 and 1	Global Time: 1457813413.27	LC: 6
Event: Send to VM 0	Global Time: 1457813413.47	LC: 7
Event: Internal Event	Global Time: 1457813413.67	LC: 8
Event: Internal Event	Global Time: 1457813413.87	LC: 9
Event: Internal Event	Global Time: 1457813414.07	LC: 10
Event: Send to VM 1	Global Time: 1457813414.27	LC: 11
Event: Send to VMs 0 and 1	Global Time: 1457813414.47	LC: 12
Event: Internal Event	Global Time: 1457813414.67	LC: 13
Event: Internal Event	Global Time: 1457813414.87	LC: 14
Event: Internal Event	Global Time: 1457813415.07	LC: 15
Event: Send to VMs 0 and 1	Global Time: 1457813415.27	LC: 16
Event: Send to VM 0	Global Time: 1457813415.47	LC: 17
Event: Send to VM 1	Global Time: 1457813415.67	LC: 18
Event: Send to VM 0	Global Time: 1457813415.87	LC: 19
Event: Internal Event	Global Time: 1457813416.07	LC: 20
Event: Internal Event	Global Time: 1457813416.27	LC: 21
Event: Receive	Global Time: 1457813416.47	MsgQueue Length: 1	LC: 22
Event: Internal Event	Global Time: 1457813416.67	LC: 23
Event: Receive	Global Time: 1457813416.87	MsgQueue Length: 1	LC: 24
Event: Internal Event	Global Time: 1457813417.07	LC: 25
Event: Internal Event	Global Time: 1457813417.27	LC: 26
Event: Internal Event	Global Time: 1457813417.47	LC: 27
Event: Internal Event	Global Time: 1457813417.68	LC: 28
Event: Internal Event	Global Time: 1457813417.88	LC: 29
Event: Internal Event	Global Time: 1457813418.08	LC: 30
Event: Internal Event	Global Time: 1457813418.28	LC: 31
Event: Receive	Global Time: 1457813418.48	MsgQueue Length: 1	LC: 32
Event: Internal Event	Global Time: 1457813418.68	LC: 33
Event: Internal Event	Global Time: 1457813418.88	LC: 34
Event: Send to VMs 0 and 1	Global Time: 1457813419.08	LC: 35
Event: Send to VM 1	Global Time: 1457813419.28	LC: 36
Event: Internal Event	Global Time: 1457813419.48	LC: 37
Event: Internal Event	Global Time: 1457813419.68	LC: 38
Event: Internal Event	Global Time: 1457813419.88	LC: 39
Event: Receive	Global Time: 1457813420.08	MsgQueue Length: 1	LC: 40
Event: Internal Event	Global Time: 1457813420.28	LC: 41
Event: Receive	Global Time: 1457813420.48	MsgQueue Length: 1	LC: 42
Event: Internal Event	Global Time: 1457813420.68	LC: 43
Event: Receive	Global Time: 1457813420.88	MsgQueue Length: 1	LC: 44
Event: Internal Event	Global Time: 1457813421.08	LC: 45
Event: Send to VM 1	Global Time: 1457813421.28	LC: 46
Event: Send to VM 0	Global Time: 1457813421.48	LC: 47
Event: Send to VM 0	Global Time: 1457813421.68	LC: 48
Event: Receive	Global Time: 1457813421.88	MsgQueue Length: 1	LC: 49
Event: Send to VM 1	Global Time: 1457813422.08	LC: 50
Event: Send to VM 1	Global Time: 1457813422.28	LC: 51
Event: Send to VM 0	Global Time: 1457813422.48	LC: 52
Event: Internal Event	Global Time: 1457813422.69	LC: 53
Event: Internal Event	Global Time: 1457813422.89	LC: 54
Event: Send to VM 1	Global Time: 1457813423.09	LC: 55
Event: Internal Event	Global Time: 1457813423.29	LC: 56
Event: Internal Event	Global Time: 1457813423.49	LC: 57
Event: Send to VMs 0 and 1	Global Time: 1457813423.69	LC: 58
Event: Internal Event	Global Time: 1457813423.89	LC: 59
Event: Internal Event	Global Time: 1457813424.09	LC: 60
Event: Send to VMs 0 and 1	Global Time: 1457813424.29	LC: 61
Event: Internal Event	Global Time: 1457813424.49	LC: 62
Event: Internal Event	Global Time: 1457813424.69	LC: 63
Event: Send to VMs 0 and 1	Global Time: 1457813424.89	LC: 64
Event: Send to VMs 0 and 1	Global Time: 1457813425.09	LC: 65
Event: Internal Event	Global Time: 1457813425.29	LC: 66
Event: Internal Event	Global Time: 1457813425.49	LC: 67
Event: Internal Event	Global Time: 1457813425.69	LC: 68
Event: Internal Event	Global Time: 1457813425.89	LC: 69
Event: Receive	Global Time: 1457813426.09	MsgQueue Length: 1	LC: 70
Event: Internal Event	Global Time: 1457813426.29	LC: 71
Event: Send to VM 0	Global Time: 1457813426.49	LC: 72
Event: Internal Event	Global Time: 1457813426.69	LC: 73
Event: Internal Event	Global Time: 1457813426.89	LC: 74
Event: Internal Event	Global Time: 1457813427.09	LC: 75
Event: Internal Event	Global Time: 1457813427.29	LC: 76
Event: Internal Event	Global Time: 1457813427.5	LC: 77
Event: Send to VM 0	Global Time: 1457813427.7	LC: 78
Event: Internal Event	Global Time: 1457813427.9	LC: 79
Event: Send to VM 1	Global Time: 1457813428.1	LC: 80
Event: Send to VM 0	Global Time: 1457813428.3	LC: 81
Event: Internal Event	Global Time: 1457813428.5	LC: 82
Event: Internal Event	Global Time: 1457813428.7	LC: 83
Event: Internal Event	Global Time: 1457813428.9	LC: 84
Event: Internal Event	Global Time: 1457813429.1	LC: 85
Event: Internal Event	Global Time: 1457813429.3	LC: 86
Event: Receive	Global Time: 1457813429.5	MsgQueue Length: 1	LC: 87
Event: Internal Event	Global Time: 1457813429.7	LC: 88
Event: Internal Event	Global Time: 1457813429.9	LC: 89
Event: Internal Event	Global Time: 1457813430.1	LC: 90
Event: Send to VM 0	Global Time: 1457813430.3	LC: 91
Event: Internal Event	Global Time: 1457813430.5	LC: 92
Event: Internal Event	Global Time: 1457813430.7	LC: 93
Event: Internal Event	Global Time: 1457813430.9	LC: 94
Event: Internal Event	Global Time: 1457813431.1	LC: 95
Event: Internal Event	Global Time: 1457813431.3	LC: 96
Event: Internal Event	Global Time: 1457813431.5	LC: 97
Event: Receive	Global Time: 1457813431.7	MsgQueue Length: 1	LC: 98
Event: Send to VM 1	Global Time: 1457813431.91	LC: 99
Event: Receive	Global Time: 1457813432.11	MsgQueue Length: 1	LC: 100
Event: Internal Event	Global Time: 1457813432.31	LC: 101
Event: Internal Event	Global Time: 1457813432.51	LC: 102
Event: Send to VM 0	Global Time: 1457813432.71	LC: 103
Event: Internal Event	Global Time: 1457813432.91	LC: 104
Event: Receive	Global Time: 1457813433.11	MsgQueue Length: 1	LC: 105
Event: Internal Event	Global Time: 1457813433.31	LC: 106
Event: Receive	Global Time: 1457813433.51	MsgQueue Length: 1	LC: 107
Event: Send to VM 0	Global Time: 1457813433.71	LC: 108
Event: Send to VMs 0 and 1	Global Time: 1457813433.91	LC: 109
Event: Internal Event	Global Time: 1457813434.11	LC: 110
Event: Internal Event	Global Time: 1457813434.31	LC: 111
Event: Internal Event	Global Time: 1457813434.51	LC: 112
Event: Internal Event	Global Time: 1457813434.71	LC: 113
Event: Receive	Global Time: 1457813434.91	MsgQueue Length: 1	LC: 114
Event: Internal Event	Global Time: 1457813435.11	LC: 115
Event: Internal Event	Global Time: 1457813435.31	LC: 116
Event: Internal Event	Global Time: 1457813435.51	LC: 117
Event: Internal Event	Global Time: 1457813435.71	LC: 118
Event: Send to VM 0	Global Time: 1457813435.91	LC: 119
Event: Internal Event	Global Time: 1457813436.11	LC: 120
Event: Internal Event	Global Time: 1457813436.31	LC: 121
Event: Internal Event	Global Time: 1457813436.51	LC: 122
Event: Internal Event	Global Time: 1457813436.71	LC: 123
Event: Receive	Global Time: 1457813436.92	MsgQueue Length: 1	LC: 124
Event: Internal Event	Global Time: 1457813437.12	LC: 125
Event: Send to VMs 0 and 1	Global Time: 1457813437.32	LC: 126
Event: Internal Event	Global Time: 1457813437.52	LC: 127
Event: Internal Event	Global Time: 1457813437.72	LC: 128
Event: Internal Event	Global Time: 1457813437.92	LC: 129
Event: Receive	Global Time: 1457813438.12	MsgQueue Length: 1	LC: 130
Event: Internal Event	Global Time: 1457813438.32	LC: 131
Event: Internal Event	Global Time: 1457813438.53	LC: 132
Event: Internal Event	Global Time: 1457813438.73	LC: 133
Event: Internal Event	Global Time: 1457813438.93	LC: 134
Event: Receive	Global Time: 1457813439.13	MsgQueue Length: 1	LC: 135
Event: Internal Event	Global Time: 1457813439.33	LC: 136
Event: Receive	Global Time: 1457813439.53	MsgQueue Length: 1	LC: 137
Event: Internal Event	Global Time: 1457813439.73	LC: 138
Event: Internal Event	Global Time: 1457813439.93	LC: 139
Event: Internal Event	Global Time: 1457813440.13	LC: 140
Event: Internal Event	Global Time: 1457813440.33	LC: 141
Event: Send to VM 1	Global Time: 1457813440.53	LC: 142
Event: Receive	Global Time: 1457813440.73	MsgQueue Length: 1	LC: 143
Event: Internal Event	Global Time: 1457813440.93	LC: 144
Event: Internal Event	Global Time: 1457813441.13	LC: 145
Event: Internal Event	Global Time: 1457813441.33	LC: 146
Event: Internal Event	Global Time: 1457813441.53	LC: 147
Event: Receive	Global Time: 1457813441.73	MsgQueue Length: 1	LC: 148
Event: Internal Event	Global Time: 1457813441.93	LC: 149
Event: Send to VM 1	Global Time: 1457813442.13	LC: 150
Event: Internal Event	Global Time: 1457813442.33	LC: 151
Event: Internal Event	Global Time: 1457813442.54	LC: 152
Event: Send to VM 0	Global Time: 1457813442.74	LC: 153
Event: Internal Event	Global Time: 1457813442.94	LC: 154
Event: Receive	Global Time: 1457813443.14	MsgQueue Length: 1	LC: 155
Event: Internal Event	Global Time: 1457813443.34	LC: 156
Event: Internal Event	Global Time: 1457813443.54	LC: 157
Event: Internal Event	Global Time: 1457813443.74	LC: 158
Event: Internal Event	Global Time: 1457813443.94	LC: 159
Event: Send to VM 1	Global Time: 1457813444.14	LC: 160
Event: Internal Event	Global Time: 1457813444.34	LC: 161
Event: Internal Event	Global Time: 1457813444.54	LC: 162
Event: Send to VMs 0 and 1	Global Time: 1457813444.74	LC: 163
Event: Internal Event	Global Time: 1457813444.94	LC: 164
Event: Send to VM 1	Global Time: 1457813445.14	LC: 165
Event: Send to VM 0	Global Time: 1457813445.34	LC: 166
Event: Internal Event	Global Time: 1457813445.54	LC: 167
Event: Internal Event	Global Time: 1457813445.74	LC: 168
Event: Internal Event	Global Time: 1457813445.94	LC: 169
Event: Receive	Global Time: 1457813446.14	MsgQueue Length: 1	LC: 170
Event: Internal Event	Global Time: 1457813446.34	LC: 171
Event: Internal Event	Global Time: 1457813446.54	LC: 172
Event: Internal Event	Global Time: 1457813446.74	LC: 173
Event: Internal Event	Global Time: 1457813446.94	LC: 174
Event: Receive	Global Time: 1457813447.14	MsgQueue Length: 1	LC: 175
Event: Send to VM 0	Global Time: 1457813447.35	LC: 176
Event: Send to VMs 0 and 1	Global Time: 1457813447.55	LC: 177
Event: Internal Event	Global Time: 1457813447.75	LC: 178
Event: Send to VM 1	Global Time: 1457813447.95	LC: 179
Event: Internal Event	Global Time: 1457813448.15	LC: 180
Event: Internal Event	Global Time: 1457813448.35	LC: 181
Event: Send to VM 0	Global Time: 1457813448.55	LC: 182
Event: Internal Event	Global Time: 1457813448.75	LC: 183
Event: Internal Event	Global Time: 1457813448.95	LC: 184
Event: Send to VM 1	Global Time: 1457813449.15	LC: 185
Event: Internal Event	Global Time: 1457813449.35	LC: 186
Event: Send to VM 0	Global Time: 1457813449.55	LC: 187
Event: Internal Event	Global Time: 1457813449.75	LC: 188
Event: Internal Event	Global Time: 1457813449.95	LC: 189
Event: Internal Event	Global Time: 1457813450.15	LC: 190
Event: Internal Event	Global Time: 1457813450.35	LC: 191
Event: Internal Event	Global Time: 1457813450.55	LC: 192
Event: Internal Event	Global Time: 1457813450.75	LC: 193
Event: Internal Event	Global Time: 1457813450.95	LC: 194
Event: Receive	Global Time: 1457813451.15	MsgQueue Length: 1	LC: 195
Event: Internal Event	Global Time: 1457813451.35	LC: 196
Event: Internal Event	Global Time: 1457813451.55	LC: 197
Event: Internal Event	Global Time: 1457813451.76	LC: 198
Event: Internal Event	Global Time: 1457813451.96	LC: 199
