Clock Speed: 1
Event: Internal Event	Global Time: 1457808935.85	LC: 1
Event: Receive	Global Time: 1457808936.85	MsgQueue Length: 1	LC: 4
Event: Receive	Global Time: 1457808937.86	MsgQueue Length: 0	LC: 5
Event: Receive	Global Time: 1457808938.86	MsgQueue Length: 0	LC: 9
Event: Receive	Global Time: 1457808939.86	MsgQueue Length: 0	LC: 14
Event: Receive	Global Time: 1457808940.86	MsgQueue Length: 0	LC: 15
Event: Receive	Global Time: 1457808941.86	MsgQueue Length: 0	LC: 19
Event: Receive	Global Time: 1457808942.86	MsgQueue Length: 0	LC: 21
Event: Receive	Global Time: 1457808943.86	MsgQueue Length: 0	LC: 26
Event: Send to VM 1	Global Time: 1457808944.86	LC: 27
Event: Receive	Global Time: 1457808945.86	MsgQueue Length: 0	LC: 28
Event: Send to VM 1	Global Time: 1457808946.86	LC: 29
Event: Receive	Global Time: 1457808947.87	MsgQueue Length: 0	LC: 38
Event: Internal Event	Global Time: 1457808948.87	LC: 39
Event: Receive	Global Time: 1457808949.87	MsgQueue Length: 0	LC: 43
Event: Receive	Global Time: 1457808950.87	MsgQueue Length: 2	LC: 45
Event: Receive	Global Time: 1457808951.87	MsgQueue Length: 1	LC: 46
Event: Receive	Global Time: 1457808952.87	MsgQueue Length: 0	LC: 47
Event: Receive	Global Time: 1457808953.87	MsgQueue Length: 1	LC: 55
Event: Receive	Global Time: 1457808954.87	MsgQueue Length: 1	LC: 56
Event: Receive	Global Time: 1457808955.87	MsgQueue Length: 0	LC: 58
Event: Send to VM 0	Global Time: 1457808956.87	LC: 59
Event: Receive	Global Time: 1457808957.88	MsgQueue Length: 0	LC: 67
Event: Send to VM 0	Global Time: 1457808958.88	LC: 68
Event: Send to VMs 0 and 1	Global Time: 1457808959.88	LC: 69
Event: Receive	Global Time: 1457808960.88	MsgQueue Length: 1	LC: 77
Event: Receive	Global Time: 1457808961.88	MsgQueue Length: 0	LC: 78
Event: Receive	Global Time: 1457808962.88	MsgQueue Length: 0	LC: 82
Event: Receive	Global Time: 1457808963.88	MsgQueue Length: 1	LC: 85
Event: Receive	Global Time: 1457808964.88	MsgQueue Length: 0	LC: 86
Event: Internal Event	Global Time: 1457808965.88	LC: 87
Event: Receive	Global Time: 1457808966.88	MsgQueue Length: 0	LC: 94
Event: Internal Event	Global Time: 1457808967.89	LC: 95
Event: Internal Event	Global Time: 1457808968.89	LC: 96
Event: Receive	Global Time: 1457808969.89	MsgQueue Length: 0	LC: 97
Event: Internal Event	Global Time: 1457808970.89	LC: 98
Event: Receive	Global Time: 1457808971.89	MsgQueue Length: 0	LC: 104
Event: Send to VMs 0 and 1	Global Time: 1457808972.89	LC: 105
Event: Send to VM 1	Global Time: 1457808973.89	LC: 106
Event: Receive	Global Time: 1457808974.89	MsgQueue Length: 0	LC: 118
Event: Receive	Global Time: 1457808975.89	MsgQueue Length: 2	LC: 120
Event: Receive	Global Time: 1457808976.9	MsgQueue Length: 2	LC: 121
Event: Receive	Global Time: 1457808977.9	MsgQueue Length: 2	LC: 122
Event: Receive	Global Time: 1457808978.9	MsgQueue Length: 2	LC: 125
Event: Receive	Global Time: 1457808979.9	MsgQueue Length: 1	LC: 127
Event: Receive	Global Time: 1457808980.9	MsgQueue Length: 1	LC: 131
Event: Receive	Global Time: 1457808981.9	MsgQueue Length: 1	LC: 135
Event: Receive	Global Time: 1457808982.9	MsgQueue Length: 1	LC: 140
Event: Receive	Global Time: 1457808983.9	MsgQueue Length: 0	LC: 141
Event: Internal Event	Global Time: 1457808984.9	LC: 142
Event: Send to VM 0	Global Time: 1457808985.91	LC: 143
Event: Internal Event	Global Time: 1457808986.91	LC: 144
Event: Receive	Global Time: 1457808987.91	MsgQueue Length: 1	LC: 151
Event: Receive	Global Time: 1457808988.91	MsgQueue Length: 1	LC: 157
Event: Receive	Global Time: 1457808989.91	MsgQueue Length: 1	LC: 160
Event: Receive	Global Time: 1457808990.91	MsgQueue Length: 0	LC: 164
Event: Send to VM 1	Global Time: 1457808991.91	LC: 165
Event: Receive	Global Time: 1457808992.91	MsgQueue Length: 1	LC: 166
Event: Receive	Global Time: 1457808993.91	MsgQueue Length: 1	LC: 173
