Clock Speed: 5
Event: Send to VM 1	Global Time: 1457808695.05	LC: 1
Event: Internal Event	Global Time: 1457808695.25	LC: 2
Event: Receive	Global Time: 1457808695.45	MsgQueue Length: 0	LC: 3
Event: Internal Event	Global Time: 1457808695.65	LC: 4
Event: Internal Event	Global Time: 1457808695.85	LC: 5
Event: Send to VMs 0 and 1	Global Time: 1457808696.05	LC: 6
Event: Send to VMs 0 and 1	Global Time: 1457808696.25	LC: 7
Event: Send to VMs 0 and 1	Global Time: 1457808696.45	LC: 8
Event: Internal Event	Global Time: 1457808696.65	LC: 9
Event: Receive	Global Time: 1457808696.85	MsgQueue Length: 0	LC: 10
Event: Receive	Global Time: 1457808697.05	MsgQueue Length: 0	LC: 11
Event: Receive	Global Time: 1457808697.25	MsgQueue Length: 0	LC: 12
Event: Send to VM 1	Global Time: 1457808697.45	LC: 13
Event: Receive	Global Time: 1457808697.65	MsgQueue Length: 0	LC: 14
Event: Internal Event	Global Time: 1457808697.85	LC: 15
Event: Send to VM 0	Global Time: 1457808698.05	LC: 16
Event: Send to VM 0	Global Time: 1457808698.25	LC: 17
Event: Internal Event	Global Time: 1457808698.45	LC: 18
Event: Internal Event	Global Time: 1457808698.65	LC: 19
Event: Internal Event	Global Time: 1457808698.85	LC: 20
Event: Send to VM 1	Global Time: 1457808699.05	LC: 21
Event: Internal Event	Global Time: 1457808699.25	LC: 22
Event: Send to VM 0	Global Time: 1457808699.45	LC: 23
Event: Receive	Global Time: 1457808699.65	MsgQueue Length: 0	LC: 24
Event: Internal Event	Global Time: 1457808699.86	LC: 25
Event: Internal Event	Global Time: 1457808700.06	LC: 26
Event: Internal Event	Global Time: 1457808700.26	LC: 27
Event: Internal Event	Global Time: 1457808700.46	LC: 28
Event: Internal Event	Global Time: 1457808700.66	LC: 29
Event: Send to VM 1	Global Time: 1457808700.86	LC: 30
Event: Send to VM 0	Global Time: 1457808701.06	LC: 31
Event: Send to VM 1	Global Time: 1457808701.26	LC: 32
Event: Internal Event	Global Time: 1457808701.46	LC: 33
Event: Receive	Global Time: 1457808701.66	MsgQueue Length: 0	LC: 34
Event: Internal Event	Global Time: 1457808701.86	LC: 35
Event: Receive	Global Time: 1457808702.06	MsgQueue Length: 0	LC: 36
Event: Internal Event	Global Time: 1457808702.26	LC: 37
Event: Internal Event	Global Time: 1457808702.46	LC: 38
Event: Send to VM 0	Global Time: 1457808702.66	LC: 39
Event: Send to VM 0	Global Time: 1457808702.86	LC: 40
Event: Internal Event	Global Time: 1457808703.06	LC: 41
Event: Internal Event	Global Time: 1457808703.26	LC: 42
Event: Send to VM 1	Global Time: 1457808703.46	LC: 43
Event: Internal Event	Global Time: 1457808703.66	LC: 44
Event: Send to VMs 0 and 1	Global Time: 1457808703.86	LC: 45
Event: Send to VMs 0 and 1	Global Time: 1457808704.06	LC: 46
Event: Internal Event	Global Time: 1457808704.26	LC: 47
Event: Internal Event	Global Time: 1457808704.46	LC: 48
Event: Receive	Global Time: 1457808704.66	MsgQueue Length: 0	LC: 49
Event: Internal Event	Global Time: 1457808704.86	LC: 50
Event: Receive	Global Time: 1457808705.06	MsgQueue Length: 1	LC: 51
Event: Receive	Global Time: 1457808705.26	MsgQueue Length: 0	LC: 52
Event: Internal Event	Global Time: 1457808705.47	LC: 53
Event: Send to VMs 0 and 1	Global Time: 1457808705.67	LC: 54
Event: Internal Event	Global Time: 1457808705.87	LC: 55
Event: Send to VM 1	Global Time: 1457808706.07	LC: 56
Event: Internal Event	Global Time: 1457808706.27	LC: 57
Event: Receive	Global Time: 1457808706.47	MsgQueue Length: 0	LC: 58
Event: Internal Event	Global Time: 1457808706.67	LC: 59
Event: Receive	Global Time: 1457808706.87	MsgQueue Length: 0	LC: 60
Event: Internal Event	Global Time: 1457808707.07	LC: 61
Event: Send to VM 1	Global Time: 1457808707.27	LC: 62
Event: Internal Event	Global Time: 1457808707.47	LC: 63
Event: Receive	Global Time: 1457808707.67	MsgQueue Length: 0	LC: 64
Event: Send to VM 0	Global Time: 1457808707.87	LC: 65
Event: Send to VM 1	Global Time: 1457808708.07	LC: 66
Event: Internal Event	Global Time: 1457808708.27	LC: 67
Event: Receive	Global Time: 1457808708.47	MsgQueue Length: 0	LC: 68
Event: Send to VM 1	Global Time: 1457808708.67	LC: 69
Event: Receive	Global Time: 1457808708.87	MsgQueue Length: 0	LC: 70
Event: Internal Event	Global Time: 1457808709.07	LC: 71
Event: Internal Event	Global Time: 1457808709.27	LC: 72
Event: Internal Event	Global Time: 1457808709.47	LC: 73
Event: Internal Event	Global Time: 1457808709.67	LC: 74
Event: Internal Event	Global Time: 1457808709.87	LC: 75
Event: Internal Event	Global Time: 1457808710.07	LC: 76
Event: Receive	Global Time: 1457808710.27	MsgQueue Length: 0	LC: 77
Event: Send to VM 1	Global Time: 1457808710.47	LC: 78
Event: Internal Event	Global Time: 1457808710.67	LC: 79
Event: Internal Event	Global Time: 1457808710.87	LC: 80
Event: Internal Event	Global Time: 1457808711.07	LC: 81
Event: Internal Event	Global Time: 1457808711.28	LC: 82
Event: Internal Event	Global Time: 1457808711.48	LC: 83
Event: Internal Event	Global Time: 1457808711.68	LC: 84
Event: Internal Event	Global Time: 1457808711.88	LC: 85
Event: Internal Event	Global Time: 1457808712.08	LC: 86
Event: Internal Event	Global Time: 1457808712.28	LC: 87
Event: Internal Event	Global Time: 1457808712.48	LC: 88
Event: Send to VM 0	Global Time: 1457808712.68	LC: 89
Event: Receive	Global Time: 1457808712.88	MsgQueue Length: 0	LC: 90
Event: Send to VMs 0 and 1	Global Time: 1457808713.08	LC: 91
Event: Internal Event	Global Time: 1457808713.28	LC: 92
Event: Receive	Global Time: 1457808713.48	MsgQueue Length: 0	LC: 93
Event: Send to VM 1	Global Time: 1457808713.68	LC: 94
Event: Receive	Global Time: 1457808713.88	MsgQueue Length: 1	LC: 95
Event: Receive	Global Time: 1457808714.08	MsgQueue Length: 0	LC: 96
Event: Send to VM 1	Global Time: 1457808714.28	LC: 97
Event: Send to VM 1	Global Time: 1457808714.48	LC: 98
Event: Send to VM 0	Global Time: 1457808714.68	LC: 99
Event: Receive	Global Time: 1457808714.88	MsgQueue Length: 0	LC: 100
Event: Internal Event	Global Time: 1457808715.08	LC: 101
Event: Internal Event	Global Time: 1457808715.28	LC: 102
Event: Send to VM 1	Global Time: 1457808715.48	LC: 103
Event: Internal Event	Global Time: 1457808715.68	LC: 104
Event: Internal Event	Global Time: 1457808715.88	LC: 105
Event: Internal Event	Global Time: 1457808716.08	LC: 106
Event: Internal Event	Global Time: 1457808716.28	LC: 107
Event: Internal Event	Global Time: 1457808716.48	LC: 108
Event: Receive	Global Time: 1457808716.69	MsgQueue Length: 0	LC: 109
Event: Receive	Global Time: 1457808716.89	MsgQueue Length: 0	LC: 110
Event: Internal Event	Global Time: 1457808717.09	LC: 111
Event: Internal Event	Global Time: 1457808717.29	LC: 112
Event: Receive	Global Time: 1457808717.49	MsgQueue Length: 0	LC: 113
Event: Send to VMs 0 and 1	Global Time: 1457808717.69	LC: 114
Event: Internal Event	Global Time: 1457808717.89	LC: 115
Event: Send to VMs 0 and 1	Global Time: 1457808718.09	LC: 116
Event: Send to VM 0	Global Time: 1457808718.29	LC: 117
Event: Send to VM 1	Global Time: 1457808718.49	LC: 118
Event: Internal Event	Global Time: 1457808718.69	LC: 119
Event: Receive	Global Time: 1457808718.89	MsgQueue Length: 0	LC: 120
Event: Internal Event	Global Time: 1457808719.09	LC: 121
Event: Internal Event	Global Time: 1457808719.29	LC: 122
Event: Send to VMs 0 and 1	Global Time: 1457808719.49	LC: 123
Event: Internal Event	Global Time: 1457808719.69	LC: 124
Event: Internal Event	Global Time: 1457808719.89	LC: 125
Event: Send to VM 0	Global Time: 1457808720.09	LC: 126
Event: Internal Event	Global Time: 1457808720.29	LC: 127
Event: Internal Event	Global Time: 1457808720.49	LC: 128
Event: Receive	Global Time: 1457808720.69	MsgQueue Length: 0	LC: 129
Event: Internal Event	Global Time: 1457808720.89	LC: 130
Event: Send to VM 1	Global Time: 1457808721.09	LC: 131
Event: Internal Event	Global Time: 1457808721.29	LC: 132
Event: Internal Event	Global Time: 1457808721.49	LC: 133
Event: Internal Event	Global Time: 1457808721.69	LC: 134
Event: Receive	Global Time: 1457808721.89	MsgQueue Length: 0	LC: 135
Event: Internal Event	Global Time: 1457808722.1	LC: 136
Event: Internal Event	Global Time: 1457808722.3	LC: 137
Event: Receive	Global Time: 1457808722.5	MsgQueue Length: 0	LC: 138
Event: Internal Event	Global Time: 1457808722.7	LC: 139
Event: Receive	Global Time: 1457808722.9	MsgQueue Length: 1	LC: 140
Event: Receive	Global Time: 1457808723.1	MsgQueue Length: 0	LC: 141
Event: Internal Event	Global Time: 1457808723.3	LC: 142
Event: Internal Event	Global Time: 1457808723.5	LC: 143
Event: Send to VM 1	Global Time: 1457808723.7	LC: 144
Event: Internal Event	Global Time: 1457808723.9	LC: 145
Event: Internal Event	Global Time: 1457808724.1	LC: 146
Event: Internal Event	Global Time: 1457808724.3	LC: 147
Event: Internal Event	Global Time: 1457808724.5	LC: 148
Event: Send to VM 0	Global Time: 1457808724.7	LC: 149
Event: Internal Event	Global Time: 1457808724.9	LC: 150
Event: Internal Event	Global Time: 1457808725.1	LC: 151
Event: Internal Event	Global Time: 1457808725.3	LC: 152
Event: Internal Event	Global Time: 1457808725.5	LC: 153
Event: Internal Event	Global Time: 1457808725.7	LC: 154
Event: Receive	Global Time: 1457808725.9	MsgQueue Length: 0	LC: 155
Event: Internal Event	Global Time: 1457808726.1	LC: 156
Event: Internal Event	Global Time: 1457808726.3	LC: 157
Event: Send to VM 0	Global Time: 1457808726.5	LC: 158
Event: Internal Event	Global Time: 1457808726.7	LC: 159
Event: Internal Event	Global Time: 1457808726.9	LC: 160
Event: Send to VM 0	Global Time: 1457808727.1	LC: 161
Event: Internal Event	Global Time: 1457808727.3	LC: 162
Event: Receive	Global Time: 1457808727.51	MsgQueue Length: 0	LC: 163
Event: Internal Event	Global Time: 1457808727.71	LC: 164
Event: Internal Event	Global Time: 1457808727.91	LC: 165
Event: Internal Event	Global Time: 1457808728.11	LC: 166
Event: Internal Event	Global Time: 1457808728.31	LC: 167
Event: Internal Event	Global Time: 1457808728.51	LC: 168
Event: Internal Event	Global Time: 1457808728.71	LC: 169
Event: Internal Event	Global Time: 1457808728.91	LC: 170
Event: Internal Event	Global Time: 1457808729.11	LC: 171
Event: Internal Event	Global Time: 1457808729.31	LC: 172
Event: Receive	Global Time: 1457808729.51	MsgQueue Length: 0	LC: 173
Event: Internal Event	Global Time: 1457808729.71	LC: 174
Event: Receive	Global Time: 1457808729.91	MsgQueue Length: 0	LC: 175
Event: Send to VMs 0 and 1	Global Time: 1457808730.11	LC: 176
Event: Internal Event	Global Time: 1457808730.31	LC: 177
Event: Send to VMs 0 and 1	Global Time: 1457808730.51	LC: 178
Event: Internal Event	Global Time: 1457808730.71	LC: 179
Event: Internal Event	Global Time: 1457808730.91	LC: 180
Event: Internal Event	Global Time: 1457808731.11	LC: 181
Event: Send to VM 0	Global Time: 1457808731.31	LC: 182
Event: Internal Event	Global Time: 1457808731.51	LC: 183
Event: Internal Event	Global Time: 1457808731.71	LC: 184
Event: Receive	Global Time: 1457808731.91	MsgQueue Length: 0	LC: 185
Event: Send to VMs 0 and 1	Global Time: 1457808732.11	LC: 186
Event: Receive	Global Time: 1457808732.31	MsgQueue Length: 0	LC: 187
Event: Internal Event	Global Time: 1457808732.51	LC: 188
Event: Send to VM 1	Global Time: 1457808732.71	LC: 189
Event: Receive	Global Time: 1457808732.92	MsgQueue Length: 0	LC: 190
Event: Send to VM 0	Global Time: 1457808733.12	LC: 191
Event: Receive	Global Time: 1457808733.32	MsgQueue Length: 0	LC: 192
Event: Send to VMs 0 and 1	Global Time: 1457808733.52	LC: 193
Event: Internal Event	Global Time: 1457808733.72	LC: 194
Event: Send to VM 1	Global Time: 1457808733.92	LC: 195
Event: Send to VM 0	Global Time: 1457808734.12	LC: 196
Event: Internal Event	Global Time: 1457808734.32	LC: 197
Event: Internal Event	Global Time: 1457808734.52	LC: 198
Event: Internal Event	Global Time: 1457808734.72	LC: 199
Event: Internal Event	Global Time: 1457808734.92	LC: 200
Event: Internal Event	Global Time: 1457808735.12	LC: 201
Event: Internal Event	Global Time: 1457808735.32	LC: 202
Event: Internal Event	Global Time: 1457808735.52	LC: 203
Event: Internal Event	Global Time: 1457808735.72	LC: 204
Event: Internal Event	Global Time: 1457808735.92	LC: 205
Event: Internal Event	Global Time: 1457808736.12	LC: 206
Event: Internal Event	Global Time: 1457808736.32	LC: 207
Event: Internal Event	Global Time: 1457808736.52	LC: 208
Event: Internal Event	Global Time: 1457808736.72	LC: 209
Event: Receive	Global Time: 1457808736.92	MsgQueue Length: 0	LC: 210
Event: Internal Event	Global Time: 1457808737.12	LC: 211
Event: Send to VM 0	Global Time: 1457808737.32	LC: 212
Event: Internal Event	Global Time: 1457808737.52	LC: 213
Event: Internal Event	Global Time: 1457808737.72	LC: 214
Event: Internal Event	Global Time: 1457808737.93	LC: 215
Event: Internal Event	Global Time: 1457808738.13	LC: 216
Event: Send to VM 1	Global Time: 1457808738.33	LC: 217
Event: Receive	Global Time: 1457808738.53	MsgQueue Length: 0	LC: 218
Event: Internal Event	Global Time: 1457808738.73	LC: 219
Event: Send to VM 0	Global Time: 1457808738.93	LC: 220
Event: Internal Event	Global Time: 1457808739.13	LC: 221
Event: Internal Event	Global Time: 1457808739.33	LC: 222
Event: Internal Event	Global Time: 1457808739.53	LC: 223
Event: Internal Event	Global Time: 1457808739.73	LC: 224
Event: Internal Event	Global Time: 1457808739.93	LC: 225
Event: Send to VM 0	Global Time: 1457808740.13	LC: 226
Event: Internal Event	Global Time: 1457808740.33	LC: 227
Event: Internal Event	Global Time: 1457808740.53	LC: 228
Event: Internal Event	Global Time: 1457808740.73	LC: 229
Event: Send to VMs 0 and 1	Global Time: 1457808740.93	LC: 230
Event: Internal Event	Global Time: 1457808741.13	LC: 231
Event: Internal Event	Global Time: 1457808741.33	LC: 232
Event: Receive	Global Time: 1457808741.53	MsgQueue Length: 0	LC: 233
Event: Internal Event	Global Time: 1457808741.73	LC: 234
Event: Internal Event	Global Time: 1457808741.93	LC: 235
Event: Send to VM 0	Global Time: 1457808742.13	LC: 236
Event: Send to VMs 0 and 1	Global Time: 1457808742.33	LC: 237
Event: Send to VM 1	Global Time: 1457808742.53	LC: 238
Event: Internal Event	Global Time: 1457808742.73	LC: 239
Event: Send to VM 0	Global Time: 1457808742.93	LC: 240
Event: Receive	Global Time: 1457808743.14	MsgQueue Length: 0	LC: 241
Event: Send to VM 0	Global Time: 1457808743.34	LC: 242
Event: Receive	Global Time: 1457808743.54	MsgQueue Length: 0	LC: 243
Event: Internal Event	Global Time: 1457808743.74	LC: 244
Event: Internal Event	Global Time: 1457808743.94	LC: 245
Event: Internal Event	Global Time: 1457808744.14	LC: 246
Event: Internal Event	Global Time: 1457808744.34	LC: 247
Event: Internal Event	Global Time: 1457808744.54	LC: 248
Event: Internal Event	Global Time: 1457808744.74	LC: 249
Event: Internal Event	Global Time: 1457808744.94	LC: 250
Event: Internal Event	Global Time: 1457808745.14	LC: 251
Event: Send to VM 1	Global Time: 1457808745.34	LC: 252
Event: Internal Event	Global Time: 1457808745.54	LC: 253
Event: Internal Event	Global Time: 1457808745.74	LC: 254
Event: Receive	Global Time: 1457808745.94	MsgQueue Length: 0	LC: 255
Event: Send to VMs 0 and 1	Global Time: 1457808746.14	LC: 256
Event: Internal Event	Global Time: 1457808746.34	LC: 257
Event: Send to VM 1	Global Time: 1457808746.54	LC: 258
Event: Receive	Global Time: 1457808746.74	MsgQueue Length: 0	LC: 259
Event: Internal Event	Global Time: 1457808746.94	LC: 260
Event: Receive	Global Time: 1457808747.14	MsgQueue Length: 0	LC: 261
Event: Internal Event	Global Time: 1457808747.34	LC: 262
Event: Internal Event	Global Time: 1457808747.54	LC: 263
Event: Internal Event	Global Time: 1457808747.74	LC: 264
Event: Internal Event	Global Time: 1457808747.94	LC: 265
Event: Internal Event	Global Time: 1457808748.15	LC: 266
Event: Send to VM 1	Global Time: 1457808748.35	LC: 267
Event: Send to VM 0	Global Time: 1457808748.55	LC: 268
Event: Internal Event	Global Time: 1457808748.75	LC: 269
Event: Receive	Global Time: 1457808748.95	MsgQueue Length: 1	LC: 270
Event: Receive	Global Time: 1457808749.15	MsgQueue Length: 0	LC: 271
Event: Internal Event	Global Time: 1457808749.35	LC: 272
Event: Send to VM 1	Global Time: 1457808749.55	LC: 273
Event: Receive	Global Time: 1457808749.75	MsgQueue Length: 0	LC: 274
Event: Send to VM 0	Global Time: 1457808749.95	LC: 275
Event: Internal Event	Global Time: 1457808750.15	LC: 276
Event: Internal Event	Global Time: 1457808750.35	LC: 277
Event: Send to VM 0	Global Time: 1457808750.55	LC: 278
Event: Internal Event	Global Time: 1457808750.75	LC: 279
Event: Internal Event	Global Time: 1457808750.95	LC: 280
Event: Internal Event	Global Time: 1457808751.15	LC: 281
Event: Send to VM 1	Global Time: 1457808751.35	LC: 282
Event: Internal Event	Global Time: 1457808751.55	LC: 283
Event: Internal Event	Global Time: 1457808751.75	LC: 284
Event: Send to VMs 0 and 1	Global Time: 1457808751.95	LC: 285
Event: Receive	Global Time: 1457808752.15	MsgQueue Length: 0	LC: 286
Event: Internal Event	Global Time: 1457808752.35	LC: 287
Event: Send to VM 0	Global Time: 1457808752.55	LC: 288
Event: Internal Event	Global Time: 1457808752.75	LC: 289
Event: Internal Event	Global Time: 1457808752.95	LC: 290
Event: Receive	Global Time: 1457808753.15	MsgQueue Length: 0	LC: 291
Event: Internal Event	Global Time: 1457808753.35	LC: 292
Event: Internal Event	Global Time: 1457808753.55	LC: 293
Event: Internal Event	Global Time: 1457808753.76	LC: 294
Event: Send to VMs 0 and 1	Global Time: 1457808753.96	LC: 295
Event: Internal Event	Global Time: 1457808754.16	LC: 296
Event: Internal Event	Global Time: 1457808754.36	LC: 297
Event: Internal Event	Global Time: 1457808754.56	LC: 298
Event: Internal Event	Global Time: 1457808754.76	LC: 299
