Clock Speed: 1
Event: Receive	Global Time: 1457813613.1	MsgQueue Length: 2	LC: 1
Event: Receive	Global Time: 1457813614.1	MsgQueue Length: 2	LC: 2
Event: Receive	Global Time: 1457813615.1	MsgQueue Length: 2	LC: 4
Event: Receive	Global Time: 1457813616.1	MsgQueue Length: 1	LC: 5
Event: Receive	Global Time: 1457813617.1	MsgQueue Length: 3	LC: 9
Event: Receive	Global Time: 1457813618.1	MsgQueue Length: 3	LC: 10
Event: Receive	Global Time: 1457813619.1	MsgQueue Length: 3	LC: 11
Event: Receive	Global Time: 1457813620.11	MsgQueue Length: 3	LC: 12
Event: Receive	Global Time: 1457813621.11	MsgQueue Length: 2	LC: 13
Event: Receive	Global Time: 1457813622.11	MsgQueue Length: 1	LC: 15
Event: Receive	Global Time: 1457813623.11	MsgQueue Length: 2	LC: 20
Event: Receive	Global Time: 1457813624.11	MsgQueue Length: 1	LC: 21
Event: Receive	Global Time: 1457813625.11	MsgQueue Length: 1	LC: 25
Event: Receive	Global Time: 1457813626.11	MsgQueue Length: 2	LC: 26
Event: Receive	Global Time: 1457813627.11	MsgQueue Length: 2	LC: 27
Event: Receive	Global Time: 1457813628.11	MsgQueue Length: 2	LC: 28
Event: Receive	Global Time: 1457813629.11	MsgQueue Length: 2	LC: 31
Event: Receive	Global Time: 1457813630.12	MsgQueue Length: 2	LC: 33
Event: Receive	Global Time: 1457813631.12	MsgQueue Length: 1	LC: 34
Event: Receive	Global Time: 1457813632.12	MsgQueue Length: 1	LC: 38
Event: Receive	Global Time: 1457813633.12	MsgQueue Length: 2	LC: 41
Event: Receive	Global Time: 1457813634.12	MsgQueue Length: 2	LC: 42
Event: Receive	Global Time: 1457813635.12	MsgQueue Length: 1	LC: 43
Event: Receive	Global Time: 1457813636.12	MsgQueue Length: 1	LC: 47
Event: Internal Event	Global Time: 1457813637.12	LC: 48
Event: Send to VMs 0 and 1	Global Time: 1457813638.13	LC: 49
Event: Receive	Global Time: 1457813639.13	MsgQueue Length: 1	LC: 53
Event: Internal Event	Global Time: 1457813640.13	LC: 54
Event: Receive	Global Time: 1457813641.13	MsgQueue Length: 1	LC: 57
Event: Receive	Global Time: 1457813642.13	MsgQueue Length: 1	LC: 58
Event: Receive	Global Time: 1457813643.13	MsgQueue Length: 1	LC: 60
Event: Internal Event	Global Time: 1457813644.13	LC: 61
Event: Send to VM 0	Global Time: 1457813645.13	LC: 62
Event: Receive	Global Time: 1457813646.13	MsgQueue Length: 2	LC: 66
Event: Receive	Global Time: 1457813647.13	MsgQueue Length: 1	LC: 67
Event: Receive	Global Time: 1457813648.13	MsgQueue Length: 1	LC: 71
Event: Receive	Global Time: 1457813649.14	MsgQueue Length: 1	LC: 73
Event: Receive	Global Time: 1457813650.14	MsgQueue Length: 1	LC: 74
Event: Receive	Global Time: 1457813651.14	MsgQueue Length: 1	LC: 77
